2019-10-16 15:55:29,093 INFO org.springframework.boot.StartupInfoLogger [main] Starting MovieInfoServiceApplicationTests on localhost.localdomain with PID 8592 (started by dhiego in /home/dhiego/Drive/Developer/Claro/Microservices/Claro_Poc/Movel/Integracao/POC/movie-info-service-dev/movie-info-service)
2019-10-16 15:55:29,097 INFO org.springframework.boot.SpringApplication [main] No active profile set, falling back to default profiles: default
2019-10-16 15:55:29,406 DEBUG org.springframework.context.support.AbstractApplicationContext [main] Refreshing org.springframework.web.context.support.GenericWebApplicationContext@1caa0244
2019-10-16 15:55:31,294 DEBUG org.springframework.web.servlet.handler.SimpleUrlHandlerMapping [main] Patterns [/**/favicon.ico] in 'faviconHandlerMapping'
2019-10-16 15:55:31,599 INFO org.springframework.scheduling.concurrent.ExecutorConfigurationSupport [main] Initializing ExecutorService 'applicationTaskExecutor'
2019-10-16 15:55:31,680 DEBUG org.springframework.web.servlet.mvc.method.annotation.RequestMappingHandlerAdapter [main] ControllerAdvice beans: 0 @ModelAttribute, 0 @InitBinder, 1 RequestBodyAdvice, 1 ResponseBodyAdvice
2019-10-16 15:55:31,755 DEBUG org.springframework.web.servlet.handler.AbstractHandlerMethodMapping [main] 3 mappings in 'requestMappingHandlerMapping'
2019-10-16 15:55:31,775 DEBUG org.springframework.web.servlet.handler.SimpleUrlHandlerMapping [main] Patterns [/webjars/**, /**] in 'resourceHandlerMapping'
2019-10-16 15:55:31,788 DEBUG org.springframework.web.servlet.mvc.method.annotation.ExceptionHandlerExceptionResolver [main] ControllerAdvice beans: 0 @ExceptionHandler, 1 ResponseBodyAdvice
2019-10-16 15:55:32,337 INFO org.springframework.boot.actuate.endpoint.web.EndpointLinksResolver [main] Exposing 2 endpoint(s) beneath base path '/actuator'
2019-10-16 15:55:32,389 INFO org.springframework.boot.StartupInfoLogger [main] Started MovieInfoServiceApplicationTests in 4.025 seconds (JVM running for 5.105)
2019-10-16 15:55:32,675 DEBUG org.springframework.context.support.AbstractApplicationContext [Thread-2] Closing org.springframework.web.context.support.GenericWebApplicationContext@1caa0244, started on Wed Oct 16 15:55:29 BRT 2019
2019-10-16 15:55:32,679 INFO org.springframework.scheduling.concurrent.ExecutorConfigurationSupport [Thread-2] Shutting down ExecutorService 'applicationTaskExecutor'
2019-10-16 15:58:20,758 INFO org.springframework.boot.StartupInfoLogger [main] Starting MovieInfoServiceApplicationTests on localhost.localdomain with PID 8959 (started by dhiego in /home/dhiego/Drive/Developer/Claro/Microservices/Claro_Poc/Movel/Integracao/POC/movie-info-service-dev/movie-info-service)
2019-10-16 15:58:20,761 INFO org.springframework.boot.SpringApplication [main] No active profile set, falling back to default profiles: default
2019-10-16 15:58:20,819 DEBUG org.springframework.context.support.AbstractApplicationContext [main] Refreshing org.springframework.web.context.support.GenericWebApplicationContext@7ce026d3
2019-10-16 15:58:22,188 DEBUG org.springframework.web.servlet.handler.SimpleUrlHandlerMapping [main] Patterns [/**/favicon.ico] in 'faviconHandlerMapping'
2019-10-16 15:58:22,466 INFO org.springframework.scheduling.concurrent.ExecutorConfigurationSupport [main] Initializing ExecutorService 'applicationTaskExecutor'
2019-10-16 15:58:22,483 DEBUG org.springframework.web.servlet.mvc.method.annotation.RequestMappingHandlerAdapter [main] ControllerAdvice beans: 0 @ModelAttribute, 0 @InitBinder, 1 RequestBodyAdvice, 1 ResponseBodyAdvice
2019-10-16 15:58:22,633 DEBUG org.springframework.web.servlet.handler.AbstractHandlerMethodMapping [main] 3 mappings in 'requestMappingHandlerMapping'
2019-10-16 15:58:22,683 DEBUG org.springframework.web.servlet.handler.SimpleUrlHandlerMapping [main] Patterns [/webjars/**, /**] in 'resourceHandlerMapping'
2019-10-16 15:58:22,726 DEBUG org.springframework.web.servlet.mvc.method.annotation.ExceptionHandlerExceptionResolver [main] ControllerAdvice beans: 0 @ExceptionHandler, 1 ResponseBodyAdvice
2019-10-16 15:58:23,453 INFO org.springframework.boot.actuate.endpoint.web.EndpointLinksResolver [main] Exposing 2 endpoint(s) beneath base path '/actuator'
2019-10-16 15:58:23,513 INFO org.springframework.boot.StartupInfoLogger [main] Started MovieInfoServiceApplicationTests in 3.065 seconds (JVM running for 3.668)
2019-10-16 15:58:23,674 DEBUG org.springframework.context.support.AbstractApplicationContext [Thread-2] Closing org.springframework.web.context.support.GenericWebApplicationContext@7ce026d3, started on Wed Oct 16 15:58:20 BRT 2019
2019-10-16 15:58:23,680 INFO org.springframework.scheduling.concurrent.ExecutorConfigurationSupport [Thread-2] Shutting down ExecutorService 'applicationTaskExecutor'
2019-10-16 15:59:50,275 INFO org.springframework.boot.StartupInfoLogger [main] Starting MovieInfoServiceApplicationTests on localhost.localdomain with PID 9282 (started by dhiego in /home/dhiego/Drive/Developer/Claro/Microservices/Claro_Poc/Movel/Integracao/POC/movie-info-service-dev/movie-info-service)
2019-10-16 15:59:50,278 INFO org.springframework.boot.SpringApplication [main] No active profile set, falling back to default profiles: default
2019-10-16 15:59:50,337 DEBUG org.springframework.context.support.AbstractApplicationContext [main] Refreshing org.springframework.web.context.support.GenericWebApplicationContext@7ce026d3
2019-10-16 15:59:51,787 DEBUG org.springframework.web.servlet.handler.SimpleUrlHandlerMapping [main] Patterns [/**/favicon.ico] in 'faviconHandlerMapping'
2019-10-16 15:59:52,118 INFO org.springframework.scheduling.concurrent.ExecutorConfigurationSupport [main] Initializing ExecutorService 'applicationTaskExecutor'
2019-10-16 15:59:52,136 DEBUG org.springframework.web.servlet.mvc.method.annotation.RequestMappingHandlerAdapter [main] ControllerAdvice beans: 0 @ModelAttribute, 0 @InitBinder, 1 RequestBodyAdvice, 1 ResponseBodyAdvice
2019-10-16 15:59:52,266 DEBUG org.springframework.web.servlet.handler.AbstractHandlerMethodMapping [main] 3 mappings in 'requestMappingHandlerMapping'
2019-10-16 15:59:52,288 DEBUG org.springframework.web.servlet.handler.SimpleUrlHandlerMapping [main] Patterns [/webjars/**, /**] in 'resourceHandlerMapping'
2019-10-16 15:59:52,302 DEBUG org.springframework.web.servlet.mvc.method.annotation.ExceptionHandlerExceptionResolver [main] ControllerAdvice beans: 0 @ExceptionHandler, 1 ResponseBodyAdvice
2019-10-16 15:59:52,874 INFO org.springframework.boot.actuate.endpoint.web.EndpointLinksResolver [main] Exposing 2 endpoint(s) beneath base path '/actuator'
2019-10-16 15:59:52,936 INFO org.springframework.boot.StartupInfoLogger [main] Started MovieInfoServiceApplicationTests in 2.972 seconds (JVM running for 3.64)
2019-10-16 15:59:53,094 DEBUG org.springframework.context.support.AbstractApplicationContext [Thread-2] Closing org.springframework.web.context.support.GenericWebApplicationContext@7ce026d3, started on Wed Oct 16 15:59:50 BRT 2019
2019-10-16 15:59:53,098 INFO org.springframework.scheduling.concurrent.ExecutorConfigurationSupport [Thread-2] Shutting down ExecutorService 'applicationTaskExecutor'
2019-10-16 16:07:14,936 INFO org.springframework.boot.StartupInfoLogger [main] Starting MovieInfoServiceApplicationTests on localhost.localdomain with PID 10199 (started by dhiego in /home/dhiego/Drive/Developer/Claro/Microservices/Claro_Poc/Movel/Integracao/POC/movie-info-service-dev/movie-info-service)
2019-10-16 16:07:14,939 INFO org.springframework.boot.SpringApplication [main] No active profile set, falling back to default profiles: default
2019-10-16 16:07:15,004 DEBUG org.springframework.context.support.AbstractApplicationContext [main] Refreshing org.springframework.web.context.support.GenericWebApplicationContext@7ce026d3
2019-10-16 16:07:16,334 DEBUG org.springframework.web.servlet.handler.SimpleUrlHandlerMapping [main] Patterns [/**/favicon.ico] in 'faviconHandlerMapping'
2019-10-16 16:07:16,637 INFO org.springframework.scheduling.concurrent.ExecutorConfigurationSupport [main] Initializing ExecutorService 'applicationTaskExecutor'
2019-10-16 16:07:16,656 DEBUG org.springframework.web.servlet.mvc.method.annotation.RequestMappingHandlerAdapter [main] ControllerAdvice beans: 0 @ModelAttribute, 0 @InitBinder, 1 RequestBodyAdvice, 1 ResponseBodyAdvice
2019-10-16 16:07:16,807 DEBUG org.springframework.web.servlet.handler.AbstractHandlerMethodMapping [main] 3 mappings in 'requestMappingHandlerMapping'
2019-10-16 16:07:16,828 DEBUG org.springframework.web.servlet.handler.SimpleUrlHandlerMapping [main] Patterns [/webjars/**, /**] in 'resourceHandlerMapping'
2019-10-16 16:07:16,842 DEBUG org.springframework.web.servlet.mvc.method.annotation.ExceptionHandlerExceptionResolver [main] ControllerAdvice beans: 0 @ExceptionHandler, 1 ResponseBodyAdvice
2019-10-16 16:07:17,410 INFO org.springframework.boot.actuate.endpoint.web.EndpointLinksResolver [main] Exposing 2 endpoint(s) beneath base path '/actuator'
2019-10-16 16:07:17,472 INFO org.springframework.boot.StartupInfoLogger [main] Started MovieInfoServiceApplicationTests in 2.847 seconds (JVM running for 3.459)
2019-10-16 16:07:17,651 DEBUG org.springframework.context.support.AbstractApplicationContext [Thread-2] Closing org.springframework.web.context.support.GenericWebApplicationContext@7ce026d3, started on Wed Oct 16 16:07:15 BRT 2019
2019-10-16 16:07:17,664 INFO org.springframework.scheduling.concurrent.ExecutorConfigurationSupport [Thread-2] Shutting down ExecutorService 'applicationTaskExecutor'
2019-10-16 16:08:25,813 INFO org.springframework.boot.StartupInfoLogger [main] Starting MovieInfoServiceApplicationTests on localhost.localdomain with PID 10537 (started by dhiego in /home/dhiego/Drive/Developer/Claro/Microservices/Claro_Poc/Movel/Integracao/POC/movie-info-service-dev/movie-info-service)
2019-10-16 16:08:25,816 INFO org.springframework.boot.SpringApplication [main] No active profile set, falling back to default profiles: default
2019-10-16 16:08:25,886 DEBUG org.springframework.context.support.AbstractApplicationContext [main] Refreshing org.springframework.web.context.support.GenericWebApplicationContext@7ce026d3
2019-10-16 16:08:27,175 DEBUG org.springframework.web.servlet.handler.SimpleUrlHandlerMapping [main] Patterns [/**/favicon.ico] in 'faviconHandlerMapping'
2019-10-16 16:08:27,452 INFO org.springframework.scheduling.concurrent.ExecutorConfigurationSupport [main] Initializing ExecutorService 'applicationTaskExecutor'
2019-10-16 16:08:27,466 DEBUG org.springframework.web.servlet.mvc.method.annotation.RequestMappingHandlerAdapter [main] ControllerAdvice beans: 0 @ModelAttribute, 0 @InitBinder, 1 RequestBodyAdvice, 1 ResponseBodyAdvice
2019-10-16 16:08:27,597 DEBUG org.springframework.web.servlet.handler.AbstractHandlerMethodMapping [main] 3 mappings in 'requestMappingHandlerMapping'
2019-10-16 16:08:27,623 DEBUG org.springframework.web.servlet.handler.SimpleUrlHandlerMapping [main] Patterns [/webjars/**, /**] in 'resourceHandlerMapping'
2019-10-16 16:08:27,636 DEBUG org.springframework.web.servlet.mvc.method.annotation.ExceptionHandlerExceptionResolver [main] ControllerAdvice beans: 0 @ExceptionHandler, 1 ResponseBodyAdvice
2019-10-16 16:08:28,201 INFO org.springframework.boot.actuate.endpoint.web.EndpointLinksResolver [main] Exposing 2 endpoint(s) beneath base path '/actuator'
2019-10-16 16:08:28,265 INFO org.springframework.boot.StartupInfoLogger [main] Started MovieInfoServiceApplicationTests in 2.763 seconds (JVM running for 3.398)
2019-10-16 16:08:28,429 DEBUG org.springframework.context.support.AbstractApplicationContext [Thread-2] Closing org.springframework.web.context.support.GenericWebApplicationContext@7ce026d3, started on Wed Oct 16 16:08:25 BRT 2019
2019-10-16 16:08:28,433 INFO org.springframework.scheduling.concurrent.ExecutorConfigurationSupport [Thread-2] Shutting down ExecutorService 'applicationTaskExecutor'
2019-10-16 16:11:56,020 INFO org.springframework.boot.StartupInfoLogger [main] Starting MovieInfoServiceApplicationTests on localhost.localdomain with PID 11066 (started by dhiego in /home/dhiego/Drive/Developer/Claro/Microservices/Claro_Poc/Movel/Integracao/POC/movie-info-service-dev/movie-info-service)
2019-10-16 16:11:56,027 INFO org.springframework.boot.SpringApplication [main] No active profile set, falling back to default profiles: default
2019-10-16 16:11:56,066 DEBUG org.springframework.context.support.AbstractApplicationContext [main] Refreshing org.springframework.web.context.support.GenericWebApplicationContext@1caa0244
2019-10-16 16:11:57,518 DEBUG org.springframework.web.servlet.handler.SimpleUrlHandlerMapping [main] Patterns [/**/favicon.ico] in 'faviconHandlerMapping'
2019-10-16 16:11:57,843 INFO org.springframework.scheduling.concurrent.ExecutorConfigurationSupport [main] Initializing ExecutorService 'applicationTaskExecutor'
2019-10-16 16:11:57,864 DEBUG org.springframework.web.servlet.mvc.method.annotation.RequestMappingHandlerAdapter [main] ControllerAdvice beans: 0 @ModelAttribute, 0 @InitBinder, 1 RequestBodyAdvice, 1 ResponseBodyAdvice
2019-10-16 16:11:58,004 DEBUG org.springframework.web.servlet.handler.AbstractHandlerMethodMapping [main] 3 mappings in 'requestMappingHandlerMapping'
2019-10-16 16:11:58,031 DEBUG org.springframework.web.servlet.handler.SimpleUrlHandlerMapping [main] Patterns [/webjars/**, /**] in 'resourceHandlerMapping'
2019-10-16 16:11:58,048 DEBUG org.springframework.web.servlet.mvc.method.annotation.ExceptionHandlerExceptionResolver [main] ControllerAdvice beans: 0 @ExceptionHandler, 1 ResponseBodyAdvice
2019-10-16 16:11:58,540 INFO org.springframework.boot.actuate.endpoint.web.EndpointLinksResolver [main] Exposing 2 endpoint(s) beneath base path '/actuator'
2019-10-16 16:11:58,598 INFO org.springframework.boot.StartupInfoLogger [main] Started MovieInfoServiceApplicationTests in 2.921 seconds (JVM running for 3.568)
2019-10-16 16:11:58,772 DEBUG org.springframework.context.support.AbstractApplicationContext [Thread-2] Closing org.springframework.web.context.support.GenericWebApplicationContext@1caa0244, started on Wed Oct 16 16:11:56 BRT 2019
2019-10-16 16:11:58,776 INFO org.springframework.scheduling.concurrent.ExecutorConfigurationSupport [Thread-2] Shutting down ExecutorService 'applicationTaskExecutor'
2019-10-16 16:14:14,542 INFO org.springframework.boot.StartupInfoLogger [main] Starting MovieInfoServiceApplicationTests on localhost.localdomain with PID 11458 (started by dhiego in /home/dhiego/Drive/Developer/Claro/Microservices/Claro_Poc/Movel/Integracao/POC/movie-info-service-dev/movie-info-service)
2019-10-16 16:14:14,547 INFO org.springframework.boot.SpringApplication [main] No active profile set, falling back to default profiles: default
2019-10-16 16:14:14,614 DEBUG org.springframework.context.support.AbstractApplicationContext [main] Refreshing org.springframework.web.context.support.GenericWebApplicationContext@7ce026d3
2019-10-16 16:14:15,926 DEBUG org.springframework.web.servlet.handler.SimpleUrlHandlerMapping [main] Patterns [/**/favicon.ico] in 'faviconHandlerMapping'
2019-10-16 16:14:16,249 INFO org.springframework.scheduling.concurrent.ExecutorConfigurationSupport [main] Initializing ExecutorService 'applicationTaskExecutor'
2019-10-16 16:14:16,266 DEBUG org.springframework.web.servlet.mvc.method.annotation.RequestMappingHandlerAdapter [main] ControllerAdvice beans: 0 @ModelAttribute, 0 @InitBinder, 1 RequestBodyAdvice, 1 ResponseBodyAdvice
2019-10-16 16:14:16,413 DEBUG org.springframework.web.servlet.handler.AbstractHandlerMethodMapping [main] 3 mappings in 'requestMappingHandlerMapping'
2019-10-16 16:14:16,433 DEBUG org.springframework.web.servlet.handler.SimpleUrlHandlerMapping [main] Patterns [/webjars/**, /**] in 'resourceHandlerMapping'
2019-10-16 16:14:16,448 DEBUG org.springframework.web.servlet.mvc.method.annotation.ExceptionHandlerExceptionResolver [main] ControllerAdvice beans: 0 @ExceptionHandler, 1 ResponseBodyAdvice
2019-10-16 16:14:17,003 INFO org.springframework.boot.actuate.endpoint.web.EndpointLinksResolver [main] Exposing 2 endpoint(s) beneath base path '/actuator'
2019-10-16 16:14:17,073 INFO org.springframework.boot.StartupInfoLogger [main] Started MovieInfoServiceApplicationTests in 2.827 seconds (JVM running for 3.428)
2019-10-16 16:14:17,230 DEBUG org.springframework.context.support.AbstractApplicationContext [Thread-2] Closing org.springframework.web.context.support.GenericWebApplicationContext@7ce026d3, started on Wed Oct 16 16:14:14 BRT 2019
2019-10-16 16:14:17,241 INFO org.springframework.scheduling.concurrent.ExecutorConfigurationSupport [Thread-2] Shutting down ExecutorService 'applicationTaskExecutor'
2019-10-16 16:16:31,162 INFO org.springframework.boot.StartupInfoLogger [main] Starting MovieInfoServiceApplicationTests on localhost.localdomain with PID 11864 (started by dhiego in /home/dhiego/Drive/Developer/Claro/Microservices/Claro_Poc/Movel/Integracao/POC/movie-info-service-dev/movie-info-service)
2019-10-16 16:16:31,164 INFO org.springframework.boot.SpringApplication [main] No active profile set, falling back to default profiles: default
2019-10-16 16:16:31,227 DEBUG org.springframework.context.support.AbstractApplicationContext [main] Refreshing org.springframework.web.context.support.GenericWebApplicationContext@7ce026d3
2019-10-16 16:16:32,553 DEBUG org.springframework.web.servlet.handler.SimpleUrlHandlerMapping [main] Patterns [/**/favicon.ico] in 'faviconHandlerMapping'
2019-10-16 16:16:32,819 INFO org.springframework.scheduling.concurrent.ExecutorConfigurationSupport [main] Initializing ExecutorService 'applicationTaskExecutor'
2019-10-16 16:16:32,832 DEBUG org.springframework.web.servlet.mvc.method.annotation.RequestMappingHandlerAdapter [main] ControllerAdvice beans: 0 @ModelAttribute, 0 @InitBinder, 1 RequestBodyAdvice, 1 ResponseBodyAdvice
2019-10-16 16:16:32,983 DEBUG org.springframework.web.servlet.handler.AbstractHandlerMethodMapping [main] 3 mappings in 'requestMappingHandlerMapping'
2019-10-16 16:16:33,005 DEBUG org.springframework.web.servlet.handler.SimpleUrlHandlerMapping [main] Patterns [/webjars/**, /**] in 'resourceHandlerMapping'
2019-10-16 16:16:33,019 DEBUG org.springframework.web.servlet.mvc.method.annotation.ExceptionHandlerExceptionResolver [main] ControllerAdvice beans: 0 @ExceptionHandler, 1 ResponseBodyAdvice
2019-10-16 16:16:33,491 INFO org.springframework.boot.actuate.endpoint.web.EndpointLinksResolver [main] Exposing 2 endpoint(s) beneath base path '/actuator'
2019-10-16 16:16:33,560 INFO org.springframework.boot.StartupInfoLogger [main] Started MovieInfoServiceApplicationTests in 2.702 seconds (JVM running for 3.328)
2019-10-16 16:16:33,768 DEBUG org.springframework.context.support.AbstractApplicationContext [Thread-2] Closing org.springframework.web.context.support.GenericWebApplicationContext@7ce026d3, started on Wed Oct 16 16:16:31 BRT 2019
2019-10-16 16:16:33,771 INFO org.springframework.scheduling.concurrent.ExecutorConfigurationSupport [Thread-2] Shutting down ExecutorService 'applicationTaskExecutor'
2019-10-16 16:26:51,265 INFO org.springframework.boot.StartupInfoLogger [main] Starting MovieInfoServiceApplicationTests on localhost.localdomain with PID 12612 (started by dhiego in /home/dhiego/Drive/Developer/Claro/Microservices/Claro_Poc/Movel/Integracao/POC/movie-info-service-dev/movie-info-service)
2019-10-16 16:26:51,268 INFO org.springframework.boot.SpringApplication [main] No active profile set, falling back to default profiles: default
2019-10-16 16:26:51,330 DEBUG org.springframework.context.support.AbstractApplicationContext [main] Refreshing org.springframework.web.context.support.GenericWebApplicationContext@1caa0244
2019-10-16 16:26:52,672 DEBUG org.springframework.web.servlet.handler.SimpleUrlHandlerMapping [main] Patterns [/**/favicon.ico] in 'faviconHandlerMapping'
2019-10-16 16:26:52,942 INFO org.springframework.scheduling.concurrent.ExecutorConfigurationSupport [main] Initializing ExecutorService 'applicationTaskExecutor'
2019-10-16 16:26:52,957 DEBUG org.springframework.web.servlet.mvc.method.annotation.RequestMappingHandlerAdapter [main] ControllerAdvice beans: 0 @ModelAttribute, 0 @InitBinder, 1 RequestBodyAdvice, 1 ResponseBodyAdvice
2019-10-16 16:26:53,098 DEBUG org.springframework.web.servlet.handler.AbstractHandlerMethodMapping [main] 3 mappings in 'requestMappingHandlerMapping'
2019-10-16 16:26:53,120 DEBUG org.springframework.web.servlet.handler.SimpleUrlHandlerMapping [main] Patterns [/webjars/**, /**] in 'resourceHandlerMapping'
2019-10-16 16:26:53,135 DEBUG org.springframework.web.servlet.mvc.method.annotation.ExceptionHandlerExceptionResolver [main] ControllerAdvice beans: 0 @ExceptionHandler, 1 ResponseBodyAdvice
2019-10-16 16:26:53,723 INFO org.springframework.boot.actuate.endpoint.web.EndpointLinksResolver [main] Exposing 2 endpoint(s) beneath base path '/actuator'
2019-10-16 16:26:53,786 INFO org.springframework.boot.StartupInfoLogger [main] Started MovieInfoServiceApplicationTests in 2.823 seconds (JVM running for 3.43)
2019-10-16 16:26:53,967 DEBUG org.springframework.context.support.AbstractApplicationContext [Thread-2] Closing org.springframework.web.context.support.GenericWebApplicationContext@1caa0244, started on Wed Oct 16 16:26:51 BRT 2019
2019-10-16 16:26:53,979 INFO org.springframework.scheduling.concurrent.ExecutorConfigurationSupport [Thread-2] Shutting down ExecutorService 'applicationTaskExecutor'
2019-10-16 16:36:52,869 INFO org.springframework.boot.StartupInfoLogger [main] Starting MovieInfoServiceApplicationTests on localhost.localdomain with PID 13308 (started by dhiego in /home/dhiego/Drive/Developer/Claro/Microservices/Claro_Poc/Movel/Integracao/POC/movie-info-service-dev/movie-info-service)
2019-10-16 16:36:52,902 INFO org.springframework.boot.SpringApplication [main] No active profile set, falling back to default profiles: default
2019-10-16 16:36:52,935 DEBUG org.springframework.context.support.AbstractApplicationContext [main] Refreshing org.springframework.web.context.support.GenericWebApplicationContext@7ce69770
2019-10-16 16:36:54,351 DEBUG org.springframework.web.servlet.handler.SimpleUrlHandlerMapping [main] Patterns [/**/favicon.ico] in 'faviconHandlerMapping'
2019-10-16 16:36:54,710 INFO org.springframework.scheduling.concurrent.ExecutorConfigurationSupport [main] Initializing ExecutorService 'applicationTaskExecutor'
2019-10-16 16:36:54,738 DEBUG org.springframework.web.servlet.mvc.method.annotation.RequestMappingHandlerAdapter [main] ControllerAdvice beans: 0 @ModelAttribute, 0 @InitBinder, 1 RequestBodyAdvice, 1 ResponseBodyAdvice
2019-10-16 16:36:54,921 DEBUG org.springframework.web.servlet.handler.AbstractHandlerMethodMapping [main] 3 mappings in 'requestMappingHandlerMapping'
2019-10-16 16:36:54,947 DEBUG org.springframework.web.servlet.handler.SimpleUrlHandlerMapping [main] Patterns [/webjars/**, /**] in 'resourceHandlerMapping'
2019-10-16 16:36:54,962 DEBUG org.springframework.web.servlet.mvc.method.annotation.ExceptionHandlerExceptionResolver [main] ControllerAdvice beans: 0 @ExceptionHandler, 1 ResponseBodyAdvice
2019-10-16 16:36:55,584 INFO org.springframework.boot.actuate.endpoint.web.EndpointLinksResolver [main] Exposing 2 endpoint(s) beneath base path '/actuator'
2019-10-16 16:36:55,640 INFO org.springframework.boot.StartupInfoLogger [main] Started MovieInfoServiceApplicationTests in 3.102 seconds (JVM running for 3.754)
2019-10-16 16:36:55,831 DEBUG org.springframework.context.support.AbstractApplicationContext [Thread-2] Closing org.springframework.web.context.support.GenericWebApplicationContext@7ce69770, started on Wed Oct 16 16:36:52 BRT 2019
2019-10-16 16:36:55,841 INFO org.springframework.scheduling.concurrent.ExecutorConfigurationSupport [Thread-2] Shutting down ExecutorService 'applicationTaskExecutor'
2019-10-16 16:39:21,096 INFO org.springframework.boot.StartupInfoLogger [main] Starting MovieInfoServiceApplicationTests on localhost.localdomain with PID 13787 (started by dhiego in /home/dhiego/Drive/Developer/Claro/Microservices/Claro_Poc/Movel/Integracao/POC/movie-info-service-dev/movie-info-service)
2019-10-16 16:39:21,098 INFO org.springframework.boot.SpringApplication [main] No active profile set, falling back to default profiles: default
2019-10-16 16:39:21,132 DEBUG org.springframework.context.support.AbstractApplicationContext [main] Refreshing org.springframework.web.context.support.GenericWebApplicationContext@1750fbeb
2019-10-16 16:39:22,455 DEBUG org.springframework.web.servlet.handler.SimpleUrlHandlerMapping [main] Patterns [/**/favicon.ico] in 'faviconHandlerMapping'
2019-10-16 16:39:22,764 INFO org.springframework.scheduling.concurrent.ExecutorConfigurationSupport [main] Initializing ExecutorService 'applicationTaskExecutor'
2019-10-16 16:39:22,781 DEBUG org.springframework.web.servlet.mvc.method.annotation.RequestMappingHandlerAdapter [main] ControllerAdvice beans: 0 @ModelAttribute, 0 @InitBinder, 1 RequestBodyAdvice, 1 ResponseBodyAdvice
2019-10-16 16:39:22,917 DEBUG org.springframework.web.servlet.handler.AbstractHandlerMethodMapping [main] 3 mappings in 'requestMappingHandlerMapping'
2019-10-16 16:39:22,941 DEBUG org.springframework.web.servlet.handler.SimpleUrlHandlerMapping [main] Patterns [/webjars/**, /**] in 'resourceHandlerMapping'
2019-10-16 16:39:22,958 DEBUG org.springframework.web.servlet.mvc.method.annotation.ExceptionHandlerExceptionResolver [main] ControllerAdvice beans: 0 @ExceptionHandler, 1 ResponseBodyAdvice
2019-10-16 16:39:23,454 INFO org.springframework.boot.actuate.endpoint.web.EndpointLinksResolver [main] Exposing 2 endpoint(s) beneath base path '/actuator'
2019-10-16 16:39:23,516 INFO org.springframework.boot.StartupInfoLogger [main] Started MovieInfoServiceApplicationTests in 2.758 seconds (JVM running for 3.431)
2019-10-16 16:39:23,659 DEBUG org.springframework.context.support.AbstractApplicationContext [Thread-2] Closing org.springframework.web.context.support.GenericWebApplicationContext@1750fbeb, started on Wed Oct 16 16:39:21 BRT 2019
2019-10-16 16:39:23,662 INFO org.springframework.scheduling.concurrent.ExecutorConfigurationSupport [Thread-2] Shutting down ExecutorService 'applicationTaskExecutor'
2019-10-16 16:45:25,602 INFO org.springframework.boot.StartupInfoLogger [main] Starting MovieInfoServiceApplicationTests on localhost.localdomain with PID 14408 (started by dhiego in /home/dhiego/Drive/Developer/Claro/Microservices/Claro_Poc/Movel/Integracao/POC/movie-info-service-dev/movie-info-service)
2019-10-16 16:45:25,605 INFO org.springframework.boot.SpringApplication [main] No active profile set, falling back to default profiles: default
2019-10-16 16:45:25,655 DEBUG org.springframework.context.support.AbstractApplicationContext [main] Refreshing org.springframework.web.context.support.GenericWebApplicationContext@7ce026d3
2019-10-16 16:45:27,545 DEBUG org.springframework.web.servlet.handler.SimpleUrlHandlerMapping [main] Patterns [/**/favicon.ico] in 'faviconHandlerMapping'
2019-10-16 16:45:27,856 INFO org.springframework.scheduling.concurrent.ExecutorConfigurationSupport [main] Initializing ExecutorService 'applicationTaskExecutor'
2019-10-16 16:45:27,872 DEBUG org.springframework.web.servlet.mvc.method.annotation.RequestMappingHandlerAdapter [main] ControllerAdvice beans: 0 @ModelAttribute, 0 @InitBinder, 1 RequestBodyAdvice, 1 ResponseBodyAdvice
2019-10-16 16:45:28,008 DEBUG org.springframework.web.servlet.handler.AbstractHandlerMethodMapping [main] 3 mappings in 'requestMappingHandlerMapping'
2019-10-16 16:45:28,032 DEBUG org.springframework.web.servlet.handler.SimpleUrlHandlerMapping [main] Patterns [/webjars/**, /**] in 'resourceHandlerMapping'
2019-10-16 16:45:28,045 DEBUG org.springframework.web.servlet.mvc.method.annotation.ExceptionHandlerExceptionResolver [main] ControllerAdvice beans: 0 @ExceptionHandler, 1 ResponseBodyAdvice
2019-10-16 16:45:28,510 INFO org.springframework.boot.actuate.endpoint.web.EndpointLinksResolver [main] Exposing 2 endpoint(s) beneath base path '/actuator'
2019-10-16 16:45:28,565 INFO org.springframework.boot.StartupInfoLogger [main] Started MovieInfoServiceApplicationTests in 3.328 seconds (JVM running for 4.1)
2019-10-16 16:45:28,718 DEBUG org.springframework.context.support.AbstractApplicationContext [Thread-2] Closing org.springframework.web.context.support.GenericWebApplicationContext@7ce026d3, started on Wed Oct 16 16:45:25 BRT 2019
2019-10-16 16:45:28,724 INFO org.springframework.scheduling.concurrent.ExecutorConfigurationSupport [Thread-2] Shutting down ExecutorService 'applicationTaskExecutor'
2019-10-16 16:51:55,837 INFO org.springframework.boot.StartupInfoLogger [main] Starting MovieInfoServiceApplicationTests on localhost.localdomain with PID 14974 (started by dhiego in /home/dhiego/Drive/Developer/Claro/Microservices/Claro_Poc/Movel/Integracao/POC/movie-info-service-dev/movie-info-service)
2019-10-16 16:51:55,839 INFO org.springframework.boot.SpringApplication [main] No active profile set, falling back to default profiles: default
2019-10-16 16:51:55,880 DEBUG org.springframework.context.support.AbstractApplicationContext [main] Refreshing org.springframework.web.context.support.GenericWebApplicationContext@7ce026d3
2019-10-16 16:51:57,583 DEBUG org.springframework.web.servlet.handler.SimpleUrlHandlerMapping [main] Patterns [/**/favicon.ico] in 'faviconHandlerMapping'
2019-10-16 16:51:58,039 INFO org.springframework.scheduling.concurrent.ExecutorConfigurationSupport [main] Initializing ExecutorService 'applicationTaskExecutor'
2019-10-16 16:51:58,057 DEBUG org.springframework.web.servlet.mvc.method.annotation.RequestMappingHandlerAdapter [main] ControllerAdvice beans: 0 @ModelAttribute, 0 @InitBinder, 1 RequestBodyAdvice, 1 ResponseBodyAdvice
2019-10-16 16:51:58,141 DEBUG org.springframework.web.servlet.handler.AbstractHandlerMethodMapping [main] 3 mappings in 'requestMappingHandlerMapping'
2019-10-16 16:51:58,165 DEBUG org.springframework.web.servlet.handler.SimpleUrlHandlerMapping [main] Patterns [/webjars/**, /**] in 'resourceHandlerMapping'
2019-10-16 16:51:58,181 DEBUG org.springframework.web.servlet.mvc.method.annotation.ExceptionHandlerExceptionResolver [main] ControllerAdvice beans: 0 @ExceptionHandler, 1 ResponseBodyAdvice
2019-10-16 16:51:58,834 INFO org.springframework.boot.actuate.endpoint.web.EndpointLinksResolver [main] Exposing 2 endpoint(s) beneath base path '/actuator'
2019-10-16 16:51:58,915 INFO org.springframework.boot.StartupInfoLogger [main] Started MovieInfoServiceApplicationTests in 3.412 seconds (JVM running for 4.352)
2019-10-16 16:51:59,105 DEBUG org.springframework.context.support.AbstractApplicationContext [Thread-2] Closing org.springframework.web.context.support.GenericWebApplicationContext@7ce026d3, started on Wed Oct 16 16:51:55 BRT 2019
2019-10-16 16:51:59,109 INFO org.springframework.scheduling.concurrent.ExecutorConfigurationSupport [Thread-2] Shutting down ExecutorService 'applicationTaskExecutor'
2019-10-16 16:55:18,091 INFO org.springframework.boot.StartupInfoLogger [main] Starting MovieInfoServiceApplicationTests on localhost.localdomain with PID 15745 (started by dhiego in /home/dhiego/Drive/Developer/Claro/Microservices/Claro_Poc/Movel/Integracao/POC/movie-info-service-dev/movie-info-service)
2019-10-16 16:55:18,095 INFO org.springframework.boot.SpringApplication [main] No active profile set, falling back to default profiles: default
2019-10-16 16:55:18,119 DEBUG org.springframework.context.support.AbstractApplicationContext [main] Refreshing org.springframework.web.context.support.GenericWebApplicationContext@1750fbeb
2019-10-16 16:55:19,450 DEBUG org.springframework.web.servlet.handler.SimpleUrlHandlerMapping [main] Patterns [/**/favicon.ico] in 'faviconHandlerMapping'
2019-10-16 16:55:19,740 INFO org.springframework.scheduling.concurrent.ExecutorConfigurationSupport [main] Initializing ExecutorService 'applicationTaskExecutor'
2019-10-16 16:55:19,758 DEBUG org.springframework.web.servlet.mvc.method.annotation.RequestMappingHandlerAdapter [main] ControllerAdvice beans: 0 @ModelAttribute, 0 @InitBinder, 1 RequestBodyAdvice, 1 ResponseBodyAdvice
2019-10-16 16:55:19,877 DEBUG org.springframework.web.servlet.handler.AbstractHandlerMethodMapping [main] 3 mappings in 'requestMappingHandlerMapping'
2019-10-16 16:55:19,900 DEBUG org.springframework.web.servlet.handler.SimpleUrlHandlerMapping [main] Patterns [/webjars/**, /**] in 'resourceHandlerMapping'
2019-10-16 16:55:19,915 DEBUG org.springframework.web.servlet.mvc.method.annotation.ExceptionHandlerExceptionResolver [main] ControllerAdvice beans: 0 @ExceptionHandler, 1 ResponseBodyAdvice
2019-10-16 16:55:20,487 INFO org.springframework.boot.actuate.endpoint.web.EndpointLinksResolver [main] Exposing 2 endpoint(s) beneath base path '/actuator'
2019-10-16 16:55:20,559 INFO org.springframework.boot.StartupInfoLogger [main] Started MovieInfoServiceApplicationTests in 2.828 seconds (JVM running for 3.454)
2019-10-16 16:55:20,710 DEBUG org.springframework.context.support.AbstractApplicationContext [Thread-2] Closing org.springframework.web.context.support.GenericWebApplicationContext@1750fbeb, started on Wed Oct 16 16:55:18 BRT 2019
2019-10-16 16:55:20,714 INFO org.springframework.scheduling.concurrent.ExecutorConfigurationSupport [Thread-2] Shutting down ExecutorService 'applicationTaskExecutor'
