2019-09-19 14:20:54,582 INFO org.springframework.boot.StartupInfoLogger [main] Starting MovieInfoServiceApplicationTests on localhost.localdomain with PID 5395 (started by dhiego in /home/dhiego/Drive/Developer/Claro/Microservices/Claro_Poc/Movel/Integracao/POC/movie-info-service-dev/movie-info-service)
2019-09-19 14:20:54,596 INFO org.springframework.boot.SpringApplication [main] No active profile set, falling back to default profiles: default
2019-09-19 14:20:54,720 DEBUG org.springframework.context.support.AbstractApplicationContext [main] Refreshing org.springframework.web.context.support.GenericWebApplicationContext@7ce69770
2019-09-19 14:20:56,436 DEBUG org.springframework.web.servlet.handler.SimpleUrlHandlerMapping [main] Patterns [/**/favicon.ico] in 'faviconHandlerMapping'
2019-09-19 14:20:56,807 INFO org.springframework.scheduling.concurrent.ExecutorConfigurationSupport [main] Initializing ExecutorService 'applicationTaskExecutor'
2019-09-19 14:20:56,825 DEBUG org.springframework.web.servlet.mvc.method.annotation.RequestMappingHandlerAdapter [main] ControllerAdvice beans: 0 @ModelAttribute, 0 @InitBinder, 1 RequestBodyAdvice, 1 ResponseBodyAdvice
2019-09-19 14:20:56,985 DEBUG org.springframework.web.servlet.handler.AbstractHandlerMethodMapping [main] 3 mappings in 'requestMappingHandlerMapping'
2019-09-19 14:20:57,015 DEBUG org.springframework.web.servlet.handler.SimpleUrlHandlerMapping [main] Patterns [/webjars/**, /**] in 'resourceHandlerMapping'
2019-09-19 14:20:57,037 DEBUG org.springframework.web.servlet.mvc.method.annotation.ExceptionHandlerExceptionResolver [main] ControllerAdvice beans: 0 @ExceptionHandler, 1 ResponseBodyAdvice
2019-09-19 14:20:57,689 INFO org.springframework.boot.actuate.endpoint.web.EndpointLinksResolver [main] Exposing 2 endpoint(s) beneath base path '/actuator'
2019-09-19 14:20:57,785 INFO org.springframework.boot.StartupInfoLogger [main] Started MovieInfoServiceApplicationTests in 3.781 seconds (JVM running for 4.943)
2019-09-19 14:20:58,103 DEBUG org.springframework.context.support.AbstractApplicationContext [Thread-2] Closing org.springframework.web.context.support.GenericWebApplicationContext@7ce69770, started on Thu Sep 19 14:20:54 BRT 2019
2019-09-19 14:20:58,109 INFO org.springframework.scheduling.concurrent.ExecutorConfigurationSupport [Thread-2] Shutting down ExecutorService 'applicationTaskExecutor'
2019-09-19 14:35:21,195 INFO org.springframework.boot.StartupInfoLogger [main] Starting MovieInfoServiceApplication on localhost.localdomain with PID 7849 (/home/dhiego/Drive/Developer/Claro/Microservices/Claro_Poc/Movel/Integracao/POC/movie-info-service-dev/movie-info-service/target/classes started by dhiego in /home/dhiego/Drive/Developer/Claro/Microservices/Claro_Poc/Movel/Integracao/POC/movie-info-service-dev/movie-info-service)
2019-09-19 14:35:21,292 INFO org.springframework.boot.SpringApplication [main] No active profile set, falling back to default profiles: default
2019-09-19 14:35:23,296 INFO org.springframework.boot.web.embedded.tomcat.TomcatWebServer [main] Tomcat initialized with port(s): 8082 (http)
2019-09-19 14:35:23,306 INFO org.apache.juli.logging.DirectJDKLog [main] Initializing ProtocolHandler ["http-nio-8082"]
2019-09-19 14:35:23,323 INFO org.apache.juli.logging.DirectJDKLog [main] Starting service [Tomcat]
2019-09-19 14:35:23,323 INFO org.apache.juli.logging.DirectJDKLog [main] Starting Servlet engine: [Apache Tomcat/9.0.21]
2019-09-19 14:35:23,380 INFO org.apache.juli.logging.DirectJDKLog [main] Initializing Spring embedded WebApplicationContext
2019-09-19 14:35:23,381 DEBUG org.springframework.boot.web.servlet.context.ServletWebServerApplicationContext [main] Published root WebApplicationContext as ServletContext attribute with name [org.springframework.web.context.WebApplicationContext.ROOT]
2019-09-19 14:35:23,381 INFO org.springframework.boot.web.servlet.context.ServletWebServerApplicationContext [main] Root WebApplicationContext: initialization completed in 1921 ms
2019-09-19 14:35:23,710 DEBUG org.springframework.web.servlet.handler.SimpleUrlHandlerMapping [main] Patterns [/**/favicon.ico] in 'faviconHandlerMapping'
2019-09-19 14:35:23,805 INFO org.springframework.scheduling.concurrent.ExecutorConfigurationSupport [main] Initializing ExecutorService 'applicationTaskExecutor'
2019-09-19 14:35:23,814 DEBUG org.springframework.web.servlet.mvc.method.annotation.RequestMappingHandlerAdapter [main] ControllerAdvice beans: 0 @ModelAttribute, 0 @InitBinder, 1 RequestBodyAdvice, 1 ResponseBodyAdvice
2019-09-19 14:35:23,849 DEBUG org.springframework.web.servlet.handler.AbstractHandlerMethodMapping [main] 3 mappings in 'requestMappingHandlerMapping'
2019-09-19 14:35:23,855 DEBUG org.springframework.web.servlet.handler.SimpleUrlHandlerMapping [main] Patterns [/webjars/**, /**] in 'resourceHandlerMapping'
2019-09-19 14:35:23,862 DEBUG org.springframework.web.servlet.mvc.method.annotation.ExceptionHandlerExceptionResolver [main] ControllerAdvice beans: 0 @ExceptionHandler, 1 ResponseBodyAdvice
2019-09-19 14:35:24,250 INFO org.springframework.boot.actuate.endpoint.web.EndpointLinksResolver [main] Exposing 2 endpoint(s) beneath base path '/actuator'
2019-09-19 14:35:24,294 INFO org.apache.juli.logging.DirectJDKLog [main] Starting ProtocolHandler ["http-nio-8082"]
2019-09-19 14:35:24,333 INFO org.springframework.boot.web.embedded.tomcat.TomcatWebServer [main] Tomcat started on port(s): 8082 (http) with context path ''
2019-09-19 14:35:24,335 INFO org.springframework.boot.StartupInfoLogger [main] Started MovieInfoServiceApplication in 4.752 seconds (JVM running for 6.045)
2019-09-19 14:36:28,168 INFO org.apache.juli.logging.DirectJDKLog [http-nio-8082-exec-1] Initializing Spring DispatcherServlet 'dispatcherServlet'
2019-09-19 14:36:28,191 INFO org.springframework.web.servlet.FrameworkServlet [http-nio-8082-exec-1] Initializing Servlet 'dispatcherServlet'
2019-09-19 14:36:28,192 DEBUG org.springframework.web.servlet.DispatcherServlet [http-nio-8082-exec-1] Detected StandardServletMultipartResolver
2019-09-19 14:36:28,197 DEBUG org.springframework.web.servlet.FrameworkServlet [http-nio-8082-exec-1] enableLoggingRequestDetails='false': request parameters and headers will be masked to prevent unsafe logging of potentially sensitive data
2019-09-19 14:36:28,197 INFO org.springframework.web.servlet.FrameworkServlet [http-nio-8082-exec-1] Completed initialization in 5 ms
2019-09-19 14:36:28,205 INFO br.com.clarobr.movieinfoservice.correlation.CorrelationHeaderFilter [http-nio-8082-exec-1] Found correlationId in Header : 12345678
2019-09-19 14:36:28,205 INFO br.com.clarobr.movieinfoservice.correlation.CorrelationHeaderFilter [http-nio-8082-exec-3] Found correlationId in Header : 12345678
2019-09-19 14:36:28,240 DEBUG org.springframework.core.log.LogFormatUtils [http-nio-8082-exec-3] GET "/movies/5678", parameters={}
2019-09-19 14:36:28,239 DEBUG org.springframework.core.log.LogFormatUtils [http-nio-8082-exec-1] GET "/movies/5678", parameters={}
2019-09-19 14:36:28,246 DEBUG org.springframework.web.servlet.handler.AbstractHandlerMapping [http-nio-8082-exec-3] Mapped to public br.com.clarobr.movieinfoservice.models.Movie br.com.clarobr.movieinfoservice.resources.MovieResource.getMovieInfo(java.lang.String,org.springframework.http.HttpHeaders)
2019-09-19 14:36:28,246 DEBUG org.springframework.web.servlet.handler.AbstractHandlerMapping [http-nio-8082-exec-1] Mapped to public br.com.clarobr.movieinfoservice.models.Movie br.com.clarobr.movieinfoservice.resources.MovieResource.getMovieInfo(java.lang.String,org.springframework.http.HttpHeaders)
2019-09-19 14:36:33,289 DEBUG org.springframework.web.servlet.mvc.method.annotation.AbstractMessageConverterMethodProcessor [http-nio-8082-exec-1] Using 'application/json', given [*/*] and supported [application/json, application/*+json, application/json, application/*+json]
2019-09-19 14:36:33,289 DEBUG org.springframework.web.servlet.mvc.method.annotation.AbstractMessageConverterMethodProcessor [http-nio-8082-exec-3] Using 'application/json', given [*/*] and supported [application/json, application/*+json, application/json, application/*+json]
2019-09-19 14:36:33,293 DEBUG org.springframework.core.log.LogFormatUtils [http-nio-8082-exec-3] Writing [br.com.clarobr.movieinfoservice.models.Movie@3fac6fd6]
2019-09-19 14:36:33,292 DEBUG org.springframework.core.log.LogFormatUtils [http-nio-8082-exec-1] Writing [br.com.clarobr.movieinfoservice.models.Movie@5ca27af1]
2019-09-19 14:36:33,318 DEBUG org.springframework.web.servlet.FrameworkServlet [http-nio-8082-exec-1] Completed 200 OK
2019-09-19 14:36:33,318 DEBUG org.springframework.web.servlet.FrameworkServlet [http-nio-8082-exec-3] Completed 200 OK
2019-09-19 14:36:51,915 INFO org.springframework.boot.admin.SpringApplicationAdminMXBeanRegistrar$SpringApplicationAdmin [RMI TCP Connection(14)-127.0.0.1] Application shutdown requested.
2019-09-19 14:36:51,922 INFO org.springframework.scheduling.concurrent.ExecutorConfigurationSupport [RMI TCP Connection(14)-127.0.0.1] Shutting down ExecutorService 'applicationTaskExecutor'
2019-09-19 14:37:46,802 INFO org.springframework.boot.StartupInfoLogger [main] Starting MovieInfoServiceApplicationTests on localhost.localdomain with PID 8377 (started by dhiego in /home/dhiego/Drive/Developer/Claro/Microservices/Claro_Poc/Movel/Integracao/POC/movie-info-service-dev/movie-info-service)
2019-09-19 14:37:46,804 INFO org.springframework.boot.SpringApplication [main] No active profile set, falling back to default profiles: default
2019-09-19 14:37:46,881 DEBUG org.springframework.context.support.AbstractApplicationContext [main] Refreshing org.springframework.web.context.support.GenericWebApplicationContext@7ce026d3
2019-09-19 14:37:49,064 DEBUG org.springframework.web.servlet.handler.SimpleUrlHandlerMapping [main] Patterns [/**/favicon.ico] in 'faviconHandlerMapping'
2019-09-19 14:37:50,039 INFO org.springframework.scheduling.concurrent.ExecutorConfigurationSupport [main] Initializing ExecutorService 'applicationTaskExecutor'
2019-09-19 14:37:50,060 DEBUG org.springframework.web.servlet.mvc.method.annotation.RequestMappingHandlerAdapter [main] ControllerAdvice beans: 0 @ModelAttribute, 0 @InitBinder, 1 RequestBodyAdvice, 1 ResponseBodyAdvice
2019-09-19 14:37:50,175 DEBUG org.springframework.web.servlet.handler.AbstractHandlerMethodMapping [main] 3 mappings in 'requestMappingHandlerMapping'
2019-09-19 14:37:50,202 DEBUG org.springframework.web.servlet.handler.SimpleUrlHandlerMapping [main] Patterns [/webjars/**, /**] in 'resourceHandlerMapping'
2019-09-19 14:37:50,245 DEBUG org.springframework.web.servlet.mvc.method.annotation.ExceptionHandlerExceptionResolver [main] ControllerAdvice beans: 0 @ExceptionHandler, 1 ResponseBodyAdvice
2019-09-19 14:37:51,154 INFO org.springframework.boot.actuate.endpoint.web.EndpointLinksResolver [main] Exposing 2 endpoint(s) beneath base path '/actuator'
2019-09-19 14:37:51,246 INFO org.springframework.boot.StartupInfoLogger [main] Started MovieInfoServiceApplicationTests in 5.126 seconds (JVM running for 6.634)
2019-09-19 14:37:52,341 DEBUG org.springframework.context.support.AbstractApplicationContext [Thread-4] Closing org.springframework.web.context.support.GenericWebApplicationContext@7ce026d3, started on Thu Sep 19 14:37:46 BRT 2019
2019-09-19 14:37:52,344 INFO org.springframework.scheduling.concurrent.ExecutorConfigurationSupport [Thread-4] Shutting down ExecutorService 'applicationTaskExecutor'
2019-09-19 14:46:56,759 INFO org.springframework.boot.StartupInfoLogger [main] Starting MovieInfoServiceApplication on localhost.localdomain with PID 9419 (/home/dhiego/Drive/Developer/Claro/Microservices/Claro_Poc/Movel/Integracao/POC/movie-info-service-dev/movie-info-service/target/classes started by dhiego in /home/dhiego/Drive/Developer/Claro/Microservices/Claro_Poc/Movel/Integracao/POC/movie-info-service-dev/movie-info-service)
2019-09-19 14:46:56,943 INFO org.springframework.boot.SpringApplication [main] No active profile set, falling back to default profiles: default
2019-09-19 14:47:01,020 INFO org.springframework.boot.web.embedded.tomcat.TomcatWebServer [main] Tomcat initialized with port(s): 8082 (http)
2019-09-19 14:47:01,062 INFO org.apache.juli.logging.DirectJDKLog [main] Initializing ProtocolHandler ["http-nio-8082"]
2019-09-19 14:47:01,101 INFO org.apache.juli.logging.DirectJDKLog [main] Starting service [Tomcat]
2019-09-19 14:47:01,106 INFO org.apache.juli.logging.DirectJDKLog [main] Starting Servlet engine: [Apache Tomcat/9.0.21]
2019-09-19 14:47:01,482 INFO org.apache.juli.logging.DirectJDKLog [main] Initializing Spring embedded WebApplicationContext
2019-09-19 14:47:01,484 DEBUG org.springframework.boot.web.servlet.context.ServletWebServerApplicationContext [main] Published root WebApplicationContext as ServletContext attribute with name [org.springframework.web.context.WebApplicationContext.ROOT]
2019-09-19 14:47:01,485 INFO org.springframework.boot.web.servlet.context.ServletWebServerApplicationContext [main] Root WebApplicationContext: initialization completed in 4250 ms
2019-09-19 14:47:02,272 DEBUG org.springframework.web.servlet.handler.SimpleUrlHandlerMapping [main] Patterns [/**/favicon.ico] in 'faviconHandlerMapping'
2019-09-19 14:47:02,716 INFO org.springframework.scheduling.concurrent.ExecutorConfigurationSupport [main] Initializing ExecutorService 'applicationTaskExecutor'
2019-09-19 14:47:02,760 DEBUG org.springframework.web.servlet.mvc.method.annotation.RequestMappingHandlerAdapter [main] ControllerAdvice beans: 0 @ModelAttribute, 0 @InitBinder, 1 RequestBodyAdvice, 1 ResponseBodyAdvice
2019-09-19 14:47:02,835 DEBUG org.springframework.web.servlet.handler.AbstractHandlerMethodMapping [main] 3 mappings in 'requestMappingHandlerMapping'
2019-09-19 14:47:02,859 DEBUG org.springframework.web.servlet.handler.SimpleUrlHandlerMapping [main] Patterns [/webjars/**, /**] in 'resourceHandlerMapping'
2019-09-19 14:47:02,891 DEBUG org.springframework.web.servlet.mvc.method.annotation.ExceptionHandlerExceptionResolver [main] ControllerAdvice beans: 0 @ExceptionHandler, 1 ResponseBodyAdvice
2019-09-19 14:47:04,120 INFO org.springframework.boot.actuate.endpoint.web.EndpointLinksResolver [main] Exposing 2 endpoint(s) beneath base path '/actuator'
2019-09-19 14:47:04,220 INFO org.apache.juli.logging.DirectJDKLog [main] Starting ProtocolHandler ["http-nio-8082"]
2019-09-19 14:47:04,347 INFO org.springframework.boot.web.embedded.tomcat.TomcatWebServer [main] Tomcat started on port(s): 8082 (http) with context path ''
2019-09-19 14:47:04,362 INFO org.springframework.boot.StartupInfoLogger [main] Started MovieInfoServiceApplication in 9.184 seconds (JVM running for 10.542)
2019-09-19 14:48:10,133 INFO org.apache.juli.logging.DirectJDKLog [http-nio-8082-exec-1] Initializing Spring DispatcherServlet 'dispatcherServlet'
2019-09-19 14:48:10,164 INFO org.springframework.web.servlet.FrameworkServlet [http-nio-8082-exec-1] Initializing Servlet 'dispatcherServlet'
2019-09-19 14:48:10,164 DEBUG org.springframework.web.servlet.DispatcherServlet [http-nio-8082-exec-1] Detected StandardServletMultipartResolver
2019-09-19 14:48:10,171 DEBUG org.springframework.web.servlet.FrameworkServlet [http-nio-8082-exec-1] enableLoggingRequestDetails='false': request parameters and headers will be masked to prevent unsafe logging of potentially sensitive data
2019-09-19 14:48:10,171 INFO org.springframework.web.servlet.FrameworkServlet [http-nio-8082-exec-1] Completed initialization in 7 ms
2019-09-19 14:48:10,177 INFO br.com.clarobr.movieinfoservice.correlation.CorrelationHeaderFilter [http-nio-8082-exec-1] Found correlationId in Header : 12345678
2019-09-19 14:48:10,177 INFO br.com.clarobr.movieinfoservice.correlation.CorrelationHeaderFilter [http-nio-8082-exec-2] Found correlationId in Header : 12345678
2019-09-19 14:48:10,188 DEBUG org.springframework.core.log.LogFormatUtils [http-nio-8082-exec-2] GET "/movies/5678", parameters={}
2019-09-19 14:48:10,189 DEBUG org.springframework.core.log.LogFormatUtils [http-nio-8082-exec-1] GET "/movies/5678", parameters={}
2019-09-19 14:48:10,195 DEBUG org.springframework.web.servlet.handler.AbstractHandlerMapping [http-nio-8082-exec-1] Mapped to public br.com.clarobr.movieinfoservice.models.Movie br.com.clarobr.movieinfoservice.resources.MovieResource.getMovieInfo(java.lang.String,org.springframework.http.HttpHeaders)
2019-09-19 14:48:10,195 DEBUG org.springframework.web.servlet.handler.AbstractHandlerMapping [http-nio-8082-exec-2] Mapped to public br.com.clarobr.movieinfoservice.models.Movie br.com.clarobr.movieinfoservice.resources.MovieResource.getMovieInfo(java.lang.String,org.springframework.http.HttpHeaders)
2019-09-19 14:48:15,234 DEBUG org.springframework.web.servlet.mvc.method.annotation.AbstractMessageConverterMethodProcessor [http-nio-8082-exec-1] Using 'application/json', given [*/*] and supported [application/json, application/*+json, application/json, application/*+json]
2019-09-19 14:48:15,234 DEBUG org.springframework.web.servlet.mvc.method.annotation.AbstractMessageConverterMethodProcessor [http-nio-8082-exec-2] Using 'application/json', given [*/*] and supported [application/json, application/*+json, application/json, application/*+json]
2019-09-19 14:48:15,236 DEBUG org.springframework.core.log.LogFormatUtils [http-nio-8082-exec-1] Writing [br.com.clarobr.movieinfoservice.models.Movie@a3a6ff1]
2019-09-19 14:48:15,236 DEBUG org.springframework.core.log.LogFormatUtils [http-nio-8082-exec-2] Writing [br.com.clarobr.movieinfoservice.models.Movie@8e49c6f]
2019-09-19 14:48:15,253 DEBUG org.springframework.web.servlet.FrameworkServlet [http-nio-8082-exec-2] Completed 200 OK
2019-09-19 14:48:15,253 DEBUG org.springframework.web.servlet.FrameworkServlet [http-nio-8082-exec-1] Completed 200 OK
2019-09-19 14:48:17,513 INFO org.springframework.boot.admin.SpringApplicationAdminMXBeanRegistrar$SpringApplicationAdmin [RMI TCP Connection(12)-127.0.0.1] Application shutdown requested.
2019-09-19 14:48:17,516 INFO org.springframework.scheduling.concurrent.ExecutorConfigurationSupport [RMI TCP Connection(12)-127.0.0.1] Shutting down ExecutorService 'applicationTaskExecutor'
2019-09-19 15:53:48,223 INFO org.springframework.boot.StartupInfoLogger [main] Starting MovieInfoServiceApplicationTests on localhost.localdomain with PID 14281 (started by dhiego in /home/dhiego/Drive/Developer/Claro/Microservices/Claro_Poc/Movel/Integracao/POC/movie-info-service-dev/movie-info-service)
2019-09-19 15:53:48,254 INFO org.springframework.boot.SpringApplication [main] No active profile set, falling back to default profiles: default
2019-09-19 15:53:48,306 DEBUG org.springframework.context.support.AbstractApplicationContext [main] Refreshing org.springframework.web.context.support.GenericWebApplicationContext@7ce026d3
2019-09-19 15:53:49,971 DEBUG org.springframework.web.servlet.handler.SimpleUrlHandlerMapping [main] Patterns [/**/favicon.ico] in 'faviconHandlerMapping'
2019-09-19 15:53:50,322 INFO org.springframework.scheduling.concurrent.ExecutorConfigurationSupport [main] Initializing ExecutorService 'applicationTaskExecutor'
2019-09-19 15:53:50,343 DEBUG org.springframework.web.servlet.mvc.method.annotation.RequestMappingHandlerAdapter [main] ControllerAdvice beans: 0 @ModelAttribute, 0 @InitBinder, 1 RequestBodyAdvice, 1 ResponseBodyAdvice
2019-09-19 15:53:50,602 DEBUG org.springframework.web.servlet.handler.AbstractHandlerMethodMapping [main] 3 mappings in 'requestMappingHandlerMapping'
2019-09-19 15:53:50,629 DEBUG org.springframework.web.servlet.handler.SimpleUrlHandlerMapping [main] Patterns [/webjars/**, /**] in 'resourceHandlerMapping'
2019-09-19 15:53:50,664 DEBUG org.springframework.web.servlet.mvc.method.annotation.ExceptionHandlerExceptionResolver [main] ControllerAdvice beans: 0 @ExceptionHandler, 1 ResponseBodyAdvice
2019-09-19 15:53:51,304 INFO org.springframework.boot.actuate.endpoint.web.EndpointLinksResolver [main] Exposing 2 endpoint(s) beneath base path '/actuator'
2019-09-19 15:53:51,426 INFO org.springframework.boot.StartupInfoLogger [main] Started MovieInfoServiceApplicationTests in 3.708 seconds (JVM running for 4.788)
2019-09-19 15:53:51,703 DEBUG org.springframework.context.support.AbstractApplicationContext [Thread-2] Closing org.springframework.web.context.support.GenericWebApplicationContext@7ce026d3, started on Thu Sep 19 15:53:48 BRT 2019
2019-09-19 15:53:51,725 INFO org.springframework.scheduling.concurrent.ExecutorConfigurationSupport [Thread-2] Shutting down ExecutorService 'applicationTaskExecutor'
2019-09-19 16:12:44,586 INFO org.springframework.boot.StartupInfoLogger [main] Starting MovieInfoServiceApplicationTests on localhost.localdomain with PID 15775 (started by dhiego in /home/dhiego/Drive/Developer/Claro/Microservices/Claro_Poc/Movel/Integracao/POC/movie-info-service-dev/movie-info-service)
2019-09-19 16:12:44,589 INFO org.springframework.boot.SpringApplication [main] No active profile set, falling back to default profiles: default
2019-09-19 16:12:44,674 DEBUG org.springframework.context.support.AbstractApplicationContext [main] Refreshing org.springframework.web.context.support.GenericWebApplicationContext@7ce026d3
2019-09-19 16:12:46,214 DEBUG org.springframework.web.servlet.handler.SimpleUrlHandlerMapping [main] Patterns [/**/favicon.ico] in 'faviconHandlerMapping'
2019-09-19 16:12:46,568 INFO org.springframework.scheduling.concurrent.ExecutorConfigurationSupport [main] Initializing ExecutorService 'applicationTaskExecutor'
2019-09-19 16:12:46,590 DEBUG org.springframework.web.servlet.mvc.method.annotation.RequestMappingHandlerAdapter [main] ControllerAdvice beans: 0 @ModelAttribute, 0 @InitBinder, 1 RequestBodyAdvice, 1 ResponseBodyAdvice
2019-09-19 16:12:46,778 DEBUG org.springframework.web.servlet.handler.AbstractHandlerMethodMapping [main] 3 mappings in 'requestMappingHandlerMapping'
2019-09-19 16:12:46,806 DEBUG org.springframework.web.servlet.handler.SimpleUrlHandlerMapping [main] Patterns [/webjars/**, /**] in 'resourceHandlerMapping'
2019-09-19 16:12:46,836 DEBUG org.springframework.web.servlet.mvc.method.annotation.ExceptionHandlerExceptionResolver [main] ControllerAdvice beans: 0 @ExceptionHandler, 1 ResponseBodyAdvice
2019-09-19 16:12:47,491 INFO org.springframework.boot.actuate.endpoint.web.EndpointLinksResolver [main] Exposing 2 endpoint(s) beneath base path '/actuator'
2019-09-19 16:12:47,581 INFO org.springframework.boot.StartupInfoLogger [main] Started MovieInfoServiceApplicationTests in 3.331 seconds (JVM running for 4.105)
2019-09-19 16:12:47,757 DEBUG org.springframework.context.support.AbstractApplicationContext [Thread-2] Closing org.springframework.web.context.support.GenericWebApplicationContext@7ce026d3, started on Thu Sep 19 16:12:44 BRT 2019
2019-09-19 16:12:47,761 INFO org.springframework.scheduling.concurrent.ExecutorConfigurationSupport [Thread-2] Shutting down ExecutorService 'applicationTaskExecutor'
2019-09-19 16:32:37,176 INFO org.springframework.boot.StartupInfoLogger [main] Starting MovieInfoServiceApplicationTests on localhost.localdomain with PID 18512 (started by dhiego in /home/dhiego/Drive/Developer/Claro/Microservices/Claro_Poc/Movel/Integracao/POC/movie-info-service-dev/movie-info-service)
2019-09-19 16:32:37,244 INFO org.springframework.boot.SpringApplication [main] No active profile set, falling back to default profiles: default
2019-09-19 16:32:37,346 DEBUG org.springframework.context.support.AbstractApplicationContext [main] Refreshing org.springframework.web.context.support.GenericWebApplicationContext@1750fbeb
2019-09-19 16:32:40,762 DEBUG org.springframework.web.servlet.handler.SimpleUrlHandlerMapping [main] Patterns [/**/favicon.ico] in 'faviconHandlerMapping'
2019-09-19 16:32:41,182 INFO org.springframework.scheduling.concurrent.ExecutorConfigurationSupport [main] Initializing ExecutorService 'applicationTaskExecutor'
2019-09-19 16:32:41,204 DEBUG org.springframework.web.servlet.mvc.method.annotation.RequestMappingHandlerAdapter [main] ControllerAdvice beans: 0 @ModelAttribute, 0 @InitBinder, 1 RequestBodyAdvice, 1 ResponseBodyAdvice
2019-09-19 16:32:41,503 DEBUG org.springframework.web.servlet.handler.AbstractHandlerMethodMapping [main] 3 mappings in 'requestMappingHandlerMapping'
2019-09-19 16:32:41,534 DEBUG org.springframework.web.servlet.handler.SimpleUrlHandlerMapping [main] Patterns [/webjars/**, /**] in 'resourceHandlerMapping'
2019-09-19 16:32:41,569 DEBUG org.springframework.web.servlet.mvc.method.annotation.ExceptionHandlerExceptionResolver [main] ControllerAdvice beans: 0 @ExceptionHandler, 1 ResponseBodyAdvice
2019-09-19 16:32:42,575 INFO org.springframework.boot.actuate.endpoint.web.EndpointLinksResolver [main] Exposing 2 endpoint(s) beneath base path '/actuator'
2019-09-19 16:32:42,735 INFO org.springframework.boot.StartupInfoLogger [main] Started MovieInfoServiceApplicationTests in 8.393 seconds (JVM running for 17.195)
2019-09-19 16:32:43,019 DEBUG org.springframework.context.support.AbstractApplicationContext [Thread-2] Closing org.springframework.web.context.support.GenericWebApplicationContext@1750fbeb, started on Thu Sep 19 16:32:37 BRT 2019
2019-09-19 16:32:43,022 INFO org.springframework.scheduling.concurrent.ExecutorConfigurationSupport [Thread-2] Shutting down ExecutorService 'applicationTaskExecutor'
2019-09-19 16:35:47,140 INFO org.springframework.boot.StartupInfoLogger [main] Starting MovieInfoServiceApplicationTests on localhost.localdomain with PID 18965 (started by dhiego in /home/dhiego/Drive/Developer/Claro/Microservices/Claro_Poc/Movel/Integracao/POC/movie-info-service-dev/movie-info-service)
2019-09-19 16:35:47,147 INFO org.springframework.boot.SpringApplication [main] No active profile set, falling back to default profiles: default
2019-09-19 16:35:47,270 DEBUG org.springframework.context.support.AbstractApplicationContext [main] Refreshing org.springframework.web.context.support.GenericWebApplicationContext@1750fbeb
2019-09-19 16:35:49,339 DEBUG org.springframework.web.servlet.handler.SimpleUrlHandlerMapping [main] Patterns [/**/favicon.ico] in 'faviconHandlerMapping'
2019-09-19 16:35:49,757 INFO org.springframework.scheduling.concurrent.ExecutorConfigurationSupport [main] Initializing ExecutorService 'applicationTaskExecutor'
2019-09-19 16:35:49,779 DEBUG org.springframework.web.servlet.mvc.method.annotation.RequestMappingHandlerAdapter [main] ControllerAdvice beans: 0 @ModelAttribute, 0 @InitBinder, 1 RequestBodyAdvice, 1 ResponseBodyAdvice
2019-09-19 16:35:50,071 DEBUG org.springframework.web.servlet.handler.AbstractHandlerMethodMapping [main] 3 mappings in 'requestMappingHandlerMapping'
2019-09-19 16:35:50,133 DEBUG org.springframework.web.servlet.handler.SimpleUrlHandlerMapping [main] Patterns [/webjars/**, /**] in 'resourceHandlerMapping'
2019-09-19 16:35:50,151 DEBUG org.springframework.web.servlet.mvc.method.annotation.ExceptionHandlerExceptionResolver [main] ControllerAdvice beans: 0 @ExceptionHandler, 1 ResponseBodyAdvice
2019-09-19 16:35:50,799 INFO org.springframework.boot.actuate.endpoint.web.EndpointLinksResolver [main] Exposing 2 endpoint(s) beneath base path '/actuator'
2019-09-19 16:35:50,928 INFO org.springframework.boot.StartupInfoLogger [main] Started MovieInfoServiceApplicationTests in 4.632 seconds (JVM running for 5.812)
2019-09-19 16:35:51,306 DEBUG org.springframework.context.support.AbstractApplicationContext [Thread-2] Closing org.springframework.web.context.support.GenericWebApplicationContext@1750fbeb, started on Thu Sep 19 16:35:47 BRT 2019
2019-09-19 16:35:51,324 INFO org.springframework.scheduling.concurrent.ExecutorConfigurationSupport [Thread-2] Shutting down ExecutorService 'applicationTaskExecutor'
