2019-09-04 15:52:37,754 INFO org.springframework.boot.StartupInfoLogger [main] Starting MovieInfoServiceApplication on localhost.localdomain with PID 25835 (/home/dhiego/Drive/Developer/Microservices/Claro_Poc/Movel/Integracao/POC/movie-info-service-dev/movie-info-service/target/classes started by dhiego in /home/dhiego/Drive/Developer/Microservices/Claro_Poc/Movel/Integracao/POC/movie-info-service-dev/movie-info-service)
2019-09-04 15:52:37,802 INFO org.springframework.boot.SpringApplication [main] No active profile set, falling back to default profiles: default
2019-09-04 15:52:38,814 INFO org.springframework.boot.web.embedded.tomcat.TomcatWebServer [main] Tomcat initialized with port(s): 8082 (http)
2019-09-04 15:52:38,843 INFO org.apache.juli.logging.DirectJDKLog [main] Initializing ProtocolHandler ["http-nio-8082"]
2019-09-04 15:52:38,850 INFO org.apache.juli.logging.DirectJDKLog [main] Starting service [Tomcat]
2019-09-04 15:52:38,850 INFO org.apache.juli.logging.DirectJDKLog [main] Starting Servlet engine: [Apache Tomcat/9.0.21]
2019-09-04 15:52:38,935 INFO org.apache.juli.logging.DirectJDKLog [main] Initializing Spring embedded WebApplicationContext
2019-09-04 15:52:38,935 DEBUG org.springframework.boot.web.servlet.context.ServletWebServerApplicationContext [main] Published root WebApplicationContext as ServletContext attribute with name [org.springframework.web.context.WebApplicationContext.ROOT]
2019-09-04 15:52:38,936 INFO org.springframework.boot.web.servlet.context.ServletWebServerApplicationContext [main] Root WebApplicationContext: initialization completed in 1027 ms
2019-09-04 15:52:39,297 INFO io.jaegertracing.Configuration [main] Initialized tracer=JaegerTracer(version=Java-0.34.0, serviceName=movie-info-service, reporter=CompositeReporter(reporters=[RemoteReporter(sender=UdpSender(), closeEnqueueTimeout=1000), LoggingReporter(logger=Logger[io.jaegertracing.internal.reporters.LoggingReporter])]), sampler=ConstSampler(decision=true, tags={sampler.type=const, sampler.param=true}), tags={hostname=localhost.localdomain, jaeger.version=Java-0.34.0, ip=127.0.0.1}, zipkinSharedRpcSpan=false, expandExceptionLogs=false, useTraceId128Bit=false)
2019-09-04 15:52:39,349 DEBUG org.springframework.web.servlet.handler.SimpleUrlHandlerMapping [main] Patterns [/**/favicon.ico] in 'faviconHandlerMapping'
2019-09-04 15:52:39,449 INFO org.springframework.scheduling.concurrent.ExecutorConfigurationSupport [main] Initializing ExecutorService 'applicationTaskExecutor'
2019-09-04 15:52:39,456 DEBUG org.springframework.web.servlet.mvc.method.annotation.RequestMappingHandlerAdapter [main] ControllerAdvice beans: 0 @ModelAttribute, 0 @InitBinder, 1 RequestBodyAdvice, 1 ResponseBodyAdvice
2019-09-04 15:52:39,487 DEBUG org.springframework.web.servlet.handler.AbstractHandlerMethodMapping [main] 3 mappings in 'requestMappingHandlerMapping'
2019-09-04 15:52:39,494 DEBUG org.springframework.web.servlet.handler.SimpleUrlHandlerMapping [main] Patterns [/webjars/**, /**] in 'resourceHandlerMapping'
2019-09-04 15:52:39,515 DEBUG org.springframework.web.servlet.mvc.method.annotation.ExceptionHandlerExceptionResolver [main] ControllerAdvice beans: 0 @ExceptionHandler, 1 ResponseBodyAdvice
2019-09-04 15:52:40,002 INFO org.springframework.boot.actuate.endpoint.web.EndpointLinksResolver [main] Exposing 2 endpoint(s) beneath base path '/actuator'
2019-09-04 15:52:40,058 INFO org.apache.juli.logging.DirectJDKLog [main] Starting ProtocolHandler ["http-nio-8082"]
2019-09-04 15:52:40,319 INFO org.springframework.boot.web.embedded.tomcat.TomcatWebServer [main] Tomcat started on port(s): 8082 (http) with context path ''
2019-09-04 15:52:40,322 INFO org.springframework.boot.StartupInfoLogger [main] Started MovieInfoServiceApplication in 3.898 seconds (JVM running for 9.733)
2019-09-04 15:54:24,708 INFO org.springframework.boot.admin.SpringApplicationAdminMXBeanRegistrar$SpringApplicationAdmin [RMI TCP Connection(12)-127.0.0.1] Application shutdown requested.
2019-09-04 15:54:24,716 INFO org.springframework.scheduling.concurrent.ExecutorConfigurationSupport [RMI TCP Connection(12)-127.0.0.1] Shutting down ExecutorService 'applicationTaskExecutor'
2019-09-04 15:54:29,496 INFO org.springframework.boot.StartupInfoLogger [main] Starting MovieInfoServiceApplication on localhost.localdomain with PID 26073 (/home/dhiego/Drive/Developer/Microservices/Claro_Poc/Movel/Integracao/POC/movie-info-service-dev/movie-info-service/target/classes started by dhiego in /home/dhiego/Drive/Developer/Microservices/Claro_Poc/Movel/Integracao/POC/movie-info-service-dev/movie-info-service)
2019-09-04 15:54:29,497 INFO org.springframework.boot.SpringApplication [main] No active profile set, falling back to default profiles: default
2019-09-04 15:54:30,353 INFO org.springframework.boot.web.embedded.tomcat.TomcatWebServer [main] Tomcat initialized with port(s): 8082 (http)
2019-09-04 15:54:30,363 INFO org.apache.juli.logging.DirectJDKLog [main] Initializing ProtocolHandler ["http-nio-8082"]
2019-09-04 15:54:30,371 INFO org.apache.juli.logging.DirectJDKLog [main] Starting service [Tomcat]
2019-09-04 15:54:30,371 INFO org.apache.juli.logging.DirectJDKLog [main] Starting Servlet engine: [Apache Tomcat/9.0.21]
2019-09-04 15:54:30,420 INFO org.apache.juli.logging.DirectJDKLog [main] Initializing Spring embedded WebApplicationContext
2019-09-04 15:54:30,420 DEBUG org.springframework.boot.web.servlet.context.ServletWebServerApplicationContext [main] Published root WebApplicationContext as ServletContext attribute with name [org.springframework.web.context.WebApplicationContext.ROOT]
2019-09-04 15:54:30,420 INFO org.springframework.boot.web.servlet.context.ServletWebServerApplicationContext [main] Root WebApplicationContext: initialization completed in 871 ms
2019-09-04 15:54:30,723 INFO io.jaegertracing.Configuration [main] Initialized tracer=JaegerTracer(version=Java-0.34.0, serviceName=movie-info-service, reporter=CompositeReporter(reporters=[RemoteReporter(sender=UdpSender(), closeEnqueueTimeout=1000), LoggingReporter(logger=Logger[io.jaegertracing.internal.reporters.LoggingReporter])]), sampler=ConstSampler(decision=true, tags={sampler.type=const, sampler.param=true}), tags={hostname=localhost.localdomain, jaeger.version=Java-0.34.0, ip=127.0.0.1}, zipkinSharedRpcSpan=false, expandExceptionLogs=false, useTraceId128Bit=false)
2019-09-04 15:54:30,756 DEBUG org.springframework.web.servlet.handler.SimpleUrlHandlerMapping [main] Patterns [/**/favicon.ico] in 'faviconHandlerMapping'
2019-09-04 15:54:30,822 INFO org.springframework.scheduling.concurrent.ExecutorConfigurationSupport [main] Initializing ExecutorService 'applicationTaskExecutor'
2019-09-04 15:54:30,831 DEBUG org.springframework.web.servlet.mvc.method.annotation.RequestMappingHandlerAdapter [main] ControllerAdvice beans: 0 @ModelAttribute, 0 @InitBinder, 1 RequestBodyAdvice, 1 ResponseBodyAdvice
2019-09-04 15:54:30,863 DEBUG org.springframework.web.servlet.handler.AbstractHandlerMethodMapping [main] 3 mappings in 'requestMappingHandlerMapping'
2019-09-04 15:54:30,872 DEBUG org.springframework.web.servlet.handler.SimpleUrlHandlerMapping [main] Patterns [/webjars/**, /**] in 'resourceHandlerMapping'
2019-09-04 15:54:31,009 DEBUG org.springframework.web.servlet.mvc.method.annotation.ExceptionHandlerExceptionResolver [main] ControllerAdvice beans: 0 @ExceptionHandler, 1 ResponseBodyAdvice
2019-09-04 15:54:31,225 INFO org.springframework.boot.actuate.endpoint.web.EndpointLinksResolver [main] Exposing 2 endpoint(s) beneath base path '/actuator'
2019-09-04 15:54:31,276 INFO org.apache.juli.logging.DirectJDKLog [main] Starting ProtocolHandler ["http-nio-8082"]
2019-09-04 15:54:31,300 INFO org.springframework.boot.web.embedded.tomcat.TomcatWebServer [main] Tomcat started on port(s): 8082 (http) with context path ''
2019-09-04 15:54:31,306 INFO org.springframework.boot.StartupInfoLogger [main] Started MovieInfoServiceApplication in 2.422 seconds (JVM running for 3.068)
2019-09-04 15:55:03,887 INFO org.apache.juli.logging.DirectJDKLog [http-nio-8082-exec-1] Initializing Spring DispatcherServlet 'dispatcherServlet'
2019-09-04 15:55:03,904 INFO org.springframework.web.servlet.FrameworkServlet [http-nio-8082-exec-1] Initializing Servlet 'dispatcherServlet'
2019-09-04 15:55:03,904 DEBUG org.springframework.web.servlet.DispatcherServlet [http-nio-8082-exec-1] Detected StandardServletMultipartResolver
2019-09-04 15:55:03,911 DEBUG org.springframework.web.servlet.FrameworkServlet [http-nio-8082-exec-1] enableLoggingRequestDetails='false': request parameters and headers will be masked to prevent unsafe logging of potentially sensitive data
2019-09-04 15:55:03,911 INFO org.springframework.web.servlet.FrameworkServlet [http-nio-8082-exec-1] Completed initialization in 7 ms
2019-09-04 15:55:03,918 INFO br.com.clarobr.movieinfoservice.correlation.CorrelationHeaderFilter [http-nio-8082-exec-1] No correlationId found in Header. Generated : 8342c35b-26d3-4e9f-955d-736313371645
2019-09-04 15:55:03,918 INFO br.com.clarobr.movieinfoservice.correlation.CorrelationHeaderFilter [http-nio-8082-exec-2] No correlationId found in Header. Generated : 251b4f8b-88d5-4ade-9387-3ec170a53777
2019-09-04 15:55:03,920 DEBUG org.springframework.core.log.LogFormatUtils [http-nio-8082-exec-2] GET "/movies/5678", parameters={}
2019-09-04 15:55:03,920 DEBUG org.springframework.core.log.LogFormatUtils [http-nio-8082-exec-1] GET "/movies/5678", parameters={}
2019-09-04 15:55:03,925 DEBUG org.springframework.web.servlet.handler.AbstractHandlerMapping [http-nio-8082-exec-2] Mapped to public br.com.clarobr.movieinfoservice.models.Movie br.com.clarobr.movieinfoservice.resources.MovieResource.getMovieInfo(java.lang.String,org.springframework.http.HttpHeaders)
2019-09-04 15:55:03,925 DEBUG org.springframework.web.servlet.handler.AbstractHandlerMapping [http-nio-8082-exec-1] Mapped to public br.com.clarobr.movieinfoservice.models.Movie br.com.clarobr.movieinfoservice.resources.MovieResource.getMovieInfo(java.lang.String,org.springframework.http.HttpHeaders)
2019-09-04 15:55:08,949 INFO io.jaegertracing.internal.reporters.LoggingReporter [http-nio-8082-exec-1] Span reported: 32ee588b20eba2e8:32ee588b20eba2e8:0:1 - /movies/{movieId}
2019-09-04 15:55:08,949 INFO io.jaegertracing.internal.reporters.LoggingReporter [http-nio-8082-exec-2] Span reported: 96cd636ed90134b0:96cd636ed90134b0:0:1 - /movies/{movieId}
2019-09-04 15:55:08,980 DEBUG org.springframework.web.servlet.mvc.method.annotation.AbstractMessageConverterMethodProcessor [http-nio-8082-exec-1] Using 'application/json', given [application/json, application/*+json] and supported [application/json, application/*+json, application/json, application/*+json]
2019-09-04 15:55:08,982 DEBUG org.springframework.core.log.LogFormatUtils [http-nio-8082-exec-1] Writing [br.com.clarobr.movieinfoservice.models.Movie@32f9f388]
2019-09-04 15:55:08,980 DEBUG org.springframework.web.servlet.mvc.method.annotation.AbstractMessageConverterMethodProcessor [http-nio-8082-exec-2] Using 'application/json', given [application/json, application/*+json] and supported [application/json, application/*+json, application/json, application/*+json]
2019-09-04 15:55:08,996 DEBUG org.springframework.core.log.LogFormatUtils [http-nio-8082-exec-2] Writing [br.com.clarobr.movieinfoservice.models.Movie@7cda64f8]
2019-09-04 15:55:09,071 DEBUG org.springframework.web.servlet.FrameworkServlet [http-nio-8082-exec-2] Completed 200 OK
2019-09-04 15:55:09,071 DEBUG org.springframework.web.servlet.FrameworkServlet [http-nio-8082-exec-1] Completed 200 OK
2019-09-04 15:57:32,471 INFO br.com.clarobr.movieinfoservice.correlation.CorrelationHeaderFilter [http-nio-8082-exec-3] No correlationId found in Header. Generated : 85320016-976f-4e6f-a108-ffa1bdcd1e42
2019-09-04 15:57:32,472 DEBUG org.springframework.core.log.LogFormatUtils [http-nio-8082-exec-3] GET "/movies/5678", parameters={}
2019-09-04 15:57:32,474 DEBUG org.springframework.web.servlet.handler.AbstractHandlerMapping [http-nio-8082-exec-3] Mapped to public br.com.clarobr.movieinfoservice.models.Movie br.com.clarobr.movieinfoservice.resources.MovieResource.getMovieInfo(java.lang.String,org.springframework.http.HttpHeaders)
2019-09-04 15:57:32,476 INFO br.com.clarobr.movieinfoservice.correlation.CorrelationHeaderFilter [http-nio-8082-exec-4] No correlationId found in Header. Generated : 473533aa-2622-44d3-b62d-3a289c8af6e8
2019-09-04 15:57:32,476 DEBUG org.springframework.core.log.LogFormatUtils [http-nio-8082-exec-4] GET "/movies/5678", parameters={}
2019-09-04 15:57:32,478 DEBUG org.springframework.web.servlet.handler.AbstractHandlerMapping [http-nio-8082-exec-4] Mapped to public br.com.clarobr.movieinfoservice.models.Movie br.com.clarobr.movieinfoservice.resources.MovieResource.getMovieInfo(java.lang.String,org.springframework.http.HttpHeaders)
2019-09-04 15:57:37,476 INFO io.jaegertracing.internal.reporters.LoggingReporter [http-nio-8082-exec-3] Span reported: 66f8bfcb39d89599:66f8bfcb39d89599:0:1 - /movies/{movieId}
2019-09-04 15:57:37,479 DEBUG org.springframework.web.servlet.mvc.method.annotation.AbstractMessageConverterMethodProcessor [http-nio-8082-exec-3] Using 'application/json', given [application/json, application/*+json] and supported [application/json, application/*+json, application/json, application/*+json]
2019-09-04 15:57:37,479 INFO io.jaegertracing.internal.reporters.LoggingReporter [http-nio-8082-exec-4] Span reported: 777b0521cd029f02:777b0521cd029f02:0:1 - /movies/{movieId}
2019-09-04 15:57:37,480 DEBUG org.springframework.core.log.LogFormatUtils [http-nio-8082-exec-3] Writing [br.com.clarobr.movieinfoservice.models.Movie@598f2117]
2019-09-04 15:57:37,481 DEBUG org.springframework.web.servlet.mvc.method.annotation.AbstractMessageConverterMethodProcessor [http-nio-8082-exec-4] Using 'application/json', given [application/json, application/*+json] and supported [application/json, application/*+json, application/json, application/*+json]
2019-09-04 15:57:37,482 DEBUG org.springframework.core.log.LogFormatUtils [http-nio-8082-exec-4] Writing [br.com.clarobr.movieinfoservice.models.Movie@673c326e]
2019-09-04 15:57:37,486 DEBUG org.springframework.web.servlet.FrameworkServlet [http-nio-8082-exec-3] Completed 200 OK
2019-09-04 15:57:37,488 DEBUG org.springframework.web.servlet.FrameworkServlet [http-nio-8082-exec-4] Completed 200 OK
2019-09-04 16:02:42,987 INFO br.com.clarobr.movieinfoservice.correlation.CorrelationHeaderFilter [http-nio-8082-exec-5] Found correlationId in Header : abc
2019-09-04 16:02:42,990 DEBUG org.springframework.core.log.LogFormatUtils [http-nio-8082-exec-5] GET "/movies/5678", parameters={}
2019-09-04 16:02:42,992 DEBUG org.springframework.web.servlet.handler.AbstractHandlerMapping [http-nio-8082-exec-5] Mapped to public br.com.clarobr.movieinfoservice.models.Movie br.com.clarobr.movieinfoservice.resources.MovieResource.getMovieInfo(java.lang.String,org.springframework.http.HttpHeaders)
2019-09-04 16:02:42,992 INFO br.com.clarobr.movieinfoservice.correlation.CorrelationHeaderFilter [http-nio-8082-exec-6] Found correlationId in Header : abc
2019-09-04 16:02:42,993 DEBUG org.springframework.core.log.LogFormatUtils [http-nio-8082-exec-6] GET "/movies/5678", parameters={}
2019-09-04 16:02:42,998 DEBUG org.springframework.web.servlet.handler.AbstractHandlerMapping [http-nio-8082-exec-6] Mapped to public br.com.clarobr.movieinfoservice.models.Movie br.com.clarobr.movieinfoservice.resources.MovieResource.getMovieInfo(java.lang.String,org.springframework.http.HttpHeaders)
2019-09-04 16:02:47,994 INFO io.jaegertracing.internal.reporters.LoggingReporter [http-nio-8082-exec-5] Span reported: 9aa558af048dfccd:9aa558af048dfccd:0:1 - /movies/{movieId}
2019-09-04 16:02:47,995 DEBUG org.springframework.web.servlet.mvc.method.annotation.AbstractMessageConverterMethodProcessor [http-nio-8082-exec-5] Using 'application/json', given [application/json, application/*+json] and supported [application/json, application/*+json, application/json, application/*+json]
2019-09-04 16:02:47,995 DEBUG org.springframework.core.log.LogFormatUtils [http-nio-8082-exec-5] Writing [br.com.clarobr.movieinfoservice.models.Movie@509845cf]
2019-09-04 16:02:47,996 DEBUG org.springframework.web.servlet.FrameworkServlet [http-nio-8082-exec-5] Completed 200 OK
2019-09-04 16:02:47,998 INFO io.jaegertracing.internal.reporters.LoggingReporter [http-nio-8082-exec-6] Span reported: 69114e596e326168:69114e596e326168:0:1 - /movies/{movieId}
2019-09-04 16:02:47,999 DEBUG org.springframework.web.servlet.mvc.method.annotation.AbstractMessageConverterMethodProcessor [http-nio-8082-exec-6] Using 'application/json', given [application/json, application/*+json] and supported [application/json, application/*+json, application/json, application/*+json]
2019-09-04 16:02:48,000 DEBUG org.springframework.core.log.LogFormatUtils [http-nio-8082-exec-6] Writing [br.com.clarobr.movieinfoservice.models.Movie@703fda2f]
2019-09-04 16:02:48,001 DEBUG org.springframework.web.servlet.FrameworkServlet [http-nio-8082-exec-6] Completed 200 OK
2019-09-04 16:07:57,952 INFO br.com.clarobr.movieinfoservice.correlation.CorrelationHeaderFilter [http-nio-8082-exec-7] Found correlationId in Header : 12345678
2019-09-04 16:07:57,953 DEBUG org.springframework.core.log.LogFormatUtils [http-nio-8082-exec-7] GET "/movies/1234", parameters={}
2019-09-04 16:07:57,954 INFO br.com.clarobr.movieinfoservice.correlation.CorrelationHeaderFilter [http-nio-8082-exec-8] Found correlationId in Header : 12345678
2019-09-04 16:07:57,954 DEBUG org.springframework.web.servlet.handler.AbstractHandlerMapping [http-nio-8082-exec-7] Mapped to public br.com.clarobr.movieinfoservice.models.Movie br.com.clarobr.movieinfoservice.resources.MovieResource.getMovieInfo(java.lang.String,org.springframework.http.HttpHeaders)
2019-09-04 16:07:57,954 DEBUG org.springframework.core.log.LogFormatUtils [http-nio-8082-exec-8] GET "/movies/5678", parameters={}
2019-09-04 16:07:57,956 DEBUG org.springframework.web.servlet.handler.AbstractHandlerMapping [http-nio-8082-exec-8] Mapped to public br.com.clarobr.movieinfoservice.models.Movie br.com.clarobr.movieinfoservice.resources.MovieResource.getMovieInfo(java.lang.String,org.springframework.http.HttpHeaders)
2019-09-04 16:08:02,955 INFO io.jaegertracing.internal.reporters.LoggingReporter [http-nio-8082-exec-7] Span reported: 49ccbc67a1f34e23:49ccbc67a1f34e23:0:1 - /movies/{movieId}
2019-09-04 16:08:02,957 INFO io.jaegertracing.internal.reporters.LoggingReporter [http-nio-8082-exec-8] Span reported: a74fa4db2eea6c0d:a74fa4db2eea6c0d:0:1 - /movies/{movieId}
2019-09-04 16:08:02,959 DEBUG org.springframework.web.servlet.mvc.method.annotation.AbstractMessageConverterMethodProcessor [http-nio-8082-exec-7] Using 'application/json', given [application/json, application/*+json] and supported [application/json, application/*+json, application/json, application/*+json]
2019-09-04 16:08:02,960 DEBUG org.springframework.web.servlet.mvc.method.annotation.AbstractMessageConverterMethodProcessor [http-nio-8082-exec-8] Using 'application/json', given [application/json, application/*+json] and supported [application/json, application/*+json, application/json, application/*+json]
2019-09-04 16:08:02,960 DEBUG org.springframework.core.log.LogFormatUtils [http-nio-8082-exec-7] Writing [br.com.clarobr.movieinfoservice.models.Movie@2e55a867]
2019-09-04 16:08:02,961 DEBUG org.springframework.core.log.LogFormatUtils [http-nio-8082-exec-8] Writing [br.com.clarobr.movieinfoservice.models.Movie@7c8f6a26]
2019-09-04 16:08:02,968 DEBUG org.springframework.web.servlet.FrameworkServlet [http-nio-8082-exec-7] Completed 200 OK
2019-09-04 16:08:02,976 DEBUG org.springframework.web.servlet.FrameworkServlet [http-nio-8082-exec-8] Completed 200 OK
2019-09-04 16:15:17,983 INFO org.springframework.boot.admin.SpringApplicationAdminMXBeanRegistrar$SpringApplicationAdmin [RMI TCP Connection(34)-127.0.0.1] Application shutdown requested.
2019-09-04 16:15:18,559 INFO org.springframework.scheduling.concurrent.ExecutorConfigurationSupport [RMI TCP Connection(34)-127.0.0.1] Shutting down ExecutorService 'applicationTaskExecutor'
2019-09-04 16:20:32,305 INFO org.springframework.boot.StartupInfoLogger [main] Starting MovieInfoServiceApplication on localhost.localdomain with PID 28888 (/home/dhiego/Drive/Developer/Microservices/Claro_Poc/Movel/Integracao/POC/movie-info-service-dev/movie-info-service/target/classes started by dhiego in /home/dhiego/Drive/Developer/Microservices/Claro_Poc/Movel/Integracao/POC/movie-info-service-dev/movie-info-service)
2019-09-04 16:20:32,308 INFO org.springframework.boot.SpringApplication [main] No active profile set, falling back to default profiles: default
2019-09-04 16:20:33,309 INFO org.springframework.boot.web.embedded.tomcat.TomcatWebServer [main] Tomcat initialized with port(s): 8082 (http)
2019-09-04 16:20:33,319 INFO org.apache.juli.logging.DirectJDKLog [main] Initializing ProtocolHandler ["http-nio-8082"]
2019-09-04 16:20:33,327 INFO org.apache.juli.logging.DirectJDKLog [main] Starting service [Tomcat]
2019-09-04 16:20:33,327 INFO org.apache.juli.logging.DirectJDKLog [main] Starting Servlet engine: [Apache Tomcat/9.0.21]
2019-09-04 16:20:33,376 INFO org.apache.juli.logging.DirectJDKLog [main] Initializing Spring embedded WebApplicationContext
2019-09-04 16:20:33,376 DEBUG org.springframework.boot.web.servlet.context.ServletWebServerApplicationContext [main] Published root WebApplicationContext as ServletContext attribute with name [org.springframework.web.context.WebApplicationContext.ROOT]
2019-09-04 16:20:33,377 INFO org.springframework.boot.web.servlet.context.ServletWebServerApplicationContext [main] Root WebApplicationContext: initialization completed in 1016 ms
2019-09-04 16:20:33,661 INFO io.jaegertracing.Configuration [main] Initialized tracer=JaegerTracer(version=Java-0.34.0, serviceName=movie-info-service, reporter=CompositeReporter(reporters=[RemoteReporter(sender=UdpSender(), closeEnqueueTimeout=1000), LoggingReporter(logger=Logger[io.jaegertracing.internal.reporters.LoggingReporter])]), sampler=ConstSampler(decision=true, tags={sampler.type=const, sampler.param=true}), tags={hostname=localhost.localdomain, jaeger.version=Java-0.34.0, ip=127.0.0.1}, zipkinSharedRpcSpan=false, expandExceptionLogs=false, useTraceId128Bit=false)
2019-09-04 16:20:33,692 DEBUG org.springframework.web.servlet.handler.SimpleUrlHandlerMapping [main] Patterns [/**/favicon.ico] in 'faviconHandlerMapping'
2019-09-04 16:20:33,758 INFO org.springframework.scheduling.concurrent.ExecutorConfigurationSupport [main] Initializing ExecutorService 'applicationTaskExecutor'
2019-09-04 16:20:33,765 DEBUG org.springframework.web.servlet.mvc.method.annotation.RequestMappingHandlerAdapter [main] ControllerAdvice beans: 0 @ModelAttribute, 0 @InitBinder, 1 RequestBodyAdvice, 1 ResponseBodyAdvice
2019-09-04 16:20:33,799 DEBUG org.springframework.web.servlet.handler.AbstractHandlerMethodMapping [main] 3 mappings in 'requestMappingHandlerMapping'
2019-09-04 16:20:33,809 DEBUG org.springframework.web.servlet.handler.SimpleUrlHandlerMapping [main] Patterns [/webjars/**, /**] in 'resourceHandlerMapping'
2019-09-04 16:20:33,815 DEBUG org.springframework.web.servlet.mvc.method.annotation.ExceptionHandlerExceptionResolver [main] ControllerAdvice beans: 0 @ExceptionHandler, 1 ResponseBodyAdvice
2019-09-04 16:20:34,077 INFO org.springframework.boot.actuate.endpoint.web.EndpointLinksResolver [main] Exposing 2 endpoint(s) beneath base path '/actuator'
2019-09-04 16:20:34,113 INFO org.apache.juli.logging.DirectJDKLog [main] Starting ProtocolHandler ["http-nio-8082"]
2019-09-04 16:20:34,127 INFO org.springframework.boot.web.embedded.tomcat.TomcatWebServer [main] Tomcat started on port(s): 8082 (http) with context path ''
2019-09-04 16:20:34,129 INFO org.springframework.boot.StartupInfoLogger [main] Started MovieInfoServiceApplication in 2.15 seconds (JVM running for 2.534)
2019-09-04 16:21:31,421 INFO org.apache.juli.logging.DirectJDKLog [http-nio-8082-exec-1] Initializing Spring DispatcherServlet 'dispatcherServlet'
2019-09-04 16:21:31,421 INFO org.springframework.web.servlet.FrameworkServlet [http-nio-8082-exec-1] Initializing Servlet 'dispatcherServlet'
2019-09-04 16:21:31,421 DEBUG org.springframework.web.servlet.DispatcherServlet [http-nio-8082-exec-1] Detected StandardServletMultipartResolver
2019-09-04 16:21:31,425 DEBUG org.springframework.web.servlet.FrameworkServlet [http-nio-8082-exec-1] enableLoggingRequestDetails='false': request parameters and headers will be masked to prevent unsafe logging of potentially sensitive data
2019-09-04 16:21:31,426 INFO org.springframework.web.servlet.FrameworkServlet [http-nio-8082-exec-1] Completed initialization in 5 ms
2019-09-04 16:21:31,432 INFO br.com.clarobr.movieinfoservice.correlation.CorrelationHeaderFilter [http-nio-8082-exec-1] Found correlationId in Header : 12345678
2019-09-04 16:21:31,432 INFO br.com.clarobr.movieinfoservice.correlation.CorrelationHeaderFilter [http-nio-8082-exec-2] Found correlationId in Header : 12345678
2019-09-04 16:21:31,433 DEBUG org.springframework.core.log.LogFormatUtils [http-nio-8082-exec-1] GET "/movies/5678", parameters={}
2019-09-04 16:21:31,434 DEBUG org.springframework.core.log.LogFormatUtils [http-nio-8082-exec-2] GET "/movies/5678", parameters={}
2019-09-04 16:21:31,442 DEBUG org.springframework.web.servlet.handler.AbstractHandlerMapping [http-nio-8082-exec-2] Mapped to public br.com.clarobr.movieinfoservice.models.Movie br.com.clarobr.movieinfoservice.resources.MovieResource.getMovieInfo(java.lang.String,org.springframework.http.HttpHeaders)
2019-09-04 16:21:31,442 DEBUG org.springframework.web.servlet.handler.AbstractHandlerMapping [http-nio-8082-exec-1] Mapped to public br.com.clarobr.movieinfoservice.models.Movie br.com.clarobr.movieinfoservice.resources.MovieResource.getMovieInfo(java.lang.String,org.springframework.http.HttpHeaders)
2019-09-04 16:21:36,470 INFO io.jaegertracing.internal.reporters.LoggingReporter [http-nio-8082-exec-1] Span reported: 917fb2cb14aec37b:917fb2cb14aec37b:0:1 - /movies/{movieId}
2019-09-04 16:21:36,470 INFO io.jaegertracing.internal.reporters.LoggingReporter [http-nio-8082-exec-2] Span reported: 898dadb5bb61c9:898dadb5bb61c9:0:1 - /movies/{movieId}
2019-09-04 16:21:36,540 DEBUG org.springframework.web.servlet.mvc.method.annotation.AbstractMessageConverterMethodProcessor [http-nio-8082-exec-1] Using 'application/json', given [application/json, application/*+json] and supported [application/json, application/*+json, application/json, application/*+json]
2019-09-04 16:21:36,540 DEBUG org.springframework.web.servlet.mvc.method.annotation.AbstractMessageConverterMethodProcessor [http-nio-8082-exec-2] Using 'application/json', given [application/json, application/*+json] and supported [application/json, application/*+json, application/json, application/*+json]
2019-09-04 16:21:36,540 DEBUG org.springframework.core.log.LogFormatUtils [http-nio-8082-exec-1] Writing [br.com.clarobr.movieinfoservice.models.Movie@7518c3d5]
2019-09-04 16:21:36,540 DEBUG org.springframework.core.log.LogFormatUtils [http-nio-8082-exec-2] Writing [br.com.clarobr.movieinfoservice.models.Movie@6a1030a0]
2019-09-04 16:21:36,551 DEBUG org.springframework.web.servlet.FrameworkServlet [http-nio-8082-exec-1] Completed 200 OK
2019-09-04 16:21:36,551 DEBUG org.springframework.web.servlet.FrameworkServlet [http-nio-8082-exec-2] Completed 200 OK
2019-09-04 16:22:04,933 INFO org.springframework.boot.admin.SpringApplicationAdminMXBeanRegistrar$SpringApplicationAdmin [RMI TCP Connection(9)-127.0.0.1] Application shutdown requested.
2019-09-04 16:22:04,937 INFO org.springframework.scheduling.concurrent.ExecutorConfigurationSupport [RMI TCP Connection(9)-127.0.0.1] Shutting down ExecutorService 'applicationTaskExecutor'
2019-09-04 16:35:28,036 INFO org.springframework.boot.StartupInfoLogger [main] Starting MovieInfoServiceApplication on localhost.localdomain with PID 30766 (/home/dhiego/Drive/Developer/Microservices/Claro_Poc/Movel/Integracao/POC/movie-info-service-dev/movie-info-service/target/classes started by dhiego in /home/dhiego/Drive/Developer/Microservices/Claro_Poc/Movel/Integracao/POC/movie-info-service-dev/movie-info-service)
2019-09-04 16:35:28,137 INFO org.springframework.boot.SpringApplication [main] No active profile set, falling back to default profiles: default
2019-09-04 16:35:29,002 INFO org.springframework.boot.web.embedded.tomcat.TomcatWebServer [main] Tomcat initialized with port(s): 8082 (http)
2019-09-04 16:35:29,010 INFO org.apache.juli.logging.DirectJDKLog [main] Initializing ProtocolHandler ["http-nio-8082"]
2019-09-04 16:35:29,017 INFO org.apache.juli.logging.DirectJDKLog [main] Starting service [Tomcat]
2019-09-04 16:35:29,018 INFO org.apache.juli.logging.DirectJDKLog [main] Starting Servlet engine: [Apache Tomcat/9.0.21]
2019-09-04 16:35:29,064 INFO org.apache.juli.logging.DirectJDKLog [main] Initializing Spring embedded WebApplicationContext
2019-09-04 16:35:29,064 DEBUG org.springframework.boot.web.servlet.context.ServletWebServerApplicationContext [main] Published root WebApplicationContext as ServletContext attribute with name [org.springframework.web.context.WebApplicationContext.ROOT]
2019-09-04 16:35:29,065 INFO org.springframework.boot.web.servlet.context.ServletWebServerApplicationContext [main] Root WebApplicationContext: initialization completed in 885 ms
2019-09-04 16:35:29,416 INFO io.jaegertracing.Configuration [main] Initialized tracer=JaegerTracer(version=Java-0.34.0, serviceName=movie-info-service, reporter=CompositeReporter(reporters=[RemoteReporter(sender=UdpSender(), closeEnqueueTimeout=1000), LoggingReporter(logger=Logger[io.jaegertracing.internal.reporters.LoggingReporter])]), sampler=ConstSampler(decision=true, tags={sampler.type=const, sampler.param=true}), tags={hostname=localhost.localdomain, jaeger.version=Java-0.34.0, ip=127.0.0.1}, zipkinSharedRpcSpan=false, expandExceptionLogs=false, useTraceId128Bit=false)
2019-09-04 16:35:29,455 DEBUG org.springframework.web.servlet.handler.SimpleUrlHandlerMapping [main] Patterns [/**/favicon.ico] in 'faviconHandlerMapping'
2019-09-04 16:35:29,546 INFO org.springframework.scheduling.concurrent.ExecutorConfigurationSupport [main] Initializing ExecutorService 'applicationTaskExecutor'
2019-09-04 16:35:29,558 DEBUG org.springframework.web.servlet.mvc.method.annotation.RequestMappingHandlerAdapter [main] ControllerAdvice beans: 0 @ModelAttribute, 0 @InitBinder, 1 RequestBodyAdvice, 1 ResponseBodyAdvice
2019-09-04 16:35:29,600 DEBUG org.springframework.web.servlet.handler.AbstractHandlerMethodMapping [main] 3 mappings in 'requestMappingHandlerMapping'
2019-09-04 16:35:29,709 DEBUG org.springframework.web.servlet.handler.SimpleUrlHandlerMapping [main] Patterns [/webjars/**, /**] in 'resourceHandlerMapping'
2019-09-04 16:35:29,720 DEBUG org.springframework.web.servlet.mvc.method.annotation.ExceptionHandlerExceptionResolver [main] ControllerAdvice beans: 0 @ExceptionHandler, 1 ResponseBodyAdvice
2019-09-04 16:35:29,893 INFO org.springframework.boot.actuate.endpoint.web.EndpointLinksResolver [main] Exposing 2 endpoint(s) beneath base path '/actuator'
2019-09-04 16:35:29,939 INFO org.apache.juli.logging.DirectJDKLog [main] Starting ProtocolHandler ["http-nio-8082"]
2019-09-04 16:35:29,954 INFO org.springframework.boot.web.embedded.tomcat.TomcatWebServer [main] Tomcat started on port(s): 8082 (http) with context path ''
2019-09-04 16:35:29,956 INFO org.springframework.boot.StartupInfoLogger [main] Started MovieInfoServiceApplication in 2.55 seconds (JVM running for 3.009)
2019-09-04 16:35:57,745 INFO org.apache.juli.logging.DirectJDKLog [http-nio-8082-exec-1] Initializing Spring DispatcherServlet 'dispatcherServlet'
2019-09-04 16:35:57,763 INFO org.springframework.web.servlet.FrameworkServlet [http-nio-8082-exec-1] Initializing Servlet 'dispatcherServlet'
2019-09-04 16:35:57,766 DEBUG org.springframework.web.servlet.DispatcherServlet [http-nio-8082-exec-1] Detected StandardServletMultipartResolver
2019-09-04 16:35:57,782 DEBUG org.springframework.web.servlet.FrameworkServlet [http-nio-8082-exec-1] enableLoggingRequestDetails='false': request parameters and headers will be masked to prevent unsafe logging of potentially sensitive data
2019-09-04 16:35:57,783 INFO org.springframework.web.servlet.FrameworkServlet [http-nio-8082-exec-1] Completed initialization in 18 ms
2019-09-04 16:35:57,792 INFO br.com.clarobr.movieinfoservice.correlation.CorrelationHeaderFilter [http-nio-8082-exec-1] Found correlationId in Header : 12345678
2019-09-04 16:35:57,792 INFO br.com.clarobr.movieinfoservice.correlation.CorrelationHeaderFilter [http-nio-8082-exec-2] Found correlationId in Header : 12345678
2019-09-04 16:35:57,871 DEBUG org.springframework.core.log.LogFormatUtils [http-nio-8082-exec-2] GET "/movies/5678", parameters={}
2019-09-04 16:35:57,871 DEBUG org.springframework.core.log.LogFormatUtils [http-nio-8082-exec-1] GET "/movies/5678", parameters={}
2019-09-04 16:35:57,892 DEBUG org.springframework.web.servlet.handler.AbstractHandlerMapping [http-nio-8082-exec-1] Mapped to public br.com.clarobr.movieinfoservice.models.Movie br.com.clarobr.movieinfoservice.resources.MovieResource.getMovieInfo(java.lang.String,org.springframework.http.HttpHeaders)
2019-09-04 16:35:57,892 DEBUG org.springframework.web.servlet.handler.AbstractHandlerMapping [http-nio-8082-exec-2] Mapped to public br.com.clarobr.movieinfoservice.models.Movie br.com.clarobr.movieinfoservice.resources.MovieResource.getMovieInfo(java.lang.String,org.springframework.http.HttpHeaders)
2019-09-04 16:36:02,926 INFO io.jaegertracing.internal.reporters.LoggingReporter [http-nio-8082-exec-2] Span reported: c7db074e92098bb4:c7db074e92098bb4:0:1 - /movies/{movieId}
2019-09-04 16:36:02,926 INFO io.jaegertracing.internal.reporters.LoggingReporter [http-nio-8082-exec-1] Span reported: 8bebda062c14b5f8:8bebda062c14b5f8:0:1 - /movies/{movieId}
2019-09-04 16:36:02,952 DEBUG org.springframework.web.servlet.mvc.method.annotation.AbstractMessageConverterMethodProcessor [http-nio-8082-exec-1] Using 'application/json', given [application/json, application/*+json] and supported [application/json, application/*+json, application/json, application/*+json]
2019-09-04 16:36:02,953 DEBUG org.springframework.web.servlet.mvc.method.annotation.AbstractMessageConverterMethodProcessor [http-nio-8082-exec-2] Using 'application/json', given [application/json, application/*+json] and supported [application/json, application/*+json, application/json, application/*+json]
2019-09-04 16:36:02,955 DEBUG org.springframework.core.log.LogFormatUtils [http-nio-8082-exec-2] Writing [br.com.clarobr.movieinfoservice.models.Movie@1acb2042]
2019-09-04 16:36:02,955 DEBUG org.springframework.core.log.LogFormatUtils [http-nio-8082-exec-1] Writing [br.com.clarobr.movieinfoservice.models.Movie@434f7eb3]
2019-09-04 16:36:02,973 DEBUG org.springframework.web.servlet.FrameworkServlet [http-nio-8082-exec-2] Completed 200 OK
2019-09-04 16:36:02,973 DEBUG org.springframework.web.servlet.FrameworkServlet [http-nio-8082-exec-1] Completed 200 OK
2019-09-04 16:36:15,026 INFO org.springframework.boot.admin.SpringApplicationAdminMXBeanRegistrar$SpringApplicationAdmin [RMI TCP Connection(14)-127.0.0.1] Application shutdown requested.
2019-09-04 16:36:15,029 INFO org.springframework.scheduling.concurrent.ExecutorConfigurationSupport [RMI TCP Connection(14)-127.0.0.1] Shutting down ExecutorService 'applicationTaskExecutor'
