2019-09-10 18:57:43,563 INFO org.springframework.boot.StartupInfoLogger [main] Starting MovieInfoServiceApplication on localhost.localdomain with PID 17026 (/home/dhiego/Drive/Developer/Microservices/Claro_Poc/Movel/Integracao/POC/movie-info-service-dev/movie-info-service/target/classes started by dhiego in /home/dhiego/Drive/Developer/Microservices/Claro_Poc/Movel/Integracao/POC/movie-info-service-dev/movie-info-service)
2019-09-10 18:57:43,682 INFO org.springframework.boot.SpringApplication [main] No active profile set, falling back to default profiles: default
2019-09-10 18:57:46,134 INFO org.springframework.boot.web.embedded.tomcat.TomcatWebServer [main] Tomcat initialized with port(s): 8082 (http)
2019-09-10 18:57:46,184 INFO org.apache.juli.logging.DirectJDKLog [main] Initializing ProtocolHandler ["http-nio-8082"]
2019-09-10 18:57:46,239 INFO org.apache.juli.logging.DirectJDKLog [main] Starting service [Tomcat]
2019-09-10 18:57:46,241 INFO org.apache.juli.logging.DirectJDKLog [main] Starting Servlet engine: [Apache Tomcat/9.0.21]
2019-09-10 18:57:46,364 INFO org.apache.juli.logging.DirectJDKLog [main] Initializing Spring embedded WebApplicationContext
2019-09-10 18:57:46,364 DEBUG org.springframework.boot.web.servlet.context.ServletWebServerApplicationContext [main] Published root WebApplicationContext as ServletContext attribute with name [org.springframework.web.context.WebApplicationContext.ROOT]
2019-09-10 18:57:46,364 INFO org.springframework.boot.web.servlet.context.ServletWebServerApplicationContext [main] Root WebApplicationContext: initialization completed in 2560 ms
2019-09-10 18:57:46,786 DEBUG org.springframework.web.servlet.handler.SimpleUrlHandlerMapping [main] Patterns [/**/favicon.ico] in 'faviconHandlerMapping'
2019-09-10 18:57:46,903 INFO org.springframework.scheduling.concurrent.ExecutorConfigurationSupport [main] Initializing ExecutorService 'applicationTaskExecutor'
2019-09-10 18:57:46,915 DEBUG org.springframework.web.servlet.mvc.method.annotation.RequestMappingHandlerAdapter [main] ControllerAdvice beans: 0 @ModelAttribute, 0 @InitBinder, 1 RequestBodyAdvice, 1 ResponseBodyAdvice
2019-09-10 18:57:46,970 DEBUG org.springframework.web.servlet.handler.AbstractHandlerMethodMapping [main] 3 mappings in 'requestMappingHandlerMapping'
2019-09-10 18:57:46,978 DEBUG org.springframework.web.servlet.handler.SimpleUrlHandlerMapping [main] Patterns [/webjars/**, /**] in 'resourceHandlerMapping'
2019-09-10 18:57:46,984 DEBUG org.springframework.web.servlet.mvc.method.annotation.ExceptionHandlerExceptionResolver [main] ControllerAdvice beans: 0 @ExceptionHandler, 1 ResponseBodyAdvice
2019-09-10 18:57:47,408 INFO org.springframework.boot.actuate.endpoint.web.EndpointLinksResolver [main] Exposing 2 endpoint(s) beneath base path '/actuator'
2019-09-10 18:57:47,442 INFO org.apache.juli.logging.DirectJDKLog [main] Starting ProtocolHandler ["http-nio-8082"]
2019-09-10 18:57:47,536 INFO org.springframework.boot.web.embedded.tomcat.TomcatWebServer [main] Tomcat started on port(s): 8082 (http) with context path ''
2019-09-10 18:57:47,538 INFO org.springframework.boot.StartupInfoLogger [main] Started MovieInfoServiceApplication in 5.535 seconds (JVM running for 8.542)
2019-09-10 18:57:48,697 INFO org.apache.juli.logging.DirectJDKLog [RMI TCP Connection(4)-127.0.0.1] Initializing Spring DispatcherServlet 'dispatcherServlet'
2019-09-10 18:57:48,697 INFO org.springframework.web.servlet.FrameworkServlet [RMI TCP Connection(4)-127.0.0.1] Initializing Servlet 'dispatcherServlet'
2019-09-10 18:57:48,698 DEBUG org.springframework.web.servlet.DispatcherServlet [RMI TCP Connection(4)-127.0.0.1] Detected StandardServletMultipartResolver
2019-09-10 18:57:48,705 DEBUG org.springframework.web.servlet.FrameworkServlet [RMI TCP Connection(4)-127.0.0.1] enableLoggingRequestDetails='false': request parameters and headers will be masked to prevent unsafe logging of potentially sensitive data
2019-09-10 18:57:48,705 INFO org.springframework.web.servlet.FrameworkServlet [RMI TCP Connection(4)-127.0.0.1] Completed initialization in 7 ms
2019-09-10 18:58:49,959 INFO br.com.clarobr.movieinfoservice.correlation.CorrelationHeaderFilter [http-nio-8082-exec-1] Found correlationId in Header : 12345678
2019-09-10 18:58:49,959 INFO br.com.clarobr.movieinfoservice.correlation.CorrelationHeaderFilter [http-nio-8082-exec-2] Found correlationId in Header : 12345678
2019-09-10 18:58:50,134 DEBUG org.springframework.core.log.LogFormatUtils [http-nio-8082-exec-2] GET "/movies/5678", parameters={}
2019-09-10 18:58:50,134 DEBUG org.springframework.core.log.LogFormatUtils [http-nio-8082-exec-1] GET "/movies/5678", parameters={}
2019-09-10 18:58:50,172 DEBUG org.springframework.web.servlet.handler.AbstractHandlerMapping [http-nio-8082-exec-1] Mapped to public br.com.clarobr.movieinfoservice.models.Movie br.com.clarobr.movieinfoservice.resources.MovieResource.getMovieInfo(java.lang.String,org.springframework.http.HttpHeaders)
2019-09-10 18:58:50,172 DEBUG org.springframework.web.servlet.handler.AbstractHandlerMapping [http-nio-8082-exec-2] Mapped to public br.com.clarobr.movieinfoservice.models.Movie br.com.clarobr.movieinfoservice.resources.MovieResource.getMovieInfo(java.lang.String,org.springframework.http.HttpHeaders)
2019-09-10 18:58:55,293 DEBUG org.springframework.web.servlet.mvc.method.annotation.AbstractMessageConverterMethodProcessor [http-nio-8082-exec-1] Using 'application/json', given [*/*] and supported [application/json, application/*+json, application/json, application/*+json]
2019-09-10 18:58:55,293 DEBUG org.springframework.web.servlet.mvc.method.annotation.AbstractMessageConverterMethodProcessor [http-nio-8082-exec-2] Using 'application/json', given [*/*] and supported [application/json, application/*+json, application/json, application/*+json]
2019-09-10 18:58:55,296 DEBUG org.springframework.core.log.LogFormatUtils [http-nio-8082-exec-2] Writing [br.com.clarobr.movieinfoservice.models.Movie@4aa645b7]
2019-09-10 18:58:55,296 DEBUG org.springframework.core.log.LogFormatUtils [http-nio-8082-exec-1] Writing [br.com.clarobr.movieinfoservice.models.Movie@5db243f2]
2019-09-10 18:58:55,321 DEBUG org.springframework.web.servlet.FrameworkServlet [http-nio-8082-exec-1] Completed 200 OK
2019-09-10 18:58:55,321 DEBUG org.springframework.web.servlet.FrameworkServlet [http-nio-8082-exec-2] Completed 200 OK
2019-09-10 18:58:55,825 INFO br.com.clarobr.movieinfoservice.correlation.CorrelationHeaderFilter [http-nio-8082-exec-3] Found correlationId in Header : 12345678
2019-09-10 18:58:55,825 INFO br.com.clarobr.movieinfoservice.correlation.CorrelationHeaderFilter [http-nio-8082-exec-4] Found correlationId in Header : 12345678
2019-09-10 18:58:55,826 DEBUG org.springframework.core.log.LogFormatUtils [http-nio-8082-exec-3] GET "/movies/5678", parameters={}
2019-09-10 18:58:55,826 DEBUG org.springframework.core.log.LogFormatUtils [http-nio-8082-exec-4] GET "/movies/5678", parameters={}
2019-09-10 18:58:55,830 DEBUG org.springframework.web.servlet.handler.AbstractHandlerMapping [http-nio-8082-exec-3] Mapped to public br.com.clarobr.movieinfoservice.models.Movie br.com.clarobr.movieinfoservice.resources.MovieResource.getMovieInfo(java.lang.String,org.springframework.http.HttpHeaders)
2019-09-10 18:58:55,830 DEBUG org.springframework.web.servlet.handler.AbstractHandlerMapping [http-nio-8082-exec-4] Mapped to public br.com.clarobr.movieinfoservice.models.Movie br.com.clarobr.movieinfoservice.resources.MovieResource.getMovieInfo(java.lang.String,org.springframework.http.HttpHeaders)
2019-09-10 18:59:00,831 DEBUG org.springframework.web.servlet.mvc.method.annotation.AbstractMessageConverterMethodProcessor [http-nio-8082-exec-3] Using 'application/json', given [*/*] and supported [application/json, application/*+json, application/json, application/*+json]
2019-09-10 18:59:00,831 DEBUG org.springframework.web.servlet.mvc.method.annotation.AbstractMessageConverterMethodProcessor [http-nio-8082-exec-4] Using 'application/json', given [*/*] and supported [application/json, application/*+json, application/json, application/*+json]
2019-09-10 18:59:00,834 DEBUG org.springframework.core.log.LogFormatUtils [http-nio-8082-exec-3] Writing [br.com.clarobr.movieinfoservice.models.Movie@23d246ba]
2019-09-10 18:59:00,836 DEBUG org.springframework.web.servlet.FrameworkServlet [http-nio-8082-exec-3] Completed 200 OK
2019-09-10 18:59:00,838 DEBUG org.springframework.core.log.LogFormatUtils [http-nio-8082-exec-4] Writing [br.com.clarobr.movieinfoservice.models.Movie@67e0316e]
2019-09-10 18:59:00,840 DEBUG org.springframework.web.servlet.FrameworkServlet [http-nio-8082-exec-4] Completed 200 OK
2019-09-10 18:59:01,355 INFO br.com.clarobr.movieinfoservice.correlation.CorrelationHeaderFilter [http-nio-8082-exec-5] Found correlationId in Header : 12345678
2019-09-10 18:59:01,355 INFO br.com.clarobr.movieinfoservice.correlation.CorrelationHeaderFilter [http-nio-8082-exec-6] Found correlationId in Header : 12345678
2019-09-10 18:59:01,357 DEBUG org.springframework.core.log.LogFormatUtils [http-nio-8082-exec-6] GET "/movies/5678", parameters={}
2019-09-10 18:59:01,357 DEBUG org.springframework.core.log.LogFormatUtils [http-nio-8082-exec-5] GET "/movies/5678", parameters={}
2019-09-10 18:59:01,363 DEBUG org.springframework.web.servlet.handler.AbstractHandlerMapping [http-nio-8082-exec-6] Mapped to public br.com.clarobr.movieinfoservice.models.Movie br.com.clarobr.movieinfoservice.resources.MovieResource.getMovieInfo(java.lang.String,org.springframework.http.HttpHeaders)
2019-09-10 18:59:01,368 DEBUG org.springframework.web.servlet.handler.AbstractHandlerMapping [http-nio-8082-exec-5] Mapped to public br.com.clarobr.movieinfoservice.models.Movie br.com.clarobr.movieinfoservice.resources.MovieResource.getMovieInfo(java.lang.String,org.springframework.http.HttpHeaders)
2019-09-10 18:59:06,367 DEBUG org.springframework.web.servlet.mvc.method.annotation.AbstractMessageConverterMethodProcessor [http-nio-8082-exec-6] Using 'application/json', given [*/*] and supported [application/json, application/*+json, application/json, application/*+json]
2019-09-10 18:59:06,369 DEBUG org.springframework.core.log.LogFormatUtils [http-nio-8082-exec-6] Writing [br.com.clarobr.movieinfoservice.models.Movie@15220be1]
2019-09-10 18:59:06,371 DEBUG org.springframework.web.servlet.mvc.method.annotation.AbstractMessageConverterMethodProcessor [http-nio-8082-exec-5] Using 'application/json', given [*/*] and supported [application/json, application/*+json, application/json, application/*+json]
2019-09-10 18:59:06,372 DEBUG org.springframework.web.servlet.FrameworkServlet [http-nio-8082-exec-6] Completed 200 OK
2019-09-10 18:59:06,373 DEBUG org.springframework.core.log.LogFormatUtils [http-nio-8082-exec-5] Writing [br.com.clarobr.movieinfoservice.models.Movie@3ed19a78]
2019-09-10 18:59:06,384 DEBUG org.springframework.web.servlet.FrameworkServlet [http-nio-8082-exec-5] Completed 200 OK
2019-09-10 19:00:32,396 INFO br.com.clarobr.movieinfoservice.correlation.CorrelationHeaderFilter [http-nio-8082-exec-7] Found correlationId in Header : 12345678
2019-09-10 19:00:32,398 INFO br.com.clarobr.movieinfoservice.correlation.CorrelationHeaderFilter [http-nio-8082-exec-8] Found correlationId in Header : 12345678
2019-09-10 19:00:32,793 DEBUG org.springframework.core.log.LogFormatUtils [http-nio-8082-exec-7] GET "/movies/5678", parameters={}
2019-09-10 19:00:32,793 DEBUG org.springframework.core.log.LogFormatUtils [http-nio-8082-exec-8] GET "/movies/5678", parameters={}
2019-09-10 19:00:32,795 DEBUG org.springframework.web.servlet.handler.AbstractHandlerMapping [http-nio-8082-exec-7] Mapped to public br.com.clarobr.movieinfoservice.models.Movie br.com.clarobr.movieinfoservice.resources.MovieResource.getMovieInfo(java.lang.String,org.springframework.http.HttpHeaders)
2019-09-10 19:00:32,795 DEBUG org.springframework.web.servlet.handler.AbstractHandlerMapping [http-nio-8082-exec-8] Mapped to public br.com.clarobr.movieinfoservice.models.Movie br.com.clarobr.movieinfoservice.resources.MovieResource.getMovieInfo(java.lang.String,org.springframework.http.HttpHeaders)
2019-09-10 19:00:37,796 DEBUG org.springframework.web.servlet.mvc.method.annotation.AbstractMessageConverterMethodProcessor [http-nio-8082-exec-7] Using 'application/json', given [*/*] and supported [application/json, application/*+json, application/json, application/*+json]
2019-09-10 19:00:37,798 DEBUG org.springframework.core.log.LogFormatUtils [http-nio-8082-exec-7] Writing [br.com.clarobr.movieinfoservice.models.Movie@71c4208e]
2019-09-10 19:00:37,798 DEBUG org.springframework.web.servlet.FrameworkServlet [http-nio-8082-exec-7] Completed 200 OK
2019-09-10 19:00:37,797 DEBUG org.springframework.web.servlet.mvc.method.annotation.AbstractMessageConverterMethodProcessor [http-nio-8082-exec-8] Using 'application/json', given [*/*] and supported [application/json, application/*+json, application/json, application/*+json]
2019-09-10 19:00:37,799 DEBUG org.springframework.core.log.LogFormatUtils [http-nio-8082-exec-8] Writing [br.com.clarobr.movieinfoservice.models.Movie@2db938a4]
2019-09-10 19:00:37,800 DEBUG org.springframework.web.servlet.FrameworkServlet [http-nio-8082-exec-8] Completed 200 OK
2019-09-10 19:00:38,313 INFO br.com.clarobr.movieinfoservice.correlation.CorrelationHeaderFilter [http-nio-8082-exec-9] Found correlationId in Header : 12345678
2019-09-10 19:00:38,318 DEBUG org.springframework.core.log.LogFormatUtils [http-nio-8082-exec-9] GET "/movies/5678", parameters={}
2019-09-10 19:00:38,325 INFO br.com.clarobr.movieinfoservice.correlation.CorrelationHeaderFilter [http-nio-8082-exec-10] Found correlationId in Header : 12345678
2019-09-10 19:00:38,327 DEBUG org.springframework.core.log.LogFormatUtils [http-nio-8082-exec-10] GET "/movies/5678", parameters={}
2019-09-10 19:00:38,331 DEBUG org.springframework.web.servlet.handler.AbstractHandlerMapping [http-nio-8082-exec-10] Mapped to public br.com.clarobr.movieinfoservice.models.Movie br.com.clarobr.movieinfoservice.resources.MovieResource.getMovieInfo(java.lang.String,org.springframework.http.HttpHeaders)
2019-09-10 19:00:38,337 DEBUG org.springframework.web.servlet.handler.AbstractHandlerMapping [http-nio-8082-exec-9] Mapped to public br.com.clarobr.movieinfoservice.models.Movie br.com.clarobr.movieinfoservice.resources.MovieResource.getMovieInfo(java.lang.String,org.springframework.http.HttpHeaders)
2019-09-10 19:00:43,335 DEBUG org.springframework.web.servlet.mvc.method.annotation.AbstractMessageConverterMethodProcessor [http-nio-8082-exec-10] Using 'application/json', given [*/*] and supported [application/json, application/*+json, application/json, application/*+json]
2019-09-10 19:00:43,337 DEBUG org.springframework.core.log.LogFormatUtils [http-nio-8082-exec-10] Writing [br.com.clarobr.movieinfoservice.models.Movie@375fb99d]
2019-09-10 19:00:43,340 DEBUG org.springframework.web.servlet.FrameworkServlet [http-nio-8082-exec-10] Completed 200 OK
2019-09-10 19:00:43,340 DEBUG org.springframework.web.servlet.mvc.method.annotation.AbstractMessageConverterMethodProcessor [http-nio-8082-exec-9] Using 'application/json', given [*/*] and supported [application/json, application/*+json, application/json, application/*+json]
2019-09-10 19:00:43,341 DEBUG org.springframework.core.log.LogFormatUtils [http-nio-8082-exec-9] Writing [br.com.clarobr.movieinfoservice.models.Movie@7df2ca43]
2019-09-10 19:00:43,345 DEBUG org.springframework.web.servlet.FrameworkServlet [http-nio-8082-exec-9] Completed 200 OK
2019-09-10 19:00:43,847 INFO br.com.clarobr.movieinfoservice.correlation.CorrelationHeaderFilter [http-nio-8082-exec-2] Found correlationId in Header : 12345678
2019-09-10 19:00:43,848 DEBUG org.springframework.core.log.LogFormatUtils [http-nio-8082-exec-2] GET "/movies/5678", parameters={}
2019-09-10 19:00:43,850 DEBUG org.springframework.web.servlet.handler.AbstractHandlerMapping [http-nio-8082-exec-2] Mapped to public br.com.clarobr.movieinfoservice.models.Movie br.com.clarobr.movieinfoservice.resources.MovieResource.getMovieInfo(java.lang.String,org.springframework.http.HttpHeaders)
2019-09-10 19:00:43,851 INFO br.com.clarobr.movieinfoservice.correlation.CorrelationHeaderFilter [http-nio-8082-exec-1] Found correlationId in Header : 12345678
2019-09-10 19:00:43,852 DEBUG org.springframework.core.log.LogFormatUtils [http-nio-8082-exec-1] GET "/movies/5678", parameters={}
2019-09-10 19:00:43,854 DEBUG org.springframework.web.servlet.handler.AbstractHandlerMapping [http-nio-8082-exec-1] Mapped to public br.com.clarobr.movieinfoservice.models.Movie br.com.clarobr.movieinfoservice.resources.MovieResource.getMovieInfo(java.lang.String,org.springframework.http.HttpHeaders)
2019-09-10 19:00:48,853 DEBUG org.springframework.web.servlet.mvc.method.annotation.AbstractMessageConverterMethodProcessor [http-nio-8082-exec-2] Using 'application/json', given [*/*] and supported [application/json, application/*+json, application/json, application/*+json]
2019-09-10 19:00:48,854 DEBUG org.springframework.core.log.LogFormatUtils [http-nio-8082-exec-2] Writing [br.com.clarobr.movieinfoservice.models.Movie@50f016be]
2019-09-10 19:00:48,856 DEBUG org.springframework.web.servlet.mvc.method.annotation.AbstractMessageConverterMethodProcessor [http-nio-8082-exec-1] Using 'application/json', given [*/*] and supported [application/json, application/*+json, application/json, application/*+json]
2019-09-10 19:00:48,857 DEBUG org.springframework.core.log.LogFormatUtils [http-nio-8082-exec-1] Writing [br.com.clarobr.movieinfoservice.models.Movie@4f57da22]
2019-09-10 19:00:48,860 DEBUG org.springframework.web.servlet.FrameworkServlet [http-nio-8082-exec-1] Completed 200 OK
2019-09-10 19:00:48,864 DEBUG org.springframework.web.servlet.FrameworkServlet [http-nio-8082-exec-2] Completed 200 OK
2019-09-10 19:01:54,324 INFO org.springframework.boot.admin.SpringApplicationAdminMXBeanRegistrar$SpringApplicationAdmin [RMI TCP Connection(15)-127.0.0.1] Application shutdown requested.
2019-09-10 19:01:54,328 INFO org.springframework.scheduling.concurrent.ExecutorConfigurationSupport [RMI TCP Connection(15)-127.0.0.1] Shutting down ExecutorService 'applicationTaskExecutor'
2019-09-10 19:14:07,899 INFO org.springframework.boot.StartupInfoLogger [main] Starting MovieInfoServiceApplicationTests on localhost.localdomain with PID 19147 (started by dhiego in /home/dhiego/Drive/Developer/Microservices/Claro_Poc/Movel/Integracao/POC/movie-info-service-dev/movie-info-service)
2019-09-10 19:14:07,906 INFO org.springframework.boot.SpringApplication [main] No active profile set, falling back to default profiles: default
2019-09-10 19:14:08,208 DEBUG org.springframework.context.support.AbstractApplicationContext [main] Refreshing org.springframework.web.context.support.GenericWebApplicationContext@1caa0244
2019-09-10 19:14:10,686 DEBUG org.springframework.web.servlet.handler.SimpleUrlHandlerMapping [main] Patterns [/**/favicon.ico] in 'faviconHandlerMapping'
2019-09-10 19:14:10,998 INFO org.springframework.scheduling.concurrent.ExecutorConfigurationSupport [main] Initializing ExecutorService 'applicationTaskExecutor'
2019-09-10 19:14:11,021 DEBUG org.springframework.web.servlet.mvc.method.annotation.RequestMappingHandlerAdapter [main] ControllerAdvice beans: 0 @ModelAttribute, 0 @InitBinder, 1 RequestBodyAdvice, 1 ResponseBodyAdvice
2019-09-10 19:14:11,123 DEBUG org.springframework.web.servlet.handler.AbstractHandlerMethodMapping [main] 3 mappings in 'requestMappingHandlerMapping'
2019-09-10 19:14:11,147 DEBUG org.springframework.web.servlet.handler.SimpleUrlHandlerMapping [main] Patterns [/webjars/**, /**] in 'resourceHandlerMapping'
2019-09-10 19:14:11,164 DEBUG org.springframework.web.servlet.mvc.method.annotation.ExceptionHandlerExceptionResolver [main] ControllerAdvice beans: 0 @ExceptionHandler, 1 ResponseBodyAdvice
2019-09-10 19:14:11,957 INFO org.springframework.boot.actuate.endpoint.web.EndpointLinksResolver [main] Exposing 2 endpoint(s) beneath base path '/actuator'
2019-09-10 19:14:12,041 INFO org.springframework.boot.StartupInfoLogger [main] Started MovieInfoServiceApplicationTests in 5.965 seconds (JVM running for 7.159)
2019-09-10 19:14:12,386 DEBUG org.springframework.context.support.AbstractApplicationContext [Thread-5] Closing org.springframework.web.context.support.GenericWebApplicationContext@1caa0244, started on Tue Sep 10 19:14:08 BRT 2019
2019-09-10 19:14:12,391 INFO org.springframework.scheduling.concurrent.ExecutorConfigurationSupport [Thread-5] Shutting down ExecutorService 'applicationTaskExecutor'
2019-09-10 19:16:24,106 INFO org.springframework.boot.StartupInfoLogger [main] Starting MovieInfoServiceApplicationTests on localhost.localdomain with PID 19705 (started by dhiego in /home/dhiego/Drive/Developer/Microservices/Claro_Poc/Movel/Integracao/POC/movie-info-service-dev/movie-info-service)
2019-09-10 19:16:24,160 INFO org.springframework.boot.SpringApplication [main] No active profile set, falling back to default profiles: default
2019-09-10 19:16:24,193 DEBUG org.springframework.context.support.AbstractApplicationContext [main] Refreshing org.springframework.web.context.support.GenericWebApplicationContext@7ce026d3
2019-09-10 19:16:25,755 DEBUG org.springframework.web.servlet.handler.SimpleUrlHandlerMapping [main] Patterns [/**/favicon.ico] in 'faviconHandlerMapping'
2019-09-10 19:16:26,218 INFO org.springframework.scheduling.concurrent.ExecutorConfigurationSupport [main] Initializing ExecutorService 'applicationTaskExecutor'
2019-09-10 19:16:26,237 DEBUG org.springframework.web.servlet.mvc.method.annotation.RequestMappingHandlerAdapter [main] ControllerAdvice beans: 0 @ModelAttribute, 0 @InitBinder, 1 RequestBodyAdvice, 1 ResponseBodyAdvice
2019-09-10 19:16:26,429 DEBUG org.springframework.web.servlet.handler.AbstractHandlerMethodMapping [main] 3 mappings in 'requestMappingHandlerMapping'
2019-09-10 19:16:26,455 DEBUG org.springframework.web.servlet.handler.SimpleUrlHandlerMapping [main] Patterns [/webjars/**, /**] in 'resourceHandlerMapping'
2019-09-10 19:16:26,472 DEBUG org.springframework.web.servlet.mvc.method.annotation.ExceptionHandlerExceptionResolver [main] ControllerAdvice beans: 0 @ExceptionHandler, 1 ResponseBodyAdvice
2019-09-10 19:16:27,172 INFO org.springframework.boot.actuate.endpoint.web.EndpointLinksResolver [main] Exposing 2 endpoint(s) beneath base path '/actuator'
2019-09-10 19:16:27,254 INFO org.springframework.boot.StartupInfoLogger [main] Started MovieInfoServiceApplicationTests in 3.515 seconds (JVM running for 4.259)
2019-09-10 19:16:27,863 DEBUG org.springframework.context.support.AbstractApplicationContext [Thread-2] Closing org.springframework.web.context.support.GenericWebApplicationContext@7ce026d3, started on Tue Sep 10 19:16:24 BRT 2019
2019-09-10 19:16:27,866 INFO org.springframework.scheduling.concurrent.ExecutorConfigurationSupport [Thread-2] Shutting down ExecutorService 'applicationTaskExecutor'
2019-09-10 19:20:51,660 INFO org.springframework.boot.StartupInfoLogger [main] Starting MovieInfoServiceApplicationTests on localhost.localdomain with PID 20136 (started by root in /home/dhiego/Drive/Developer/Microservices/Claro_Poc/Movel/Integracao/POC/movie-info-service-dev/movie-info-service)
2019-09-10 19:20:51,664 INFO org.springframework.boot.SpringApplication [main] No active profile set, falling back to default profiles: default
2019-09-10 19:20:51,726 DEBUG org.springframework.context.support.AbstractApplicationContext [main] Refreshing org.springframework.web.context.support.GenericWebApplicationContext@7ce026d3
2019-09-10 19:20:53,716 DEBUG org.springframework.web.servlet.handler.SimpleUrlHandlerMapping [main] Patterns [/**/favicon.ico] in 'faviconHandlerMapping'
2019-09-10 19:20:54,140 INFO org.springframework.scheduling.concurrent.ExecutorConfigurationSupport [main] Initializing ExecutorService 'applicationTaskExecutor'
2019-09-10 19:20:54,172 DEBUG org.springframework.web.servlet.mvc.method.annotation.RequestMappingHandlerAdapter [main] ControllerAdvice beans: 0 @ModelAttribute, 0 @InitBinder, 1 RequestBodyAdvice, 1 ResponseBodyAdvice
2019-09-10 19:20:54,356 DEBUG org.springframework.web.servlet.handler.AbstractHandlerMethodMapping [main] 3 mappings in 'requestMappingHandlerMapping'
2019-09-10 19:20:54,380 DEBUG org.springframework.web.servlet.handler.SimpleUrlHandlerMapping [main] Patterns [/webjars/**, /**] in 'resourceHandlerMapping'
2019-09-10 19:20:54,398 DEBUG org.springframework.web.servlet.mvc.method.annotation.ExceptionHandlerExceptionResolver [main] ControllerAdvice beans: 0 @ExceptionHandler, 1 ResponseBodyAdvice
2019-09-10 19:20:54,973 INFO org.springframework.boot.actuate.endpoint.web.EndpointLinksResolver [main] Exposing 2 endpoint(s) beneath base path '/actuator'
2019-09-10 19:20:55,068 INFO org.springframework.boot.StartupInfoLogger [main] Started MovieInfoServiceApplicationTests in 3.74 seconds (JVM running for 4.416)
2019-09-10 19:20:55,268 DEBUG org.springframework.context.support.AbstractApplicationContext [Thread-2] Closing org.springframework.web.context.support.GenericWebApplicationContext@7ce026d3, started on Tue Sep 10 19:20:51 BRT 2019
2019-09-10 19:20:55,275 INFO org.springframework.scheduling.concurrent.ExecutorConfigurationSupport [Thread-2] Shutting down ExecutorService 'applicationTaskExecutor'
2019-09-10 19:30:18,943 INFO org.springframework.boot.StartupInfoLogger [main] Starting MovieInfoServiceApplicationTests on localhost.localdomain with PID 21504 (started by dhiego in /home/dhiego/Drive/Developer/Microservices/Claro_Poc/Movel/Integracao/POC/movie-info-service-dev/movie-info-service)
2019-09-10 19:30:18,945 INFO org.springframework.boot.SpringApplication [main] No active profile set, falling back to default profiles: default
2019-09-10 19:30:18,975 DEBUG org.springframework.context.support.AbstractApplicationContext [main] Refreshing org.springframework.web.context.support.GenericWebApplicationContext@7ce026d3
2019-09-10 19:30:21,845 DEBUG org.springframework.web.servlet.handler.SimpleUrlHandlerMapping [main] Patterns [/**/favicon.ico] in 'faviconHandlerMapping'
2019-09-10 19:30:22,421 INFO org.springframework.scheduling.concurrent.ExecutorConfigurationSupport [main] Initializing ExecutorService 'applicationTaskExecutor'
2019-09-10 19:30:22,443 DEBUG org.springframework.web.servlet.mvc.method.annotation.RequestMappingHandlerAdapter [main] ControllerAdvice beans: 0 @ModelAttribute, 0 @InitBinder, 1 RequestBodyAdvice, 1 ResponseBodyAdvice
2019-09-10 19:30:22,601 DEBUG org.springframework.web.servlet.handler.AbstractHandlerMethodMapping [main] 3 mappings in 'requestMappingHandlerMapping'
2019-09-10 19:30:22,732 DEBUG org.springframework.web.servlet.handler.SimpleUrlHandlerMapping [main] Patterns [/webjars/**, /**] in 'resourceHandlerMapping'
2019-09-10 19:30:22,837 DEBUG org.springframework.web.servlet.mvc.method.annotation.ExceptionHandlerExceptionResolver [main] ControllerAdvice beans: 0 @ExceptionHandler, 1 ResponseBodyAdvice
2019-09-10 19:30:23,667 INFO org.springframework.boot.actuate.endpoint.web.EndpointLinksResolver [main] Exposing 2 endpoint(s) beneath base path '/actuator'
2019-09-10 19:30:23,753 INFO org.springframework.boot.StartupInfoLogger [main] Started MovieInfoServiceApplicationTests in 5.213 seconds (JVM running for 5.897)
2019-09-10 19:30:24,063 DEBUG org.springframework.context.support.AbstractApplicationContext [Thread-5] Closing org.springframework.web.context.support.GenericWebApplicationContext@7ce026d3, started on Tue Sep 10 19:30:18 BRT 2019
2019-09-10 19:30:24,076 INFO org.springframework.scheduling.concurrent.ExecutorConfigurationSupport [Thread-5] Shutting down ExecutorService 'applicationTaskExecutor'
2019-09-10 21:49:25,977 INFO org.springframework.boot.StartupInfoLogger [main] Starting MovieInfoServiceApplicationTests on localhost.localdomain with PID 30357 (started by dhiego in /home/dhiego/Drive/Developer/Microservices/Claro_Poc/Movel/Integracao/POC/movie-info-service-dev/movie-info-service)
2019-09-10 21:49:26,033 INFO org.springframework.boot.SpringApplication [main] No active profile set, falling back to default profiles: default
2019-09-10 21:49:26,108 DEBUG org.springframework.context.support.AbstractApplicationContext [main] Refreshing org.springframework.web.context.support.GenericWebApplicationContext@7ce026d3
2019-09-10 21:49:28,272 DEBUG org.springframework.web.servlet.handler.SimpleUrlHandlerMapping [main] Patterns [/**/favicon.ico] in 'faviconHandlerMapping'
2019-09-10 21:49:28,657 INFO org.springframework.scheduling.concurrent.ExecutorConfigurationSupport [main] Initializing ExecutorService 'applicationTaskExecutor'
2019-09-10 21:49:28,690 DEBUG org.springframework.web.servlet.mvc.method.annotation.RequestMappingHandlerAdapter [main] ControllerAdvice beans: 0 @ModelAttribute, 0 @InitBinder, 1 RequestBodyAdvice, 1 ResponseBodyAdvice
2019-09-10 21:49:28,772 DEBUG org.springframework.web.servlet.handler.AbstractHandlerMethodMapping [main] 3 mappings in 'requestMappingHandlerMapping'
2019-09-10 21:49:28,793 DEBUG org.springframework.web.servlet.handler.SimpleUrlHandlerMapping [main] Patterns [/webjars/**, /**] in 'resourceHandlerMapping'
2019-09-10 21:49:28,806 DEBUG org.springframework.web.servlet.mvc.method.annotation.ExceptionHandlerExceptionResolver [main] ControllerAdvice beans: 0 @ExceptionHandler, 1 ResponseBodyAdvice
2019-09-10 21:49:29,558 INFO org.springframework.boot.actuate.endpoint.web.EndpointLinksResolver [main] Exposing 2 endpoint(s) beneath base path '/actuator'
2019-09-10 21:49:29,637 INFO org.springframework.boot.StartupInfoLogger [main] Started MovieInfoServiceApplicationTests in 4.902 seconds (JVM running for 6.134)
2019-09-10 21:49:29,916 DEBUG org.springframework.context.support.AbstractApplicationContext [Thread-5] Closing org.springframework.web.context.support.GenericWebApplicationContext@7ce026d3, started on Tue Sep 10 21:49:26 BRT 2019
2019-09-10 21:49:29,935 INFO org.springframework.scheduling.concurrent.ExecutorConfigurationSupport [Thread-5] Shutting down ExecutorService 'applicationTaskExecutor'
2019-09-10 21:54:04,831 INFO org.springframework.boot.StartupInfoLogger [main] Starting MovieInfoServiceApplicationTests on localhost.localdomain with PID 30899 (started by dhiego in /home/dhiego/Drive/Developer/Microservices/Claro_Poc/Movel/Integracao/POC/movie-info-service-dev/movie-info-service)
2019-09-10 21:54:04,836 INFO org.springframework.boot.SpringApplication [main] No active profile set, falling back to default profiles: default
2019-09-10 21:54:04,930 DEBUG org.springframework.context.support.AbstractApplicationContext [main] Refreshing org.springframework.web.context.support.GenericWebApplicationContext@7ce026d3
2019-09-10 21:54:06,696 DEBUG org.springframework.web.servlet.handler.SimpleUrlHandlerMapping [main] Patterns [/**/favicon.ico] in 'faviconHandlerMapping'
2019-09-10 21:54:07,027 INFO org.springframework.scheduling.concurrent.ExecutorConfigurationSupport [main] Initializing ExecutorService 'applicationTaskExecutor'
2019-09-10 21:54:07,047 DEBUG org.springframework.web.servlet.mvc.method.annotation.RequestMappingHandlerAdapter [main] ControllerAdvice beans: 0 @ModelAttribute, 0 @InitBinder, 1 RequestBodyAdvice, 1 ResponseBodyAdvice
2019-09-10 21:54:07,131 DEBUG org.springframework.web.servlet.handler.AbstractHandlerMethodMapping [main] 3 mappings in 'requestMappingHandlerMapping'
2019-09-10 21:54:07,154 DEBUG org.springframework.web.servlet.handler.SimpleUrlHandlerMapping [main] Patterns [/webjars/**, /**] in 'resourceHandlerMapping'
2019-09-10 21:54:07,182 DEBUG org.springframework.web.servlet.mvc.method.annotation.ExceptionHandlerExceptionResolver [main] ControllerAdvice beans: 0 @ExceptionHandler, 1 ResponseBodyAdvice
2019-09-10 21:54:07,862 INFO org.springframework.boot.actuate.endpoint.web.EndpointLinksResolver [main] Exposing 2 endpoint(s) beneath base path '/actuator'
2019-09-10 21:54:07,982 INFO org.springframework.boot.StartupInfoLogger [main] Started MovieInfoServiceApplicationTests in 3.906 seconds (JVM running for 4.7)
2019-09-10 21:54:08,340 DEBUG org.springframework.context.support.AbstractApplicationContext [Thread-4] Closing org.springframework.web.context.support.GenericWebApplicationContext@7ce026d3, started on Tue Sep 10 21:54:04 BRT 2019
2019-09-10 21:54:08,356 INFO org.springframework.scheduling.concurrent.ExecutorConfigurationSupport [Thread-4] Shutting down ExecutorService 'applicationTaskExecutor'
2019-09-10 21:58:01,408 INFO org.springframework.boot.StartupInfoLogger [main] Starting MovieInfoServiceApplicationTests on localhost.localdomain with PID 31543 (started by dhiego in /home/dhiego/Drive/Developer/Microservices/Claro_Poc/Movel/Integracao/POC/movie-info-service-dev/movie-info-service)
2019-09-10 21:58:01,413 INFO org.springframework.boot.SpringApplication [main] No active profile set, falling back to default profiles: default
2019-09-10 21:58:01,447 DEBUG org.springframework.context.support.AbstractApplicationContext [main] Refreshing org.springframework.web.context.support.GenericWebApplicationContext@7ce69770
2019-09-10 21:58:02,999 DEBUG org.springframework.web.servlet.handler.SimpleUrlHandlerMapping [main] Patterns [/**/favicon.ico] in 'faviconHandlerMapping'
2019-09-10 21:58:03,346 INFO org.springframework.scheduling.concurrent.ExecutorConfigurationSupport [main] Initializing ExecutorService 'applicationTaskExecutor'
2019-09-10 21:58:03,366 DEBUG org.springframework.web.servlet.mvc.method.annotation.RequestMappingHandlerAdapter [main] ControllerAdvice beans: 0 @ModelAttribute, 0 @InitBinder, 1 RequestBodyAdvice, 1 ResponseBodyAdvice
2019-09-10 21:58:03,447 DEBUG org.springframework.web.servlet.handler.AbstractHandlerMethodMapping [main] 3 mappings in 'requestMappingHandlerMapping'
2019-09-10 21:58:03,470 DEBUG org.springframework.web.servlet.handler.SimpleUrlHandlerMapping [main] Patterns [/webjars/**, /**] in 'resourceHandlerMapping'
2019-09-10 21:58:03,491 DEBUG org.springframework.web.servlet.mvc.method.annotation.ExceptionHandlerExceptionResolver [main] ControllerAdvice beans: 0 @ExceptionHandler, 1 ResponseBodyAdvice
2019-09-10 21:58:04,123 INFO org.springframework.boot.actuate.endpoint.web.EndpointLinksResolver [main] Exposing 2 endpoint(s) beneath base path '/actuator'
2019-09-10 21:58:04,205 INFO org.springframework.boot.StartupInfoLogger [main] Started MovieInfoServiceApplicationTests in 3.331 seconds (JVM running for 4.071)
2019-09-10 21:58:04,394 DEBUG org.springframework.context.support.AbstractApplicationContext [Thread-5] Closing org.springframework.web.context.support.GenericWebApplicationContext@7ce69770, started on Tue Sep 10 21:58:01 BRT 2019
2019-09-10 21:58:04,399 INFO org.springframework.scheduling.concurrent.ExecutorConfigurationSupport [Thread-5] Shutting down ExecutorService 'applicationTaskExecutor'
2019-09-10 22:06:11,319 INFO org.springframework.boot.StartupInfoLogger [main] Starting MovieInfoServiceApplicationTests on localhost.localdomain with PID 683 (started by dhiego in /home/dhiego/Drive/Developer/Microservices/Claro_Poc/Movel/Integracao/POC/movie-info-service-dev/movie-info-service)
2019-09-10 22:06:11,390 INFO org.springframework.boot.SpringApplication [main] No active profile set, falling back to default profiles: default
2019-09-10 22:06:11,437 DEBUG org.springframework.context.support.AbstractApplicationContext [main] Refreshing org.springframework.web.context.support.GenericWebApplicationContext@7ce026d3
2019-09-10 22:06:12,924 DEBUG org.springframework.web.servlet.handler.SimpleUrlHandlerMapping [main] Patterns [/**/favicon.ico] in 'faviconHandlerMapping'
2019-09-10 22:06:13,234 INFO org.springframework.scheduling.concurrent.ExecutorConfigurationSupport [main] Initializing ExecutorService 'applicationTaskExecutor'
2019-09-10 22:06:13,248 DEBUG org.springframework.web.servlet.mvc.method.annotation.RequestMappingHandlerAdapter [main] ControllerAdvice beans: 0 @ModelAttribute, 0 @InitBinder, 1 RequestBodyAdvice, 1 ResponseBodyAdvice
2019-09-10 22:06:13,499 DEBUG org.springframework.web.servlet.handler.AbstractHandlerMethodMapping [main] 3 mappings in 'requestMappingHandlerMapping'
2019-09-10 22:06:13,524 DEBUG org.springframework.web.servlet.handler.SimpleUrlHandlerMapping [main] Patterns [/webjars/**, /**] in 'resourceHandlerMapping'
2019-09-10 22:06:13,542 DEBUG org.springframework.web.servlet.mvc.method.annotation.ExceptionHandlerExceptionResolver [main] ControllerAdvice beans: 0 @ExceptionHandler, 1 ResponseBodyAdvice
2019-09-10 22:06:14,136 INFO org.springframework.boot.actuate.endpoint.web.EndpointLinksResolver [main] Exposing 2 endpoint(s) beneath base path '/actuator'
2019-09-10 22:06:14,213 INFO org.springframework.boot.StartupInfoLogger [main] Started MovieInfoServiceApplicationTests in 3.323 seconds (JVM running for 4.165)
2019-09-10 22:06:14,586 DEBUG org.springframework.context.support.AbstractApplicationContext [Thread-2] Closing org.springframework.web.context.support.GenericWebApplicationContext@7ce026d3, started on Tue Sep 10 22:06:11 BRT 2019
2019-09-10 22:06:14,591 INFO org.springframework.scheduling.concurrent.ExecutorConfigurationSupport [Thread-2] Shutting down ExecutorService 'applicationTaskExecutor'
2019-09-10 22:35:26,072 INFO org.springframework.boot.StartupInfoLogger [main] Starting MovieInfoServiceApplicationTests on localhost.localdomain with PID 3284 (started by dhiego in /home/dhiego/Drive/Developer/Microservices/Claro_Poc/Movel/Integracao/POC/movie-info-service-dev/movie-info-service)
2019-09-10 22:35:26,080 INFO org.springframework.boot.SpringApplication [main] No active profile set, falling back to default profiles: default
2019-09-10 22:35:26,157 DEBUG org.springframework.context.support.AbstractApplicationContext [main] Refreshing org.springframework.web.context.support.GenericWebApplicationContext@7ce026d3
2019-09-10 22:35:27,602 DEBUG org.springframework.web.servlet.handler.SimpleUrlHandlerMapping [main] Patterns [/**/favicon.ico] in 'faviconHandlerMapping'
2019-09-10 22:35:27,888 INFO org.springframework.scheduling.concurrent.ExecutorConfigurationSupport [main] Initializing ExecutorService 'applicationTaskExecutor'
2019-09-10 22:35:27,910 DEBUG org.springframework.web.servlet.mvc.method.annotation.RequestMappingHandlerAdapter [main] ControllerAdvice beans: 0 @ModelAttribute, 0 @InitBinder, 1 RequestBodyAdvice, 1 ResponseBodyAdvice
2019-09-10 22:35:28,088 DEBUG org.springframework.web.servlet.handler.AbstractHandlerMethodMapping [main] 3 mappings in 'requestMappingHandlerMapping'
2019-09-10 22:35:28,111 DEBUG org.springframework.web.servlet.handler.SimpleUrlHandlerMapping [main] Patterns [/webjars/**, /**] in 'resourceHandlerMapping'
2019-09-10 22:35:28,128 DEBUG org.springframework.web.servlet.mvc.method.annotation.ExceptionHandlerExceptionResolver [main] ControllerAdvice beans: 0 @ExceptionHandler, 1 ResponseBodyAdvice
2019-09-10 22:35:28,735 INFO org.springframework.boot.actuate.endpoint.web.EndpointLinksResolver [main] Exposing 2 endpoint(s) beneath base path '/actuator'
2019-09-10 22:35:28,799 INFO org.springframework.boot.StartupInfoLogger [main] Started MovieInfoServiceApplicationTests in 3.042 seconds (JVM running for 3.684)
2019-09-10 22:35:28,981 DEBUG org.springframework.context.support.AbstractApplicationContext [Thread-2] Closing org.springframework.web.context.support.GenericWebApplicationContext@7ce026d3, started on Tue Sep 10 22:35:26 BRT 2019
2019-09-10 22:35:28,984 INFO org.springframework.scheduling.concurrent.ExecutorConfigurationSupport [Thread-2] Shutting down ExecutorService 'applicationTaskExecutor'
2019-09-10 22:39:09,396 INFO org.springframework.boot.StartupInfoLogger [main] Starting MovieInfoServiceApplicationTests on localhost.localdomain with PID 4091 (started by dhiego in /home/dhiego/Drive/Developer/Microservices/Claro_Poc/Movel/Integracao/POC/movie-info-service-dev/movie-info-service)
2019-09-10 22:39:09,400 INFO org.springframework.boot.SpringApplication [main] No active profile set, falling back to default profiles: default
2019-09-10 22:39:09,480 DEBUG org.springframework.context.support.AbstractApplicationContext [main] Refreshing org.springframework.web.context.support.GenericWebApplicationContext@7ce026d3
2019-09-10 22:39:11,012 DEBUG org.springframework.web.servlet.handler.SimpleUrlHandlerMapping [main] Patterns [/**/favicon.ico] in 'faviconHandlerMapping'
2019-09-10 22:39:11,311 INFO org.springframework.scheduling.concurrent.ExecutorConfigurationSupport [main] Initializing ExecutorService 'applicationTaskExecutor'
2019-09-10 22:39:11,328 DEBUG org.springframework.web.servlet.mvc.method.annotation.RequestMappingHandlerAdapter [main] ControllerAdvice beans: 0 @ModelAttribute, 0 @InitBinder, 1 RequestBodyAdvice, 1 ResponseBodyAdvice
2019-09-10 22:39:11,485 DEBUG org.springframework.web.servlet.handler.AbstractHandlerMethodMapping [main] 3 mappings in 'requestMappingHandlerMapping'
2019-09-10 22:39:11,507 DEBUG org.springframework.web.servlet.handler.SimpleUrlHandlerMapping [main] Patterns [/webjars/**, /**] in 'resourceHandlerMapping'
2019-09-10 22:39:11,524 DEBUG org.springframework.web.servlet.mvc.method.annotation.ExceptionHandlerExceptionResolver [main] ControllerAdvice beans: 0 @ExceptionHandler, 1 ResponseBodyAdvice
2019-09-10 22:39:12,133 INFO org.springframework.boot.actuate.endpoint.web.EndpointLinksResolver [main] Exposing 2 endpoint(s) beneath base path '/actuator'
2019-09-10 22:39:12,201 INFO org.springframework.boot.StartupInfoLogger [main] Started MovieInfoServiceApplicationTests in 3.201 seconds (JVM running for 3.853)
2019-09-10 22:39:12,340 DEBUG org.springframework.context.support.AbstractApplicationContext [Thread-2] Closing org.springframework.web.context.support.GenericWebApplicationContext@7ce026d3, started on Tue Sep 10 22:39:09 BRT 2019
2019-09-10 22:39:12,344 INFO org.springframework.scheduling.concurrent.ExecutorConfigurationSupport [Thread-2] Shutting down ExecutorService 'applicationTaskExecutor'
