2019-09-05 09:24:07,403 INFO org.springframework.boot.StartupInfoLogger [main] Starting MovieInfoServiceApplication on localhost.localdomain with PID 4256 (/home/dhiego/Drive/Developer/Microservices/Claro_Poc/Movel/Integracao/POC/movie-info-service-dev/movie-info-service/target/classes started by dhiego in /home/dhiego/Drive/Developer/Microservices/Claro_Poc/Movel/Integracao/POC/movie-info-service-dev/movie-info-service)
2019-09-05 09:24:07,428 INFO org.springframework.boot.SpringApplication [main] No active profile set, falling back to default profiles: default
2019-09-05 09:24:08,868 INFO org.springframework.boot.web.embedded.tomcat.TomcatWebServer [main] Tomcat initialized with port(s): 8082 (http)
2019-09-05 09:24:08,879 INFO org.apache.juli.logging.DirectJDKLog [main] Initializing ProtocolHandler ["http-nio-8082"]
2019-09-05 09:24:08,886 INFO org.apache.juli.logging.DirectJDKLog [main] Starting service [Tomcat]
2019-09-05 09:24:08,887 INFO org.apache.juli.logging.DirectJDKLog [main] Starting Servlet engine: [Apache Tomcat/9.0.21]
2019-09-05 09:24:08,932 INFO org.apache.juli.logging.DirectJDKLog [main] Initializing Spring embedded WebApplicationContext
2019-09-05 09:24:08,933 DEBUG org.springframework.boot.web.servlet.context.ServletWebServerApplicationContext [main] Published root WebApplicationContext as ServletContext attribute with name [org.springframework.web.context.WebApplicationContext.ROOT]
2019-09-05 09:24:08,933 INFO org.springframework.boot.web.servlet.context.ServletWebServerApplicationContext [main] Root WebApplicationContext: initialization completed in 1470 ms
2019-09-05 09:24:09,231 INFO io.jaegertracing.Configuration [main] Initialized tracer=JaegerTracer(version=Java-0.34.0, serviceName=movie-info-service, reporter=CompositeReporter(reporters=[RemoteReporter(sender=UdpSender(), closeEnqueueTimeout=1000), LoggingReporter(logger=Logger[io.jaegertracing.internal.reporters.LoggingReporter])]), sampler=ConstSampler(decision=true, tags={sampler.type=const, sampler.param=true}), tags={hostname=localhost.localdomain, jaeger.version=Java-0.34.0, ip=127.0.0.1}, zipkinSharedRpcSpan=false, expandExceptionLogs=false, useTraceId128Bit=false)
2019-09-05 09:24:09,269 DEBUG org.springframework.web.servlet.handler.SimpleUrlHandlerMapping [main] Patterns [/**/favicon.ico] in 'faviconHandlerMapping'
2019-09-05 09:24:09,348 INFO org.springframework.scheduling.concurrent.ExecutorConfigurationSupport [main] Initializing ExecutorService 'applicationTaskExecutor'
2019-09-05 09:24:09,356 DEBUG org.springframework.web.servlet.mvc.method.annotation.RequestMappingHandlerAdapter [main] ControllerAdvice beans: 0 @ModelAttribute, 0 @InitBinder, 1 RequestBodyAdvice, 1 ResponseBodyAdvice
2019-09-05 09:24:09,384 DEBUG org.springframework.web.servlet.handler.AbstractHandlerMethodMapping [main] 3 mappings in 'requestMappingHandlerMapping'
2019-09-05 09:24:09,391 DEBUG org.springframework.web.servlet.handler.SimpleUrlHandlerMapping [main] Patterns [/webjars/**, /**] in 'resourceHandlerMapping'
2019-09-05 09:24:09,400 DEBUG org.springframework.web.servlet.mvc.method.annotation.ExceptionHandlerExceptionResolver [main] ControllerAdvice beans: 0 @ExceptionHandler, 1 ResponseBodyAdvice
2019-09-05 09:24:09,635 INFO org.springframework.boot.actuate.endpoint.web.EndpointLinksResolver [main] Exposing 2 endpoint(s) beneath base path '/actuator'
2019-09-05 09:24:09,670 INFO org.apache.juli.logging.DirectJDKLog [main] Starting ProtocolHandler ["http-nio-8082"]
2019-09-05 09:24:09,681 INFO org.springframework.boot.web.embedded.tomcat.TomcatWebServer [main] Tomcat started on port(s): 8082 (http) with context path ''
2019-09-05 09:24:09,683 INFO org.springframework.boot.StartupInfoLogger [main] Started MovieInfoServiceApplication in 2.519 seconds (JVM running for 2.845)
2019-09-05 09:24:13,375 INFO org.apache.juli.logging.DirectJDKLog [RMI TCP Connection(2)-127.0.0.1] Initializing Spring DispatcherServlet 'dispatcherServlet'
2019-09-05 09:24:13,376 INFO org.springframework.web.servlet.FrameworkServlet [RMI TCP Connection(2)-127.0.0.1] Initializing Servlet 'dispatcherServlet'
2019-09-05 09:24:13,376 DEBUG org.springframework.web.servlet.DispatcherServlet [RMI TCP Connection(2)-127.0.0.1] Detected StandardServletMultipartResolver
2019-09-05 09:24:13,381 DEBUG org.springframework.web.servlet.FrameworkServlet [RMI TCP Connection(2)-127.0.0.1] enableLoggingRequestDetails='false': request parameters and headers will be masked to prevent unsafe logging of potentially sensitive data
2019-09-05 09:24:13,381 INFO org.springframework.web.servlet.FrameworkServlet [RMI TCP Connection(2)-127.0.0.1] Completed initialization in 5 ms
2019-09-05 09:24:24,221 INFO br.com.clarobr.movieinfoservice.correlation.CorrelationHeaderFilter [http-nio-8082-exec-1] Found correlationId in Header : 12345678
2019-09-05 09:24:24,221 INFO br.com.clarobr.movieinfoservice.correlation.CorrelationHeaderFilter [http-nio-8082-exec-2] Found correlationId in Header : 12345678
2019-09-05 09:24:24,224 DEBUG org.springframework.core.log.LogFormatUtils [http-nio-8082-exec-1] GET "/movies/5678", parameters={}
2019-09-05 09:24:24,224 DEBUG org.springframework.core.log.LogFormatUtils [http-nio-8082-exec-2] GET "/movies/5678", parameters={}
2019-09-05 09:24:24,231 DEBUG org.springframework.web.servlet.handler.AbstractHandlerMapping [http-nio-8082-exec-1] Mapped to public br.com.clarobr.movieinfoservice.models.Movie br.com.clarobr.movieinfoservice.resources.MovieResource.getMovieInfo(java.lang.String,org.springframework.http.HttpHeaders)
2019-09-05 09:24:24,231 DEBUG org.springframework.web.servlet.handler.AbstractHandlerMapping [http-nio-8082-exec-2] Mapped to public br.com.clarobr.movieinfoservice.models.Movie br.com.clarobr.movieinfoservice.resources.MovieResource.getMovieInfo(java.lang.String,org.springframework.http.HttpHeaders)
2019-09-05 09:24:29,253 INFO io.jaegertracing.internal.reporters.LoggingReporter [http-nio-8082-exec-2] Span reported: 69ec3d67b5574032:69ec3d67b5574032:0:1 - /movies/{movieId}
2019-09-05 09:24:29,253 INFO io.jaegertracing.internal.reporters.LoggingReporter [http-nio-8082-exec-1] Span reported: fe920ccd4a3b0be4:fe920ccd4a3b0be4:0:1 - /movies/{movieId}
2019-09-05 09:24:29,266 DEBUG org.springframework.web.servlet.mvc.method.annotation.AbstractMessageConverterMethodProcessor [http-nio-8082-exec-2] Using 'application/json', given [application/json, application/*+json] and supported [application/json, application/*+json, application/json, application/*+json]
2019-09-05 09:24:29,266 DEBUG org.springframework.web.servlet.mvc.method.annotation.AbstractMessageConverterMethodProcessor [http-nio-8082-exec-1] Using 'application/json', given [application/json, application/*+json] and supported [application/json, application/*+json, application/json, application/*+json]
2019-09-05 09:24:29,267 DEBUG org.springframework.core.log.LogFormatUtils [http-nio-8082-exec-2] Writing [br.com.clarobr.movieinfoservice.models.Movie@235eb9f]
2019-09-05 09:24:29,267 DEBUG org.springframework.core.log.LogFormatUtils [http-nio-8082-exec-1] Writing [br.com.clarobr.movieinfoservice.models.Movie@2607e335]
2019-09-05 09:24:29,279 DEBUG org.springframework.web.servlet.FrameworkServlet [http-nio-8082-exec-1] Completed 200 OK
2019-09-05 09:24:29,279 DEBUG org.springframework.web.servlet.FrameworkServlet [http-nio-8082-exec-2] Completed 200 OK
2019-09-05 09:29:06,731 INFO br.com.clarobr.movieinfoservice.correlation.CorrelationHeaderFilter [http-nio-8082-exec-3] Found correlationId in Header : 12345678
2019-09-05 09:29:06,731 INFO br.com.clarobr.movieinfoservice.correlation.CorrelationHeaderFilter [http-nio-8082-exec-4] Found correlationId in Header : 12345678
2019-09-05 09:29:06,731 DEBUG org.springframework.core.log.LogFormatUtils [http-nio-8082-exec-3] GET "/movies/5678", parameters={}
2019-09-05 09:29:06,731 DEBUG org.springframework.core.log.LogFormatUtils [http-nio-8082-exec-4] GET "/movies/5678", parameters={}
2019-09-05 09:29:06,733 DEBUG org.springframework.web.servlet.handler.AbstractHandlerMapping [http-nio-8082-exec-3] Mapped to public br.com.clarobr.movieinfoservice.models.Movie br.com.clarobr.movieinfoservice.resources.MovieResource.getMovieInfo(java.lang.String,org.springframework.http.HttpHeaders)
2019-09-05 09:29:06,733 DEBUG org.springframework.web.servlet.handler.AbstractHandlerMapping [http-nio-8082-exec-4] Mapped to public br.com.clarobr.movieinfoservice.models.Movie br.com.clarobr.movieinfoservice.resources.MovieResource.getMovieInfo(java.lang.String,org.springframework.http.HttpHeaders)
2019-09-05 09:29:11,735 INFO io.jaegertracing.internal.reporters.LoggingReporter [http-nio-8082-exec-3] Span reported: 654622dfb1e23cc5:654622dfb1e23cc5:0:1 - /movies/{movieId}
2019-09-05 09:29:11,735 INFO io.jaegertracing.internal.reporters.LoggingReporter [http-nio-8082-exec-4] Span reported: 302ed31bb529be6d:302ed31bb529be6d:0:1 - /movies/{movieId}
2019-09-05 09:29:11,739 DEBUG org.springframework.web.servlet.mvc.method.annotation.AbstractMessageConverterMethodProcessor [http-nio-8082-exec-4] Using 'application/json', given [application/json, application/*+json] and supported [application/json, application/*+json, application/json, application/*+json]
2019-09-05 09:29:11,739 DEBUG org.springframework.web.servlet.mvc.method.annotation.AbstractMessageConverterMethodProcessor [http-nio-8082-exec-3] Using 'application/json', given [application/json, application/*+json] and supported [application/json, application/*+json, application/json, application/*+json]
2019-09-05 09:29:11,740 DEBUG org.springframework.core.log.LogFormatUtils [http-nio-8082-exec-3] Writing [br.com.clarobr.movieinfoservice.models.Movie@3346eea5]
2019-09-05 09:29:11,740 DEBUG org.springframework.core.log.LogFormatUtils [http-nio-8082-exec-4] Writing [br.com.clarobr.movieinfoservice.models.Movie@2e6f5051]
2019-09-05 09:29:11,744 DEBUG org.springframework.web.servlet.FrameworkServlet [http-nio-8082-exec-3] Completed 200 OK
2019-09-05 09:29:11,744 DEBUG org.springframework.web.servlet.FrameworkServlet [http-nio-8082-exec-4] Completed 200 OK
2019-09-05 09:31:31,414 INFO br.com.clarobr.movieinfoservice.correlation.CorrelationHeaderFilter [http-nio-8082-exec-5] Found correlationId in Header : 12345678
2019-09-05 09:31:31,415 DEBUG org.springframework.core.log.LogFormatUtils [http-nio-8082-exec-5] GET "/movies/5678", parameters={}
2019-09-05 09:31:31,417 INFO br.com.clarobr.movieinfoservice.correlation.CorrelationHeaderFilter [http-nio-8082-exec-6] Found correlationId in Header : 12345678
2019-09-05 09:31:31,417 DEBUG org.springframework.web.servlet.handler.AbstractHandlerMapping [http-nio-8082-exec-5] Mapped to public br.com.clarobr.movieinfoservice.models.Movie br.com.clarobr.movieinfoservice.resources.MovieResource.getMovieInfo(java.lang.String,org.springframework.http.HttpHeaders)
2019-09-05 09:31:31,417 DEBUG org.springframework.core.log.LogFormatUtils [http-nio-8082-exec-6] GET "/movies/5678", parameters={}
2019-09-05 09:31:31,419 DEBUG org.springframework.web.servlet.handler.AbstractHandlerMapping [http-nio-8082-exec-6] Mapped to public br.com.clarobr.movieinfoservice.models.Movie br.com.clarobr.movieinfoservice.resources.MovieResource.getMovieInfo(java.lang.String,org.springframework.http.HttpHeaders)
2019-09-05 09:31:36,418 INFO io.jaegertracing.internal.reporters.LoggingReporter [http-nio-8082-exec-5] Span reported: 9b198edea09e4b6c:9b198edea09e4b6c:0:1 - /movies/{movieId}
2019-09-05 09:31:36,419 DEBUG org.springframework.web.servlet.mvc.method.annotation.AbstractMessageConverterMethodProcessor [http-nio-8082-exec-5] Using 'application/json', given [application/json, application/*+json] and supported [application/json, application/*+json, application/json, application/*+json]
2019-09-05 09:31:36,419 DEBUG org.springframework.core.log.LogFormatUtils [http-nio-8082-exec-5] Writing [br.com.clarobr.movieinfoservice.models.Movie@42006e67]
2019-09-05 09:31:36,420 INFO io.jaegertracing.internal.reporters.LoggingReporter [http-nio-8082-exec-6] Span reported: e97ee07abc6f5fb9:e97ee07abc6f5fb9:0:1 - /movies/{movieId}
2019-09-05 09:31:36,420 DEBUG org.springframework.web.servlet.mvc.method.annotation.AbstractMessageConverterMethodProcessor [http-nio-8082-exec-6] Using 'application/json', given [application/json, application/*+json] and supported [application/json, application/*+json, application/json, application/*+json]
2019-09-05 09:31:36,421 DEBUG org.springframework.web.servlet.FrameworkServlet [http-nio-8082-exec-5] Completed 200 OK
2019-09-05 09:31:36,421 DEBUG org.springframework.core.log.LogFormatUtils [http-nio-8082-exec-6] Writing [br.com.clarobr.movieinfoservice.models.Movie@4fe18842]
2019-09-05 09:31:36,422 DEBUG org.springframework.web.servlet.FrameworkServlet [http-nio-8082-exec-6] Completed 200 OK
2019-09-05 09:33:28,760 INFO br.com.clarobr.movieinfoservice.correlation.CorrelationHeaderFilter [http-nio-8082-exec-8] Found correlationId in Header : 12345678
2019-09-05 09:33:28,760 DEBUG org.springframework.core.log.LogFormatUtils [http-nio-8082-exec-8] GET "/movies/5678", parameters={}
2019-09-05 09:33:28,762 DEBUG org.springframework.web.servlet.handler.AbstractHandlerMapping [http-nio-8082-exec-8] Mapped to public br.com.clarobr.movieinfoservice.models.Movie br.com.clarobr.movieinfoservice.resources.MovieResource.getMovieInfo(java.lang.String,org.springframework.http.HttpHeaders)
2019-09-05 09:33:28,764 INFO br.com.clarobr.movieinfoservice.correlation.CorrelationHeaderFilter [http-nio-8082-exec-9] Found correlationId in Header : 12345678
2019-09-05 09:33:28,765 DEBUG org.springframework.core.log.LogFormatUtils [http-nio-8082-exec-9] GET "/movies/5678", parameters={}
2019-09-05 09:33:28,766 DEBUG org.springframework.web.servlet.handler.AbstractHandlerMapping [http-nio-8082-exec-9] Mapped to public br.com.clarobr.movieinfoservice.models.Movie br.com.clarobr.movieinfoservice.resources.MovieResource.getMovieInfo(java.lang.String,org.springframework.http.HttpHeaders)
2019-09-05 09:33:33,763 INFO io.jaegertracing.internal.reporters.LoggingReporter [http-nio-8082-exec-8] Span reported: 65633e3bfa57280f:65633e3bfa57280f:0:1 - /movies/{movieId}
2019-09-05 09:33:33,766 DEBUG org.springframework.web.servlet.mvc.method.annotation.AbstractMessageConverterMethodProcessor [http-nio-8082-exec-8] Using 'application/json', given [application/json, application/*+json] and supported [application/json, application/*+json, application/json, application/*+json]
2019-09-05 09:33:33,767 DEBUG org.springframework.core.log.LogFormatUtils [http-nio-8082-exec-8] Writing [br.com.clarobr.movieinfoservice.models.Movie@183c7ae9]
2019-09-05 09:33:33,767 INFO io.jaegertracing.internal.reporters.LoggingReporter [http-nio-8082-exec-9] Span reported: 4cb1898bdcbda306:4cb1898bdcbda306:0:1 - /movies/{movieId}
2019-09-05 09:33:33,769 DEBUG org.springframework.web.servlet.mvc.method.annotation.AbstractMessageConverterMethodProcessor [http-nio-8082-exec-9] Using 'application/json', given [application/json, application/*+json] and supported [application/json, application/*+json, application/json, application/*+json]
2019-09-05 09:33:33,770 DEBUG org.springframework.web.servlet.FrameworkServlet [http-nio-8082-exec-8] Completed 200 OK
2019-09-05 09:33:33,770 DEBUG org.springframework.core.log.LogFormatUtils [http-nio-8082-exec-9] Writing [br.com.clarobr.movieinfoservice.models.Movie@69ac223]
2019-09-05 09:33:33,775 DEBUG org.springframework.web.servlet.FrameworkServlet [http-nio-8082-exec-9] Completed 200 OK
2019-09-05 10:35:14,830 INFO br.com.clarobr.movieinfoservice.correlation.CorrelationHeaderFilter [http-nio-8082-exec-10] Found correlationId in Header : 12345678
2019-09-05 10:35:14,830 DEBUG org.springframework.core.log.LogFormatUtils [http-nio-8082-exec-10] GET "/movies/5678", parameters={}
2019-09-05 10:35:14,831 DEBUG org.springframework.web.servlet.handler.AbstractHandlerMapping [http-nio-8082-exec-10] Mapped to public br.com.clarobr.movieinfoservice.models.Movie br.com.clarobr.movieinfoservice.resources.MovieResource.getMovieInfo(java.lang.String,org.springframework.http.HttpHeaders)
2019-09-05 10:35:14,835 INFO br.com.clarobr.movieinfoservice.correlation.CorrelationHeaderFilter [http-nio-8082-exec-2] Found correlationId in Header : 12345678
2019-09-05 10:35:14,835 DEBUG org.springframework.core.log.LogFormatUtils [http-nio-8082-exec-2] GET "/movies/5678", parameters={}
2019-09-05 10:35:14,836 DEBUG org.springframework.web.servlet.handler.AbstractHandlerMapping [http-nio-8082-exec-2] Mapped to public br.com.clarobr.movieinfoservice.models.Movie br.com.clarobr.movieinfoservice.resources.MovieResource.getMovieInfo(java.lang.String,org.springframework.http.HttpHeaders)
2019-09-05 10:35:19,832 INFO io.jaegertracing.internal.reporters.LoggingReporter [http-nio-8082-exec-10] Span reported: c0a46a389aee3532:c0a46a389aee3532:0:1 - /movies/{movieId}
2019-09-05 10:35:19,837 INFO io.jaegertracing.internal.reporters.LoggingReporter [http-nio-8082-exec-2] Span reported: e4310d238b81bed2:e4310d238b81bed2:0:1 - /movies/{movieId}
2019-09-05 10:35:19,837 DEBUG org.springframework.web.servlet.mvc.method.annotation.AbstractMessageConverterMethodProcessor [http-nio-8082-exec-10] Using 'application/json', given [application/json, application/*+json] and supported [application/json, application/*+json, application/json, application/*+json]
2019-09-05 10:35:19,839 DEBUG org.springframework.core.log.LogFormatUtils [http-nio-8082-exec-10] Writing [br.com.clarobr.movieinfoservice.models.Movie@3b165602]
2019-09-05 10:35:19,839 DEBUG org.springframework.web.servlet.mvc.method.annotation.AbstractMessageConverterMethodProcessor [http-nio-8082-exec-2] Using 'application/json', given [application/json, application/*+json] and supported [application/json, application/*+json, application/json, application/*+json]
2019-09-05 10:35:19,843 DEBUG org.springframework.core.log.LogFormatUtils [http-nio-8082-exec-2] Writing [br.com.clarobr.movieinfoservice.models.Movie@727bbcd0]
2019-09-05 10:35:19,844 DEBUG org.springframework.web.servlet.FrameworkServlet [http-nio-8082-exec-10] Completed 200 OK
2019-09-05 10:35:19,855 DEBUG org.springframework.web.servlet.FrameworkServlet [http-nio-8082-exec-2] Completed 200 OK
2019-09-05 10:38:34,490 INFO br.com.clarobr.movieinfoservice.correlation.CorrelationHeaderFilter [http-nio-8082-exec-1] Found correlationId in Header : 
2019-09-05 10:38:34,490 INFO br.com.clarobr.movieinfoservice.correlation.CorrelationHeaderFilter [http-nio-8082-exec-3] Found correlationId in Header : 
2019-09-05 10:38:34,491 DEBUG org.springframework.core.log.LogFormatUtils [http-nio-8082-exec-1] GET "/movies/5678", parameters={}
2019-09-05 10:38:34,491 DEBUG org.springframework.core.log.LogFormatUtils [http-nio-8082-exec-3] GET "/movies/5678", parameters={}
2019-09-05 10:38:34,492 DEBUG org.springframework.web.servlet.handler.AbstractHandlerMapping [http-nio-8082-exec-3] Mapped to public br.com.clarobr.movieinfoservice.models.Movie br.com.clarobr.movieinfoservice.resources.MovieResource.getMovieInfo(java.lang.String,org.springframework.http.HttpHeaders)
2019-09-05 10:38:34,492 DEBUG org.springframework.web.servlet.handler.AbstractHandlerMapping [http-nio-8082-exec-1] Mapped to public br.com.clarobr.movieinfoservice.models.Movie br.com.clarobr.movieinfoservice.resources.MovieResource.getMovieInfo(java.lang.String,org.springframework.http.HttpHeaders)
2019-09-05 10:38:39,493 INFO io.jaegertracing.internal.reporters.LoggingReporter [http-nio-8082-exec-3] Span reported: 2d8548c81e459834:2d8548c81e459834:0:1 - /movies/{movieId}
2019-09-05 10:38:39,494 DEBUG org.springframework.web.servlet.mvc.method.annotation.AbstractMessageConverterMethodProcessor [http-nio-8082-exec-3] Using 'application/json', given [application/json, application/*+json] and supported [application/json, application/*+json, application/json, application/*+json]
2019-09-05 10:38:39,494 DEBUG org.springframework.core.log.LogFormatUtils [http-nio-8082-exec-3] Writing [br.com.clarobr.movieinfoservice.models.Movie@3d8106bd]
2019-09-05 10:38:39,495 DEBUG org.springframework.web.servlet.FrameworkServlet [http-nio-8082-exec-3] Completed 200 OK
2019-09-05 10:38:39,493 INFO io.jaegertracing.internal.reporters.LoggingReporter [http-nio-8082-exec-1] Span reported: 6496e97a573b00fa:6496e97a573b00fa:0:1 - /movies/{movieId}
2019-09-05 10:38:39,496 DEBUG org.springframework.web.servlet.mvc.method.annotation.AbstractMessageConverterMethodProcessor [http-nio-8082-exec-1] Using 'application/json', given [application/json, application/*+json] and supported [application/json, application/*+json, application/json, application/*+json]
2019-09-05 10:38:39,496 DEBUG org.springframework.core.log.LogFormatUtils [http-nio-8082-exec-1] Writing [br.com.clarobr.movieinfoservice.models.Movie@2f2859cb]
2019-09-05 10:38:39,497 DEBUG org.springframework.web.servlet.FrameworkServlet [http-nio-8082-exec-1] Completed 200 OK
2019-09-05 10:43:32,483 INFO br.com.clarobr.movieinfoservice.correlation.CorrelationHeaderFilter [http-nio-8082-exec-5] No correlationId found in Header. Generated : c2183423-48f0-463d-93c7-aa49256355e6
2019-09-05 10:43:32,483 DEBUG org.springframework.core.log.LogFormatUtils [http-nio-8082-exec-5] GET "/movies/5678", parameters={}
2019-09-05 10:43:32,484 INFO br.com.clarobr.movieinfoservice.correlation.CorrelationHeaderFilter [http-nio-8082-exec-6] No correlationId found in Header. Generated : f2c1bbbb-f236-46e5-9ebb-7790c99ca706
2019-09-05 10:43:32,484 DEBUG org.springframework.core.log.LogFormatUtils [http-nio-8082-exec-6] GET "/movies/5678", parameters={}
2019-09-05 10:43:32,485 DEBUG org.springframework.web.servlet.handler.AbstractHandlerMapping [http-nio-8082-exec-5] Mapped to public br.com.clarobr.movieinfoservice.models.Movie br.com.clarobr.movieinfoservice.resources.MovieResource.getMovieInfo(java.lang.String,org.springframework.http.HttpHeaders)
2019-09-05 10:43:32,485 DEBUG org.springframework.web.servlet.handler.AbstractHandlerMapping [http-nio-8082-exec-6] Mapped to public br.com.clarobr.movieinfoservice.models.Movie br.com.clarobr.movieinfoservice.resources.MovieResource.getMovieInfo(java.lang.String,org.springframework.http.HttpHeaders)
2019-09-05 10:43:37,486 INFO io.jaegertracing.internal.reporters.LoggingReporter [http-nio-8082-exec-5] Span reported: 9d9aa676b6071b53:9d9aa676b6071b53:0:1 - /movies/{movieId}
2019-09-05 10:43:37,486 INFO io.jaegertracing.internal.reporters.LoggingReporter [http-nio-8082-exec-6] Span reported: 3c2958ce8eaadc71:3c2958ce8eaadc71:0:1 - /movies/{movieId}
2019-09-05 10:43:37,489 DEBUG org.springframework.web.servlet.mvc.method.annotation.AbstractMessageConverterMethodProcessor [http-nio-8082-exec-5] Using 'application/json', given [application/json, application/*+json] and supported [application/json, application/*+json, application/json, application/*+json]
2019-09-05 10:43:37,489 DEBUG org.springframework.web.servlet.mvc.method.annotation.AbstractMessageConverterMethodProcessor [http-nio-8082-exec-6] Using 'application/json', given [application/json, application/*+json] and supported [application/json, application/*+json, application/json, application/*+json]
2019-09-05 10:43:37,490 DEBUG org.springframework.core.log.LogFormatUtils [http-nio-8082-exec-6] Writing [br.com.clarobr.movieinfoservice.models.Movie@1b75f5]
2019-09-05 10:43:37,490 DEBUG org.springframework.core.log.LogFormatUtils [http-nio-8082-exec-5] Writing [br.com.clarobr.movieinfoservice.models.Movie@5b2bfafc]
2019-09-05 10:43:37,495 DEBUG org.springframework.web.servlet.FrameworkServlet [http-nio-8082-exec-6] Completed 200 OK
2019-09-05 10:43:37,496 DEBUG org.springframework.web.servlet.FrameworkServlet [http-nio-8082-exec-5] Completed 200 OK
2019-09-05 10:51:27,979 INFO br.com.clarobr.movieinfoservice.correlation.CorrelationHeaderFilter [http-nio-8082-exec-7] Found correlationId in Header : 12345678
2019-09-05 10:51:27,985 INFO br.com.clarobr.movieinfoservice.correlation.CorrelationHeaderFilter [http-nio-8082-exec-8] Found correlationId in Header : 12345678
2019-09-05 10:51:27,993 DEBUG org.springframework.core.log.LogFormatUtils [http-nio-8082-exec-8] GET "/movies/5678", parameters={}
2019-09-05 10:51:27,993 DEBUG org.springframework.core.log.LogFormatUtils [http-nio-8082-exec-7] GET "/movies/5678", parameters={}
2019-09-05 10:51:28,003 DEBUG org.springframework.web.servlet.handler.AbstractHandlerMapping [http-nio-8082-exec-7] Mapped to public br.com.clarobr.movieinfoservice.models.Movie br.com.clarobr.movieinfoservice.resources.MovieResource.getMovieInfo(java.lang.String,org.springframework.http.HttpHeaders)
2019-09-05 10:51:28,003 DEBUG org.springframework.web.servlet.handler.AbstractHandlerMapping [http-nio-8082-exec-8] Mapped to public br.com.clarobr.movieinfoservice.models.Movie br.com.clarobr.movieinfoservice.resources.MovieResource.getMovieInfo(java.lang.String,org.springframework.http.HttpHeaders)
2019-09-05 10:51:33,009 INFO io.jaegertracing.internal.reporters.LoggingReporter [http-nio-8082-exec-7] Span reported: 3ec895266a015142:3ec895266a015142:0:1 - /movies/{movieId}
2019-09-05 10:51:33,009 INFO io.jaegertracing.internal.reporters.LoggingReporter [http-nio-8082-exec-8] Span reported: b9f1b4239d37b31a:b9f1b4239d37b31a:0:1 - /movies/{movieId}
2019-09-05 10:51:33,011 DEBUG org.springframework.web.servlet.mvc.method.annotation.AbstractMessageConverterMethodProcessor [http-nio-8082-exec-8] Using 'application/json', given [application/json, application/*+json] and supported [application/json, application/*+json, application/json, application/*+json]
2019-09-05 10:51:33,011 DEBUG org.springframework.web.servlet.mvc.method.annotation.AbstractMessageConverterMethodProcessor [http-nio-8082-exec-7] Using 'application/json', given [application/json, application/*+json] and supported [application/json, application/*+json, application/json, application/*+json]
2019-09-05 10:51:33,012 DEBUG org.springframework.core.log.LogFormatUtils [http-nio-8082-exec-7] Writing [br.com.clarobr.movieinfoservice.models.Movie@4be28bf3]
2019-09-05 10:51:33,012 DEBUG org.springframework.core.log.LogFormatUtils [http-nio-8082-exec-8] Writing [br.com.clarobr.movieinfoservice.models.Movie@16fb879e]
2019-09-05 10:51:33,013 DEBUG org.springframework.web.servlet.FrameworkServlet [http-nio-8082-exec-7] Completed 200 OK
2019-09-05 10:51:33,013 DEBUG org.springframework.web.servlet.FrameworkServlet [http-nio-8082-exec-8] Completed 200 OK
2019-09-05 10:59:17,565 INFO br.com.clarobr.movieinfoservice.correlation.CorrelationHeaderFilter [http-nio-8082-exec-9] Found correlationId in Header : 12345678
2019-09-05 10:59:17,565 DEBUG org.springframework.core.log.LogFormatUtils [http-nio-8082-exec-9] GET "/movies/1234", parameters={}
2019-09-05 10:59:17,566 DEBUG org.springframework.web.servlet.handler.AbstractHandlerMapping [http-nio-8082-exec-9] Mapped to public br.com.clarobr.movieinfoservice.models.Movie br.com.clarobr.movieinfoservice.resources.MovieResource.getMovieInfo(java.lang.String,org.springframework.http.HttpHeaders)
2019-09-05 10:59:17,569 INFO br.com.clarobr.movieinfoservice.correlation.CorrelationHeaderFilter [http-nio-8082-exec-10] Found correlationId in Header : 12345678
2019-09-05 10:59:17,570 DEBUG org.springframework.core.log.LogFormatUtils [http-nio-8082-exec-10] GET "/movies/5678", parameters={}
2019-09-05 10:59:17,571 DEBUG org.springframework.web.servlet.handler.AbstractHandlerMapping [http-nio-8082-exec-10] Mapped to public br.com.clarobr.movieinfoservice.models.Movie br.com.clarobr.movieinfoservice.resources.MovieResource.getMovieInfo(java.lang.String,org.springframework.http.HttpHeaders)
2019-09-05 10:59:22,567 INFO io.jaegertracing.internal.reporters.LoggingReporter [http-nio-8082-exec-9] Span reported: 216847f2e9e98876:216847f2e9e98876:0:1 - /movies/{movieId}
2019-09-05 10:59:22,570 DEBUG org.springframework.web.servlet.mvc.method.annotation.AbstractMessageConverterMethodProcessor [http-nio-8082-exec-9] Using 'application/json', given [application/json, application/*+json] and supported [application/json, application/*+json, application/json, application/*+json]
2019-09-05 10:59:22,571 INFO io.jaegertracing.internal.reporters.LoggingReporter [http-nio-8082-exec-10] Span reported: c962aeead34721bd:c962aeead34721bd:0:1 - /movies/{movieId}
2019-09-05 10:59:22,572 DEBUG org.springframework.core.log.LogFormatUtils [http-nio-8082-exec-9] Writing [br.com.clarobr.movieinfoservice.models.Movie@85d2c80]
2019-09-05 10:59:22,573 DEBUG org.springframework.web.servlet.mvc.method.annotation.AbstractMessageConverterMethodProcessor [http-nio-8082-exec-10] Using 'application/json', given [application/json, application/*+json] and supported [application/json, application/*+json, application/json, application/*+json]
2019-09-05 10:59:22,575 DEBUG org.springframework.core.log.LogFormatUtils [http-nio-8082-exec-10] Writing [br.com.clarobr.movieinfoservice.models.Movie@35d1af10]
2019-09-05 10:59:22,577 DEBUG org.springframework.web.servlet.FrameworkServlet [http-nio-8082-exec-9] Completed 200 OK
2019-09-05 10:59:22,578 DEBUG org.springframework.web.servlet.FrameworkServlet [http-nio-8082-exec-10] Completed 200 OK
2019-09-05 11:19:06,725 INFO br.com.clarobr.movieinfoservice.correlation.CorrelationHeaderFilter [http-nio-8082-exec-2] Found correlationId in Header : 12345678
2019-09-05 11:19:06,729 INFO br.com.clarobr.movieinfoservice.correlation.CorrelationHeaderFilter [http-nio-8082-exec-3] Found correlationId in Header : 12345678
2019-09-05 11:19:06,743 DEBUG org.springframework.core.log.LogFormatUtils [http-nio-8082-exec-2] GET "/movies/5678", parameters={}
2019-09-05 11:19:06,743 DEBUG org.springframework.core.log.LogFormatUtils [http-nio-8082-exec-3] GET "/movies/5678", parameters={}
2019-09-05 11:19:06,747 DEBUG org.springframework.web.servlet.handler.AbstractHandlerMapping [http-nio-8082-exec-2] Mapped to public br.com.clarobr.movieinfoservice.models.Movie br.com.clarobr.movieinfoservice.resources.MovieResource.getMovieInfo(java.lang.String,org.springframework.http.HttpHeaders)
2019-09-05 11:19:06,747 DEBUG org.springframework.web.servlet.handler.AbstractHandlerMapping [http-nio-8082-exec-3] Mapped to public br.com.clarobr.movieinfoservice.models.Movie br.com.clarobr.movieinfoservice.resources.MovieResource.getMovieInfo(java.lang.String,org.springframework.http.HttpHeaders)
2019-09-05 11:19:11,750 INFO io.jaegertracing.internal.reporters.LoggingReporter [http-nio-8082-exec-3] Span reported: 9c427c6f3f1c2209:9c427c6f3f1c2209:0:1 - /movies/{movieId}
2019-09-05 11:19:11,750 INFO io.jaegertracing.internal.reporters.LoggingReporter [http-nio-8082-exec-2] Span reported: c3249310d78a2c5a:c3249310d78a2c5a:0:1 - /movies/{movieId}
2019-09-05 11:19:11,751 DEBUG org.springframework.web.servlet.mvc.method.annotation.AbstractMessageConverterMethodProcessor [http-nio-8082-exec-2] Using 'application/json', given [application/json, application/*+json] and supported [application/json, application/*+json, application/json, application/*+json]
2019-09-05 11:19:11,751 DEBUG org.springframework.core.log.LogFormatUtils [http-nio-8082-exec-2] Writing [br.com.clarobr.movieinfoservice.models.Movie@e71e354]
2019-09-05 11:19:11,752 DEBUG org.springframework.web.servlet.FrameworkServlet [http-nio-8082-exec-2] Completed 200 OK
2019-09-05 11:19:11,753 DEBUG org.springframework.web.servlet.mvc.method.annotation.AbstractMessageConverterMethodProcessor [http-nio-8082-exec-3] Using 'application/json', given [application/json, application/*+json] and supported [application/json, application/*+json, application/json, application/*+json]
2019-09-05 11:19:11,754 DEBUG org.springframework.core.log.LogFormatUtils [http-nio-8082-exec-3] Writing [br.com.clarobr.movieinfoservice.models.Movie@7cbc0c86]
2019-09-05 11:19:11,755 DEBUG org.springframework.web.servlet.FrameworkServlet [http-nio-8082-exec-3] Completed 200 OK
2019-09-05 11:27:12,083 INFO org.springframework.boot.admin.SpringApplicationAdminMXBeanRegistrar$SpringApplicationAdmin [RMI TCP Connection(9)-127.0.0.1] Application shutdown requested.
2019-09-05 11:27:12,276 INFO org.springframework.scheduling.concurrent.ExecutorConfigurationSupport [RMI TCP Connection(9)-127.0.0.1] Shutting down ExecutorService 'applicationTaskExecutor'
2019-09-05 11:32:09,102 INFO org.springframework.boot.StartupInfoLogger [main] Starting MovieInfoServiceApplication on localhost.localdomain with PID 13431 (/home/dhiego/Drive/Developer/Microservices/Claro_Poc/Movel/Integracao/POC/movie-info-service-dev/movie-info-service/target/classes started by dhiego in /home/dhiego/Drive/Developer/Microservices/Claro_Poc/Movel/Integracao/POC/movie-info-service-dev/movie-info-service)
2019-09-05 11:32:09,129 INFO org.springframework.boot.SpringApplication [main] No active profile set, falling back to default profiles: default
2019-09-05 11:32:10,676 INFO org.springframework.boot.web.embedded.tomcat.TomcatWebServer [main] Tomcat initialized with port(s): 8082 (http)
2019-09-05 11:32:10,692 INFO org.apache.juli.logging.DirectJDKLog [main] Initializing ProtocolHandler ["http-nio-8082"]
2019-09-05 11:32:10,702 INFO org.apache.juli.logging.DirectJDKLog [main] Starting service [Tomcat]
2019-09-05 11:32:10,702 INFO org.apache.juli.logging.DirectJDKLog [main] Starting Servlet engine: [Apache Tomcat/9.0.21]
2019-09-05 11:32:10,749 INFO org.apache.juli.logging.DirectJDKLog [main] Initializing Spring embedded WebApplicationContext
2019-09-05 11:32:10,750 DEBUG org.springframework.boot.web.servlet.context.ServletWebServerApplicationContext [main] Published root WebApplicationContext as ServletContext attribute with name [org.springframework.web.context.WebApplicationContext.ROOT]
2019-09-05 11:32:10,750 INFO org.springframework.boot.web.servlet.context.ServletWebServerApplicationContext [main] Root WebApplicationContext: initialization completed in 1461 ms
2019-09-05 11:32:11,682 INFO io.jaegertracing.Configuration [main] Initialized tracer=JaegerTracer(version=Java-0.34.0, serviceName=movie-info-service, reporter=CompositeReporter(reporters=[RemoteReporter(sender=UdpSender(), closeEnqueueTimeout=1000), LoggingReporter(logger=Logger[io.jaegertracing.internal.reporters.LoggingReporter])]), sampler=ConstSampler(decision=true, tags={sampler.type=const, sampler.param=true}), tags={hostname=localhost.localdomain, jaeger.version=Java-0.34.0, ip=127.0.0.1}, zipkinSharedRpcSpan=false, expandExceptionLogs=false, useTraceId128Bit=false)
2019-09-05 11:32:11,714 DEBUG org.springframework.web.servlet.handler.SimpleUrlHandlerMapping [main] Patterns [/**/favicon.ico] in 'faviconHandlerMapping'
2019-09-05 11:32:11,843 INFO org.springframework.scheduling.concurrent.ExecutorConfigurationSupport [main] Initializing ExecutorService 'applicationTaskExecutor'
2019-09-05 11:32:11,852 DEBUG org.springframework.web.servlet.mvc.method.annotation.RequestMappingHandlerAdapter [main] ControllerAdvice beans: 0 @ModelAttribute, 0 @InitBinder, 1 RequestBodyAdvice, 1 ResponseBodyAdvice
2019-09-05 11:32:11,944 DEBUG org.springframework.web.servlet.handler.AbstractHandlerMethodMapping [main] 3 mappings in 'requestMappingHandlerMapping'
2019-09-05 11:32:11,952 DEBUG org.springframework.web.servlet.handler.SimpleUrlHandlerMapping [main] Patterns [/webjars/**, /**] in 'resourceHandlerMapping'
2019-09-05 11:32:11,960 DEBUG org.springframework.web.servlet.mvc.method.annotation.ExceptionHandlerExceptionResolver [main] ControllerAdvice beans: 0 @ExceptionHandler, 1 ResponseBodyAdvice
2019-09-05 11:32:12,397 INFO org.springframework.boot.actuate.endpoint.web.EndpointLinksResolver [main] Exposing 2 endpoint(s) beneath base path '/actuator'
2019-09-05 11:32:12,443 INFO org.apache.juli.logging.DirectJDKLog [RMI TCP Connection(4)-127.0.0.1] Initializing Spring DispatcherServlet 'dispatcherServlet'
2019-09-05 11:32:12,444 INFO org.springframework.web.servlet.FrameworkServlet [RMI TCP Connection(4)-127.0.0.1] Initializing Servlet 'dispatcherServlet'
2019-09-05 11:32:12,444 DEBUG org.springframework.web.servlet.DispatcherServlet [RMI TCP Connection(4)-127.0.0.1] Detected StandardServletMultipartResolver
2019-09-05 11:32:12,450 DEBUG org.springframework.web.servlet.FrameworkServlet [RMI TCP Connection(4)-127.0.0.1] enableLoggingRequestDetails='false': request parameters and headers will be masked to prevent unsafe logging of potentially sensitive data
2019-09-05 11:32:12,451 INFO org.springframework.web.servlet.FrameworkServlet [RMI TCP Connection(4)-127.0.0.1] Completed initialization in 7 ms
2019-09-05 11:32:12,457 INFO org.apache.juli.logging.DirectJDKLog [main] Starting ProtocolHandler ["http-nio-8082"]
2019-09-05 11:32:12,546 INFO org.springframework.boot.web.embedded.tomcat.TomcatWebServer [main] Tomcat started on port(s): 8082 (http) with context path ''
2019-09-05 11:32:12,549 INFO org.springframework.boot.StartupInfoLogger [main] Started MovieInfoServiceApplication in 5.03 seconds (JVM running for 8.075)
2019-09-05 11:32:53,738 INFO br.com.clarobr.movieinfoservice.correlation.CorrelationHeaderFilter [http-nio-8082-exec-1] Found correlationId in Header : 12345678
2019-09-05 11:32:53,738 INFO br.com.clarobr.movieinfoservice.correlation.CorrelationHeaderFilter [http-nio-8082-exec-2] Found correlationId in Header : 12345678
2019-09-05 11:32:53,741 DEBUG org.springframework.core.log.LogFormatUtils [http-nio-8082-exec-1] GET "/movies/5678", parameters={}
2019-09-05 11:32:53,741 DEBUG org.springframework.core.log.LogFormatUtils [http-nio-8082-exec-2] GET "/movies/1234", parameters={}
2019-09-05 11:32:53,750 DEBUG org.springframework.web.servlet.handler.AbstractHandlerMapping [http-nio-8082-exec-2] Mapped to public br.com.clarobr.movieinfoservice.models.Movie br.com.clarobr.movieinfoservice.resources.MovieResource.getMovieInfo(java.lang.String,org.springframework.http.HttpHeaders)
2019-09-05 11:32:53,752 DEBUG org.springframework.web.servlet.handler.AbstractHandlerMapping [http-nio-8082-exec-1] Mapped to public br.com.clarobr.movieinfoservice.models.Movie br.com.clarobr.movieinfoservice.resources.MovieResource.getMovieInfo(java.lang.String,org.springframework.http.HttpHeaders)
2019-09-05 11:32:58,777 INFO io.jaegertracing.internal.reporters.LoggingReporter [http-nio-8082-exec-2] Span reported: fba492c1a9fe7afe:fba492c1a9fe7afe:0:1 - /movies/{movieId}
2019-09-05 11:32:58,777 INFO io.jaegertracing.internal.reporters.LoggingReporter [http-nio-8082-exec-1] Span reported: e8b97274a1e1e827:e8b97274a1e1e827:0:1 - /movies/{movieId}
2019-09-05 11:32:58,784 DEBUG org.springframework.web.servlet.mvc.method.annotation.AbstractMessageConverterMethodProcessor [http-nio-8082-exec-1] Using 'application/json', given [application/json, application/*+json] and supported [application/json, application/*+json, application/json, application/*+json]
2019-09-05 11:32:58,784 DEBUG org.springframework.web.servlet.mvc.method.annotation.AbstractMessageConverterMethodProcessor [http-nio-8082-exec-2] Using 'application/json', given [application/json, application/*+json] and supported [application/json, application/*+json, application/json, application/*+json]
2019-09-05 11:32:58,786 DEBUG org.springframework.core.log.LogFormatUtils [http-nio-8082-exec-2] Writing [br.com.clarobr.movieinfoservice.models.Movie@4ade8e1c]
2019-09-05 11:32:58,787 DEBUG org.springframework.core.log.LogFormatUtils [http-nio-8082-exec-1] Writing [br.com.clarobr.movieinfoservice.models.Movie@7083dd48]
2019-09-05 11:32:58,797 DEBUG org.springframework.web.servlet.FrameworkServlet [http-nio-8082-exec-1] Completed 200 OK
2019-09-05 11:32:58,797 DEBUG org.springframework.web.servlet.FrameworkServlet [http-nio-8082-exec-2] Completed 200 OK
2019-09-05 11:44:13,600 INFO org.springframework.boot.admin.SpringApplicationAdminMXBeanRegistrar$SpringApplicationAdmin [RMI TCP Connection(24)-127.0.0.1] Application shutdown requested.
2019-09-05 11:44:13,611 INFO org.springframework.scheduling.concurrent.ExecutorConfigurationSupport [RMI TCP Connection(24)-127.0.0.1] Shutting down ExecutorService 'applicationTaskExecutor'
2019-09-05 11:46:34,550 INFO org.springframework.boot.StartupInfoLogger [main] Starting MovieInfoServiceApplicationTests on localhost.localdomain with PID 15600 (started by dhiego in /home/dhiego/Drive/Developer/Microservices/Claro_Poc/Movel/Integracao/POC/movie-info-service-dev/movie-info-service)
2019-09-05 11:46:34,553 INFO org.springframework.boot.SpringApplication [main] No active profile set, falling back to default profiles: default
2019-09-05 11:46:34,624 DEBUG org.springframework.context.support.AbstractApplicationContext [main] Refreshing org.springframework.web.context.support.GenericWebApplicationContext@7ce026d3
2019-09-05 11:46:35,847 INFO io.jaegertracing.Configuration [main] Initialized tracer=JaegerTracer(version=Java-0.34.0, serviceName=movie-info-service, reporter=CompositeReporter(reporters=[RemoteReporter(sender=UdpSender(), closeEnqueueTimeout=1000), LoggingReporter(logger=Logger[io.jaegertracing.internal.reporters.LoggingReporter])]), sampler=ConstSampler(decision=true, tags={sampler.type=const, sampler.param=true}), tags={hostname=localhost.localdomain, jaeger.version=Java-0.34.0, ip=127.0.0.1}, zipkinSharedRpcSpan=false, expandExceptionLogs=false, useTraceId128Bit=false)
2019-09-05 11:46:36,246 DEBUG org.springframework.web.servlet.handler.SimpleUrlHandlerMapping [main] Patterns [/**/favicon.ico] in 'faviconHandlerMapping'
2019-09-05 11:46:36,645 INFO org.springframework.scheduling.concurrent.ExecutorConfigurationSupport [main] Initializing ExecutorService 'applicationTaskExecutor'
2019-09-05 11:46:36,662 DEBUG org.springframework.web.servlet.mvc.method.annotation.RequestMappingHandlerAdapter [main] ControllerAdvice beans: 0 @ModelAttribute, 0 @InitBinder, 1 RequestBodyAdvice, 1 ResponseBodyAdvice
2019-09-05 11:46:36,747 DEBUG org.springframework.web.servlet.handler.AbstractHandlerMethodMapping [main] 3 mappings in 'requestMappingHandlerMapping'
2019-09-05 11:46:36,774 DEBUG org.springframework.web.servlet.handler.SimpleUrlHandlerMapping [main] Patterns [/webjars/**, /**] in 'resourceHandlerMapping'
2019-09-05 11:46:36,789 DEBUG org.springframework.web.servlet.mvc.method.annotation.ExceptionHandlerExceptionResolver [main] ControllerAdvice beans: 0 @ExceptionHandler, 1 ResponseBodyAdvice
2019-09-05 11:46:37,416 INFO org.springframework.boot.actuate.endpoint.web.EndpointLinksResolver [main] Exposing 2 endpoint(s) beneath base path '/actuator'
2019-09-05 11:46:37,485 INFO org.springframework.boot.StartupInfoLogger [main] Started MovieInfoServiceApplicationTests in 3.272 seconds (JVM running for 4.086)
2019-09-05 11:46:37,750 DEBUG org.springframework.context.support.AbstractApplicationContext [Thread-4] Closing org.springframework.web.context.support.GenericWebApplicationContext@7ce026d3, started on Thu Sep 05 11:46:34 BRT 2019
2019-09-05 11:46:37,755 INFO org.springframework.scheduling.concurrent.ExecutorConfigurationSupport [Thread-4] Shutting down ExecutorService 'applicationTaskExecutor'
