2019-10-23 15:38:07,843 INFO org.springframework.boot.StartupInfoLogger [main] Starting MovieInfoServiceApplicationTests on localhost.localdomain with PID 20272 (started by dhiego in /home/dhiego/Drive/Developer/Claro/Microservices/Claro_Poc/Movel/Integracao/POC/movie-info-service-dev/movie-info-service)
2019-10-23 15:38:07,846 INFO org.springframework.boot.SpringApplication [main] No active profile set, falling back to default profiles: default
2019-10-23 15:38:07,934 DEBUG org.springframework.context.support.AbstractApplicationContext [main] Refreshing org.springframework.web.context.support.GenericWebApplicationContext@7ce026d3
2019-10-23 15:38:10,164 DEBUG org.springframework.web.servlet.handler.SimpleUrlHandlerMapping [main] Patterns [/**/favicon.ico] in 'faviconHandlerMapping'
2019-10-23 15:38:10,473 INFO org.springframework.scheduling.concurrent.ExecutorConfigurationSupport [main] Initializing ExecutorService 'applicationTaskExecutor'
2019-10-23 15:38:10,486 DEBUG org.springframework.web.servlet.mvc.method.annotation.RequestMappingHandlerAdapter [main] ControllerAdvice beans: 0 @ModelAttribute, 0 @InitBinder, 1 RequestBodyAdvice, 1 ResponseBodyAdvice
2019-10-23 15:38:10,649 DEBUG org.springframework.web.servlet.handler.AbstractHandlerMethodMapping [main] 3 mappings in 'requestMappingHandlerMapping'
2019-10-23 15:38:10,674 DEBUG org.springframework.web.servlet.handler.SimpleUrlHandlerMapping [main] Patterns [/webjars/**, /**] in 'resourceHandlerMapping'
2019-10-23 15:38:10,689 DEBUG org.springframework.web.servlet.mvc.method.annotation.ExceptionHandlerExceptionResolver [main] ControllerAdvice beans: 0 @ExceptionHandler, 1 ResponseBodyAdvice
2019-10-23 15:38:11,336 INFO org.springframework.boot.actuate.endpoint.web.EndpointLinksResolver [main] Exposing 2 endpoint(s) beneath base path '/actuator'
2019-10-23 15:38:11,393 INFO org.springframework.boot.StartupInfoLogger [main] Started MovieInfoServiceApplicationTests in 4.117 seconds (JVM running for 5.439)
2019-10-23 15:38:11,635 DEBUG org.springframework.context.support.AbstractApplicationContext [Thread-2] Closing org.springframework.web.context.support.GenericWebApplicationContext@7ce026d3, started on Wed Oct 23 15:38:07 BRT 2019
2019-10-23 15:38:11,638 INFO org.springframework.scheduling.concurrent.ExecutorConfigurationSupport [Thread-2] Shutting down ExecutorService 'applicationTaskExecutor'
2019-10-23 15:39:58,874 INFO org.springframework.boot.StartupInfoLogger [main] Starting MovieInfoServiceApplicationTests on localhost.localdomain with PID 20603 (started by dhiego in /home/dhiego/Drive/Developer/Claro/Microservices/Claro_Poc/Movel/Integracao/POC/movie-info-service-dev/movie-info-service)
2019-10-23 15:39:58,876 INFO org.springframework.boot.SpringApplication [main] No active profile set, falling back to default profiles: default
2019-10-23 15:39:58,938 DEBUG org.springframework.context.support.AbstractApplicationContext [main] Refreshing org.springframework.web.context.support.GenericWebApplicationContext@1caa0244
2019-10-23 15:40:00,293 DEBUG org.springframework.web.servlet.handler.SimpleUrlHandlerMapping [main] Patterns [/**/favicon.ico] in 'faviconHandlerMapping'
2019-10-23 15:40:00,602 INFO org.springframework.scheduling.concurrent.ExecutorConfigurationSupport [main] Initializing ExecutorService 'applicationTaskExecutor'
2019-10-23 15:40:00,620 DEBUG org.springframework.web.servlet.mvc.method.annotation.RequestMappingHandlerAdapter [main] ControllerAdvice beans: 0 @ModelAttribute, 0 @InitBinder, 1 RequestBodyAdvice, 1 ResponseBodyAdvice
2019-10-23 15:40:00,759 DEBUG org.springframework.web.servlet.handler.AbstractHandlerMethodMapping [main] 3 mappings in 'requestMappingHandlerMapping'
2019-10-23 15:40:00,784 DEBUG org.springframework.web.servlet.handler.SimpleUrlHandlerMapping [main] Patterns [/webjars/**, /**] in 'resourceHandlerMapping'
2019-10-23 15:40:00,800 DEBUG org.springframework.web.servlet.mvc.method.annotation.ExceptionHandlerExceptionResolver [main] ControllerAdvice beans: 0 @ExceptionHandler, 1 ResponseBodyAdvice
2019-10-23 15:40:01,404 INFO org.springframework.boot.actuate.endpoint.web.EndpointLinksResolver [main] Exposing 2 endpoint(s) beneath base path '/actuator'
2019-10-23 15:40:01,465 INFO org.springframework.boot.StartupInfoLogger [main] Started MovieInfoServiceApplicationTests in 2.892 seconds (JVM running for 3.503)
2019-10-23 15:40:01,628 DEBUG org.springframework.context.support.AbstractApplicationContext [Thread-2] Closing org.springframework.web.context.support.GenericWebApplicationContext@1caa0244, started on Wed Oct 23 15:39:58 BRT 2019
2019-10-23 15:40:01,631 INFO org.springframework.scheduling.concurrent.ExecutorConfigurationSupport [Thread-2] Shutting down ExecutorService 'applicationTaskExecutor'
2019-10-23 15:52:18,097 INFO org.springframework.boot.StartupInfoLogger [main] Starting MovieInfoServiceApplicationTests on localhost.localdomain with PID 22165 (started by dhiego in /home/dhiego/Drive/Developer/Claro/Microservices/Claro_Poc/Movel/Integracao/POC/movie-info-service-dev/movie-info-service)
2019-10-23 15:52:18,100 INFO org.springframework.boot.SpringApplication [main] No active profile set, falling back to default profiles: default
2019-10-23 15:52:18,177 DEBUG org.springframework.context.support.AbstractApplicationContext [main] Refreshing org.springframework.web.context.support.GenericWebApplicationContext@7ce026d3
2019-10-23 15:52:19,887 DEBUG org.springframework.web.servlet.handler.SimpleUrlHandlerMapping [main] Patterns [/**/favicon.ico] in 'faviconHandlerMapping'
2019-10-23 15:52:20,273 INFO org.springframework.scheduling.concurrent.ExecutorConfigurationSupport [main] Initializing ExecutorService 'applicationTaskExecutor'
2019-10-23 15:52:20,290 DEBUG org.springframework.web.servlet.mvc.method.annotation.RequestMappingHandlerAdapter [main] ControllerAdvice beans: 0 @ModelAttribute, 0 @InitBinder, 1 RequestBodyAdvice, 1 ResponseBodyAdvice
2019-10-23 15:52:20,426 DEBUG org.springframework.web.servlet.handler.AbstractHandlerMethodMapping [main] 3 mappings in 'requestMappingHandlerMapping'
2019-10-23 15:52:20,450 DEBUG org.springframework.web.servlet.handler.SimpleUrlHandlerMapping [main] Patterns [/webjars/**, /**] in 'resourceHandlerMapping'
2019-10-23 15:52:20,465 DEBUG org.springframework.web.servlet.mvc.method.annotation.ExceptionHandlerExceptionResolver [main] ControllerAdvice beans: 0 @ExceptionHandler, 1 ResponseBodyAdvice
2019-10-23 15:52:21,052 INFO org.springframework.boot.actuate.endpoint.web.EndpointLinksResolver [main] Exposing 2 endpoint(s) beneath base path '/actuator'
2019-10-23 15:52:21,114 INFO org.springframework.boot.StartupInfoLogger [main] Started MovieInfoServiceApplicationTests in 3.304 seconds (JVM running for 3.936)
2019-10-23 15:52:21,279 DEBUG org.springframework.context.support.AbstractApplicationContext [Thread-2] Closing org.springframework.web.context.support.GenericWebApplicationContext@7ce026d3, started on Wed Oct 23 15:52:18 BRT 2019
2019-10-23 15:52:21,284 INFO org.springframework.scheduling.concurrent.ExecutorConfigurationSupport [Thread-2] Shutting down ExecutorService 'applicationTaskExecutor'
